2023-03-18 15:19:48,298: INFO - thread summary:
2023-03-18 15:19:48,307: INFO - thread #0  - x264      , 78788 commands, cpi 58.487:
0: alu - 28271 cmds (35.882367873280195%)
1: alu_st_ld - 18754 cmds (23.803117225973498%)
2: fp_st_ld - 9124 cmds (11.580443722394273%)
3: misc_st_ld - 8010 cmds (10.166522820734121%)
4: misc - 7394 cmds (9.384677869726355%)
5: br - 3926 cmds (4.982992333857948%)
6: fp - 3012 cmds (3.822917195512007%)
7: st_ld - 296 cmds (0.37569172970503123%)
8: br_st_ld - 1 cmds (0.0012692288165710515%)

2023-03-18 15:19:48,320: INFO - 58.48695232776565
2023-03-18 15:19:48,320: INFO - thread #1  - x264      , 78788 commands, cpi 58.774:
0: alu - 28328 cmds (35.95471391582475%)
1: alu_st_ld - 18745 cmds (23.79169416662436%)
2: fp_st_ld - 9136 cmds (11.595674468193126%)
3: misc_st_ld - 8004 cmds (10.158907447834695%)
4: misc - 7354 cmds (9.333908717063512%)
5: br - 3929 cmds (4.986800020307661%)
6: fp - 2992 cmds (3.797532619180586%)
7: st_ld - 299 cmds (0.37949941615474436%)
8: br_st_ld - 1 cmds (0.0012692288165710515%)

2023-03-18 15:19:48,836: INFO - 58.77354419454739
2023-03-18 15:19:48,836: INFO - thread #2  - x264      , 78788 commands, cpi 58.378:
0: alu - 28414 cmds (36.06386759404985%)
1: alu_st_ld - 18774 cmds (23.82850180230492%)
2: fp_st_ld - 9163 cmds (11.629943646240545%)
3: misc_st_ld - 7955 cmds (10.096715235822714%)
4: misc - 7275 cmds (9.233639640554399%)
5: br - 3935 cmds (4.994415393207087%)
6: fp - 2976 cmds (3.777224958115449%)
7: st_ld - 295 cmds (0.3744225008884602%)
8: br_st_ld - 1 cmds (0.0012692288165710515%)

2023-03-18 15:19:48,848: INFO - 58.37774788038788
2023-03-18 15:19:48,848: INFO - thread #3  - x264      , 78788 commands, cpi 58.46:
0: alu - 28328 cmds (35.95471391582475%)
1: alu_st_ld - 18761 cmds (23.812001827689496%)
2: fp_st_ld - 9136 cmds (11.595674468193126%)
3: misc_st_ld - 7836 cmds (9.94567700665076%)
4: misc - 7344 cmds (9.321216428897802%)
5: br - 3930 cmds (4.988069249124232%)
6: fp - 2999 cmds (3.8064172208965834%)
7: st_ld - 453 cmds (0.5749606539066863%)
8: br_st_ld - 1 cmds (0.0012692288165710515%)

2023-03-18 15:19:48,861: INFO - 58.46032390719399
2023-03-18 15:19:48,861: INFO - thread #4  - x264      , 78788 commands, cpi 58.58:
0: alu - 28330 cmds (35.957252373457884%)
1: alu_st_ld - 18798 cmds (23.858963293902626%)
2: fp_st_ld - 9072 cmds (11.514443823932579%)
3: misc_st_ld - 8194 cmds (10.400060922983196%)
4: misc - 7356 cmds (9.336447174696655%)
5: br - 3933 cmds (4.991876935573945%)
6: fp - 2980 cmds (3.782301873381733%)
7: st_ld - 124 cmds (0.1573843732548104%)
8: br_st_ld - 1 cmds (0.0012692288165710515%)

2023-03-18 15:19:48,874: INFO - 58.579707569680664
2023-03-18 15:19:48,874: INFO - thread #5  - x264      , 78788 commands, cpi 58.689:
0: alu - 28297 cmds (35.915367822511044%)
1: alu_st_ld - 18758 cmds (23.80819414123978%)
2: fp_st_ld - 9154 cmds (11.618520586891405%)
3: misc_st_ld - 7810 cmds (9.912677057419911%)
4: misc - 7427 cmds (9.426562420673198%)
5: br - 3921 cmds (4.976646189775092%)
6: fp - 2960 cmds (3.7569172970503124%)
7: st_ld - 460 cmds (0.5838452556226836%)
8: br_st_ld - 1 cmds (0.0012692288165710515%)

2023-03-18 15:19:48,956: INFO - 58.68931817027974
2023-03-18 15:19:48,956: INFO - thread #6  - x264      , 78788 commands, cpi 58.539:
0: alu - 28299 cmds (35.91790628014419%)
1: alu_st_ld - 18836 cmds (23.907193988932324%)
2: fp_st_ld - 8973 cmds (11.388790171092044%)
3: misc_st_ld - 7919 cmds (10.051022998426156%)
4: misc - 7357 cmds (9.337716403513225%)
5: br - 3932 cmds (4.990607706757374%)
6: fp - 3008 cmds (3.8178402802457225%)
7: st_ld - 463 cmds (0.5876529420723968%)
8: br_st_ld - 1 cmds (0.0012692288165710515%)

2023-03-18 15:19:48,969: INFO - 58.53916840127938
2023-03-18 15:19:48,969: INFO - thread #7  - x264      , 78788 commands, cpi 58.755:
0: alu - 28346 cmds (35.97756003452302%)
1: alu_st_ld - 18756 cmds (23.80565568360664%)
2: fp_st_ld - 9083 cmds (11.52840534091486%)
3: misc_st_ld - 7891 cmds (10.015484591562167%)
4: misc - 7342 cmds (9.318677971264659%)
5: br - 3920 cmds (4.975376960958521%)
6: fp - 2998 cmds (3.805147992080012%)
7: st_ld - 451 cmds (0.5724221962735442%)
8: br_st_ld - 1 cmds (0.0012692288165710515%)

2023-03-18 15:19:49,035: INFO - 58.75516576128344
2023-03-18 15:19:49,035: INFO - thread #8  - x264      , 78788 commands, cpi 58.288:
0: alu - 28376 cmds (36.01563689902016%)
1: alu_st_ld - 18770 cmds (23.823424887038634%)
2: fp_st_ld - 9006 cmds (11.430674722038889%)
3: misc_st_ld - 8275 cmds (10.50286845712545%)
4: misc - 7297 cmds (9.261562674518963%)
5: br - 3937 cmds (4.99695385084023%)
6: fp - 2993 cmds (3.798801847997157%)
7: st_ld - 133 cmds (0.16880743260394984%)
8: br_st_ld - 1 cmds (0.0012692288165710515%)

2023-03-18 15:19:49,049: INFO - 58.287899172462815
2023-03-18 15:19:49,049: INFO - thread #9  - x264      , 78788 commands, cpi 58.129:
0: alu - 28319 cmds (35.943290856475606%)
1: alu_st_ld - 18690 cmds (23.72188658171295%)
2: fp_st_ld - 9024 cmds (11.453520840737168%)
3: misc_st_ld - 8178 cmds (10.379753261918058%)
4: misc - 7379 cmds (9.365639437477789%)
5: br - 3937 cmds (4.99695385084023%)
6: fp - 2968 cmds (3.7670711275828808%)
7: st_ld - 292 cmds (0.370614814438747%)
8: br_st_ld - 1 cmds (0.0012692288165710515%)

2023-03-18 15:19:49,062: INFO - 58.129499416154744
2023-03-18 15:19:49,062: INFO - thread #10 - x264      , 78788 commands, cpi 58.269:
0: alu - 28345 cmds (35.976290805706455%)
1: alu_st_ld - 18712 cmds (23.749809615677513%)
2: fp_st_ld - 8900 cmds (11.296136467482357%)
3: misc_st_ld - 8273 cmds (10.500329999492308%)
4: misc - 7349 cmds (9.327562572980657%)
5: br - 3932 cmds (4.990607706757374%)
6: fp - 2979 cmds (3.7810326445651623%)
7: st_ld - 297 cmds (0.3769609585216023%)
8: br_st_ld - 1 cmds (0.0012692288165710515%)

2023-03-18 15:19:49,075: INFO - 58.26855612529827
2023-03-18 15:19:49,075: INFO - thread #11 - x264      , 78788 commands, cpi 58.641:
0: alu - 28295 cmds (35.9128293648779%)
1: alu_st_ld - 18728 cmds (23.770117276742653%)
2: fp_st_ld - 9099 cmds (11.548713001979998%)
3: misc_st_ld - 8058 cmds (10.227445803929532%)
4: misc - 7401 cmds (9.393562471442351%)
5: br - 3932 cmds (4.990607706757374%)
6: fp - 2972 cmds (3.7721480428491647%)
7: st_ld - 302 cmds (0.38330710260445755%)
8: br_st_ld - 1 cmds (0.0012692288165710515%)

2023-03-18 15:19:49,150: INFO - 58.64087170635122
2023-03-18 15:19:49,150: INFO - thread #12 - x264      , 78788 commands, cpi 58.534:
0: alu - 28330 cmds (35.957252373457884%)
1: alu_st_ld - 18761 cmds (23.812001827689496%)
2: fp_st_ld - 9062 cmds (11.501751535766868%)
3: misc_st_ld - 7895 cmds (10.02056150682845%)
4: misc - 7343 cmds (9.31994720008123%)
5: br - 3928 cmds (4.98553079149109%)
6: fp - 2997 cmds (3.803878763263441%)
7: st_ld - 471 cmds (0.5978067726049652%)
8: br_st_ld - 1 cmds (0.0012692288165710515%)

2023-03-18 15:19:49,163: INFO - 58.53411687058943
2023-03-18 15:19:49,163: INFO - thread #13 - x264      , 78788 commands, cpi 58.285:
0: alu - 28265 cmds (35.874752500380765%)
1: alu_st_ld - 18752 cmds (23.800578768340355%)
2: fp_st_ld - 9080 cmds (11.524597654465147%)
3: misc_st_ld - 8051 cmds (10.218561202213536%)
4: misc - 7424 cmds (9.422754734223485%)
5: br - 3936 cmds (4.995684622023658%)
6: fp - 2979 cmds (3.7810326445651623%)
7: st_ld - 300 cmds (0.3807686449713154%)
8: br_st_ld - 1 cmds (0.0012692288165710515%)

2023-03-18 15:19:49,176: INFO - 58.285348022541505
2023-03-18 15:19:49,176: INFO - thread #14 - x264      , 78788 commands, cpi 58.602:
0: alu - 28280 cmds (35.89379093262934%)
1: alu_st_ld - 18771 cmds (23.824694115855205%)
2: fp_st_ld - 9012 cmds (11.438290094938315%)
3: misc_st_ld - 7940 cmds (10.077676803574148%)
4: misc - 7402 cmds (9.394831700258923%)
5: br - 3936 cmds (4.995684622023658%)
6: fp - 2984 cmds (3.7873787886480175%)
7: st_ld - 462 cmds (0.5863837132558257%)
8: br_st_ld - 1 cmds (0.0012692288165710515%)

2023-03-18 15:19:49,190: INFO - 58.602249073462964
2023-03-18 15:19:49,190: INFO - thread #15 - x264      , 78788 commands, cpi 58.016:
0: alu - 28350 cmds (35.98263694978931%)
1: alu_st_ld - 18717 cmds (23.756155759760368%)
2: fp_st_ld - 9147 cmds (11.609635985175407%)
3: misc_st_ld - 7859 cmds (9.974869269431894%)
4: misc - 7299 cmds (9.264101132152105%)
5: br - 3935 cmds (4.994415393207087%)
6: fp - 3021 cmds (3.8343402548611465%)
7: st_ld - 459 cmds (0.5825760268061126%)
8: br_st_ld - 1 cmds (0.0012692288165710515%)

2023-03-18 15:19:49,203: INFO - 58.01596689851247
2023-03-18 15:19:49,203: INFO - thread #16 - x264      , 78788 commands, cpi 58.246:
0: alu - 28288 cmds (35.9039447631619%)
1: alu_st_ld - 18761 cmds (23.812001827689496%)
2: fp_st_ld - 9076 cmds (11.519520739198862%)
3: misc_st_ld - 8044 cmds (10.209676600497538%)
4: misc - 7361 cmds (9.34279331877951%)
5: br - 3929 cmds (4.986800020307661%)
6: fp - 3024 cmds (3.8381479413108597%)
7: st_ld - 304 cmds (0.38584556023759964%)
8: br_st_ld - 1 cmds (0.0012692288165710515%)

2023-03-18 15:19:49,216: INFO - 58.245557699142005
2023-03-18 15:19:49,216: INFO - thread #17 - x264      , 78788 commands, cpi 58.549:
0: alu - 28273 cmds (35.88490633091334%)
1: alu_st_ld - 18720 cmds (23.759963446210083%)
2: fp_st_ld - 8972 cmds (11.387520942275474%)
3: misc_st_ld - 8345 cmds (10.591714474285425%)
4: misc - 7383 cmds (9.370716352744072%)
5: br - 3939 cmds (4.999492308473371%)
6: fp - 3005 cmds (3.8140325937960093%)
7: st_ld - 150 cmds (0.1903843224856577%)
8: br_st_ld - 1 cmds (0.0012692288165710515%)

2023-03-18 15:19:49,229: INFO - 58.548725694268164
2023-03-18 15:19:49,229: INFO - thread #18 - x264      , 78788 commands, cpi 58.671:
0: alu - 28328 cmds (35.95471391582475%)
1: alu_st_ld - 18741 cmds (23.786617251358074%)
2: fp_st_ld - 9034 cmds (11.46621312890288%)
3: misc_st_ld - 7954 cmds (10.095446007006142%)
4: misc - 7341 cmds (9.31740874244809%)
5: br - 3932 cmds (4.990607706757374%)
6: fp - 2997 cmds (3.803878763263441%)
7: st_ld - 460 cmds (0.5838452556226836%)
8: br_st_ld - 1 cmds (0.0012692288165710515%)

2023-03-18 15:19:49,284: INFO - 58.67139665938976
2023-03-18 15:19:49,285: INFO - thread #19 - x264      , 78788 commands, cpi 58.731:
0: alu - 28240 cmds (35.84302177996649%)
1: alu_st_ld - 18763 cmds (23.81454028532264%)
2: fp_st_ld - 9019 cmds (11.447174696654313%)
3: misc_st_ld - 8111 cmds (10.294714931207798%)
4: misc - 7419 cmds (9.41640859014063%)
5: br - 3935 cmds (4.994415393207087%)
6: fp - 3004 cmds (3.8127633649794386%)
7: st_ld - 296 cmds (0.37569172970503123%)
8: br_st_ld - 1 cmds (0.0012692288165710515%)

2023-03-18 15:19:49,330: INFO - 58.73091079859877
2023-03-18 15:19:49,331: INFO - thread #20 - x264      , 78788 commands, cpi 58.413:
0: alu - 28321 cmds (35.94582931410875%)
1: alu_st_ld - 18742 cmds (23.787886480174645%)
2: fp_st_ld - 8873 cmds (11.261867289434939%)
3: misc_st_ld - 8120 cmds (10.306137990556937%)
4: misc - 7361 cmds (9.34279331877951%)
5: br - 3929 cmds (4.986800020307661%)
6: fp - 2988 cmds (3.792455703914302%)
7: st_ld - 453 cmds (0.5749606539066863%)
8: br_st_ld - 1 cmds (0.0012692288165710515%)

2023-03-18 15:19:49,344: INFO - 58.412638980555414
2023-03-18 15:19:49,344: INFO - thread #21 - x264      , 78788 commands, cpi 58.528:
0: alu - 28300 cmds (35.919175508960755%)
1: alu_st_ld - 18722 cmds (23.762501903843226%)
2: fp_st_ld - 9102 cmds (11.552520688429711%)
3: misc_st_ld - 8059 cmds (10.228715032746104%)
4: misc - 7349 cmds (9.327562572980657%)
5: br - 3933 cmds (4.991876935573945%)
6: fp - 3018 cmds (3.8305325684114333%)
7: st_ld - 304 cmds (0.38584556023759964%)
8: br_st_ld - 1 cmds (0.0012692288165710515%)

2023-03-18 15:19:49,356: INFO - 58.52836726405036
2023-03-18 15:19:49,356: INFO - thread #22 - x264      , 78788 commands, cpi 58.222:
0: alu - 28319 cmds (35.943290856475606%)
1: alu_st_ld - 18806 cmds (23.869117124435192%)
2: fp_st_ld - 9022 cmds (11.450982383104026%)
3: misc_st_ld - 8224 cmds (10.438137787480327%)
4: misc - 7347 cmds (9.325024115347516%)
5: br - 3929 cmds (4.986800020307661%)
6: fp - 3007 cmds (3.8165710514291518%)
7: st_ld - 133 cmds (0.16880743260394984%)
8: br_st_ld - 1 cmds (0.0012692288165710515%)

2023-03-18 15:19:49,369: INFO - 58.22233081179875
2023-03-18 15:19:49,369: INFO - thread #23 - x264      , 78788 commands, cpi 58.408:
0: alu - 28346 cmds (35.97756003452302%)
1: alu_st_ld - 18740 cmds (23.785348022541505%)
2: fp_st_ld - 8960 cmds (11.372290196476621%)
3: misc_st_ld - 8349 cmds (10.596791389551708%)
4: misc - 7346 cmds (9.323754886530944%)
5: br - 3921 cmds (4.976646189775092%)
6: fp - 2990 cmds (3.794994161547444%)
7: st_ld - 135 cmds (0.17134589023709193%)
8: br_st_ld - 1 cmds (0.0012692288165710515%)

2023-03-18 15:19:49,382: INFO - 58.407600142153626
2023-03-18 15:19:49,382: INFO - thread #24 - x264      , 78788 commands, cpi 58.458:
0: alu - 28369 cmds (36.00675229730416%)
1: alu_st_ld - 18735 cmds (23.779001878458647%)
2: fp_st_ld - 9025 cmds (11.45479006955374%)
3: misc_st_ld - 7982 cmds (10.130984413870133%)
4: misc - 7294 cmds (9.25775498806925%)
5: br - 3930 cmds (4.988069249124232%)
6: fp - 3006 cmds (3.8153018226125806%)
7: st_ld - 446 cmds (0.5660760521906889%)
8: br_st_ld - 1 cmds (0.0012692288165710515%)

2023-03-18 15:19:49,394: INFO - 58.45763314210286
2023-03-18 15:19:49,394: INFO - execution unit summary:
2023-03-18 15:19:49,394: INFO - == st_ld Unit ======= 
Usage: 1.499%
2023-03-18 15:19:49,394: INFO - == alu Unit ========= 
Usage: 21.079%
2023-03-18 15:19:49,394: INFO - == alu Unit ========= 
Usage: 9.498%
2023-03-18 15:19:49,394: INFO - == alu_st_ld Unit === 
Usage: 42.47%
2023-03-18 15:19:49,394: INFO - == alu_st_ld Unit === 
Usage: 28.802%
2023-03-18 15:19:49,394: INFO - == fp Unit ========== 
Usage: 16.166%
2023-03-18 15:19:49,394: INFO - == fp_st_ld Unit ==== 
Usage: 54.46%
2023-03-18 15:19:49,394: INFO - == br Unit ========== 
Usage: 3.416%
2023-03-18 15:19:49,394: INFO - == br Unit ========== 
Usage: 0.829%
2023-03-18 15:19:49,394: INFO - == br_st_ld Unit ==== 
Usage: 0.002%
2023-03-18 15:19:49,394: INFO - == misc Unit ======== 
Usage: 31.779%
2023-03-18 15:19:49,394: INFO - == misc_st_ld Unit == 
Usage: 40.85%
2023-03-18 15:19:49,394: INFO - total cpi:2.3509427831649488
2023-03-18 15:19:49,394: INFO - fairness:0.9999886796140253
2023-03-18 15:19:49,394: INFO - [58.48695232776565, 58.77354419454739, 58.37774788038788, 58.46032390719399, 58.579707569680664, 58.68931817027974, 58.53916840127938, 58.75516576128344, 58.287899172462815, 58.129499416154744, 58.26855612529827, 58.64087170635122, 58.53411687058943, 58.285348022541505, 58.602249073462964, 58.01596689851247, 58.245557699142005, 58.548725694268164, 58.67139665938976, 58.73091079859877, 58.412638980555414, 58.52836726405036, 58.22233081179875, 58.407600142153626, 58.45763314210286]
2023-03-18 15:32:49,733: INFO - thread summary:
2023-03-18 15:32:49,734: INFO - thread #0  - x264      , 78788 commands, cpi 19.213:
0: alu - 26952 cmds (34.208255064222975%)
1: alu_st_ld - 19611 cmds (24.89084632177489%)
2: misc_st_ld - 8662 cmds (10.994060009138447%)
3: misc - 8530 cmds (10.826521805351069%)
4: fp_st_ld - 7608 cmds (9.65629283647256%)
5: br - 3948 cmds (5.010915367822511%)
6: fp - 3168 cmds (4.020916890897091%)
7: st_ld - 308 cmds (0.3909224755038838%)
8: br_st_ld - 1 cmds (0.0012692288165710515%)

2023-03-18 15:32:49,752: INFO - 19.213293902624766
2023-03-18 15:32:49,752: INFO - thread #1  - x264      , 78788 commands, cpi 19.388:
0: alu - 26957 cmds (34.21460120830584%)
1: alu_st_ld - 19638 cmds (24.925115499822308%)
2: misc_st_ld - 8560 cmds (10.8645986698482%)
3: misc - 8536 cmds (10.834137178250495%)
4: fp_st_ld - 7635 cmds (9.690562014519978%)
5: br - 3948 cmds (5.010915367822511%)
6: fp - 3156 cmds (4.005686145098238%)
7: st_ld - 357 cmds (0.45311468751586537%)
8: br_st_ld - 1 cmds (0.0012692288165710515%)

2023-03-18 15:32:49,770: INFO - 19.388079402954766
2023-03-18 15:32:49,770: INFO - thread #2  - x264      , 78788 commands, cpi 19.03:
0: alu - 27008 cmds (34.27933187795096%)
1: alu_st_ld - 19635 cmds (24.921307813372596%)
2: misc_st_ld - 8531 cmds (10.827791034167639%)
3: misc - 8478 cmds (10.760521906889373%)
4: fp_st_ld - 7627 cmds (9.68040818398741%)
5: br - 3948 cmds (5.010915367822511%)
6: fp - 3161 cmds (4.012032289181094%)
7: st_ld - 399 cmds (0.5064222978118496%)
8: br_st_ld - 1 cmds (0.0012692288165710515%)

2023-03-18 15:32:49,785: INFO - 19.02956033913794
2023-03-18 15:32:49,785: INFO - thread #3  - x264      , 78788 commands, cpi 19.288:
0: alu - 26961 cmds (34.219678123572116%)
1: alu_st_ld - 19638 cmds (24.925115499822308%)
2: misc_st_ld - 8600 cmds (10.915367822511042%)
3: misc - 8503 cmds (10.79225262730365%)
4: fp_st_ld - 7598 cmds (9.643600548306848%)
5: br - 3948 cmds (5.010915367822511%)
6: fp - 3185 cmds (4.042493780778798%)
7: st_ld - 354 cmds (0.4493070010661522%)
8: br_st_ld - 1 cmds (0.0012692288165710515%)

2023-03-18 15:32:49,802: INFO - 19.28789917246281
2023-03-18 15:32:49,802: INFO - thread #4  - x264      , 78788 commands, cpi 19.066:
0: alu - 27031 cmds (34.30852414073209%)
1: alu_st_ld - 19641 cmds (24.928923186272023%)
2: misc_st_ld - 8598 cmds (10.9128293648779%)
3: misc - 8431 cmds (10.700868152510534%)
4: fp_st_ld - 7594 cmds (9.638523633040565%)
5: br - 3950 cmds (5.013453825455653%)
6: fp - 3184 cmds (4.041224551962228%)
7: st_ld - 358 cmds (0.4543839163324364%)
8: br_st_ld - 1 cmds (0.0012692288165710515%)

2023-03-18 15:32:49,818: INFO - 19.065555668375893
2023-03-18 15:32:49,818: INFO - thread #5  - x264      , 78788 commands, cpi 19.128:
0: alu - 26979 cmds (34.2425242422704%)
1: alu_st_ld - 19640 cmds (24.92765395745545%)
2: misc_st_ld - 8602 cmds (10.917906280144184%)
3: misc - 8508 cmds (10.798598771386505%)
4: fp_st_ld - 7588 cmds (9.630908260141139%)
5: br - 3949 cmds (5.012184596639082%)
6: fp - 3160 cmds (4.010763060364522%)
7: st_ld - 361 cmds (0.45819160278214954%)
8: br_st_ld - 1 cmds (0.0012692288165710515%)

2023-03-18 15:32:49,835: INFO - 19.12821749505001
2023-03-18 15:32:49,835: INFO - thread #6  - x264      , 78788 commands, cpi 19.129:
0: alu - 27006 cmds (34.276793420317816%)
1: alu_st_ld - 19617 cmds (24.898461694674317%)
2: misc_st_ld - 8598 cmds (10.9128293648779%)
3: misc - 8468 cmds (10.747829618723664%)
4: fp_st_ld - 7619 cmds (9.67025435345484%)
5: br - 3950 cmds (5.013453825455653%)
6: fp - 3171 cmds (4.024724577346804%)
7: st_ld - 358 cmds (0.4543839163324364%)
8: br_st_ld - 1 cmds (0.0012692288165710515%)

2023-03-18 15:32:49,852: INFO - 19.12924557039143
2023-03-18 15:32:49,852: INFO - execution unit summary:
2023-03-18 15:32:49,852: INFO - == st_ld Unit ======= 
Usage: 1.084%
2023-03-18 15:32:49,852: INFO - == alu Unit ========= 
Usage: 13.488%
2023-03-18 15:32:49,852: INFO - == alu Unit ========= 
Usage: 11.244%
2023-03-18 15:32:49,852: INFO - == alu_st_ld Unit === 
Usage: 28.825%
2023-03-18 15:32:49,852: INFO - == alu_st_ld Unit === 
Usage: 27.083%
2023-03-18 15:32:49,852: INFO - == fp Unit ========== 
Usage: 14.523%
2023-03-18 15:32:49,852: INFO - == fp_st_ld Unit ==== 
Usage: 36.137%
2023-03-18 15:32:49,852: INFO - == br Unit ========== 
Usage: 2.854%
2023-03-18 15:32:49,853: INFO - == br Unit ========== 
Usage: 0.924%
2023-03-18 15:32:49,853: INFO - == br_st_ld Unit ==== 
Usage: 0.001%
2023-03-18 15:32:49,853: INFO - == misc Unit ======== 
Usage: 31.137%
2023-03-18 15:32:49,853: INFO - == misc_st_ld Unit == 
Usage: 32.447%
2023-03-18 15:32:49,853: INFO - total cpi:2.769729255361585
2023-03-18 15:32:49,853: INFO - fairness:0.999962561511891
2023-03-18 15:32:49,853: INFO - [19.213293902624766, 19.388079402954766, 19.02956033913794, 19.28789917246281, 19.065555668375893, 19.12821749505001, 19.12924557039143]
