2023-03-15 00:05:29,344: INFO - thread summary:
2023-03-15 00:05:29,372: INFO - thread #0  - bwave     , 21594 commands, cpi 10.784:
0: alu - 7696 cmds (35.63952949893489%)
1: alu_st_ld - 5100 cmds (23.617671575437623%)
2: br - 3067 cmds (14.20301935722886%)
3: misc_st_ld - 2269 cmds (10.507548393072149%)
4: misc - 2205 cmds (10.211169769380383%)
5: st_ld - 1251 cmds (5.793275909974993%)
6: br_st_ld - 3 cmds (0.013892747985551542%)
7: fp_st_ld - 2 cmds (0.009261831990367694%)
8: fp - 1 cmds (0.004630915995183847%)

2023-03-15 00:05:29,398: INFO - 10.783689913864963
2023-03-15 00:05:29,398: INFO - execution unit summary:
2023-03-15 00:05:29,398: INFO - == st_ld Unit ======= 
Usage: 3.409%
2023-03-15 00:05:29,398: INFO - == alu Unit ========= 
Usage: 3.404%
2023-03-15 00:05:29,398: INFO - == alu Unit ========= 
Usage: 3.206%
2023-03-15 00:05:29,398: INFO - == alu_st_ld Unit === 
Usage: 6.706%
2023-03-15 00:05:29,398: INFO - == alu_st_ld Unit === 
Usage: 6.703%
2023-03-15 00:05:29,398: INFO - == fp Unit ========== 
Usage: 0.004%
2023-03-15 00:05:29,398: INFO - == fp_st_ld Unit ==== 
Usage: 0.01%
2023-03-15 00:05:29,398: INFO - == br Unit ========== 
Usage: 1.959%
2023-03-15 00:05:29,398: INFO - == br Unit ========== 
Usage: 1.218%
2023-03-15 00:05:29,398: INFO - == br_st_ld Unit ==== 
Usage: 0.003%
2023-03-15 00:05:29,399: INFO - == misc Unit ======== 
Usage: 7.575%
2023-03-15 00:05:29,399: INFO - == misc_st_ld Unit == 
Usage: 7.903%
2023-03-15 00:05:29,399: INFO - total cpi:10.783736223024915
2023-03-15 00:05:29,399: INFO - fairness:1.0
2023-03-15 00:05:29,399: INFO - [10.783689913864963]
2023-03-15 09:11:52,959: INFO - thread summary:
2023-03-15 09:11:53,315: INFO - thread #0  - bwave     , 21594 commands, cpi 10.242:
0: alu - 7723 cmds (35.76456423080485%)
1: alu_st_ld - 5122 cmds (23.719551727331666%)
2: br - 3064 cmds (14.189126609243308%)
3: misc_st_ld - 2249 cmds (10.414930073168472%)
4: misc - 2195 cmds (10.164860609428544%)
5: st_ld - 1235 cmds (5.719181254052051%)
6: br_st_ld - 3 cmds (0.013892747985551542%)
7: fp_st_ld - 2 cmds (0.009261831990367694%)
8: fp - 1 cmds (0.004630915995183847%)

2023-03-15 09:11:53,346: INFO - 10.24154857830879
2023-03-15 09:11:53,346: INFO - execution unit summary:
2023-03-15 09:11:53,348: INFO - == st_ld Unit ======= 
Usage: 3.535%
2023-03-15 09:11:53,352: INFO - == alu Unit ========= 
Usage: 3.581%
2023-03-15 09:11:53,352: INFO - == alu Unit ========= 
Usage: 3.403%
2023-03-15 09:11:53,353: INFO - == alu_st_ld Unit === 
Usage: 7.104%
2023-03-15 09:11:53,354: INFO - == alu_st_ld Unit === 
Usage: 7.046%
2023-03-15 09:11:53,354: INFO - == fp Unit ========== 
Usage: 0.005%
2023-03-15 09:11:53,354: INFO - == fp_st_ld Unit ==== 
Usage: 0.009%
2023-03-15 09:11:53,355: INFO - == br Unit ========== 
Usage: 2.094%
2023-03-15 09:11:53,356: INFO - == br Unit ========== 
Usage: 1.308%
2023-03-15 09:11:53,356: INFO - == br_st_ld Unit ==== 
Usage: 0.004%
2023-03-15 09:11:53,356: INFO - == misc Unit ======== 
Usage: 7.94%
2023-03-15 09:11:53,356: INFO - == misc_st_ld Unit == 
Usage: 8.251%
2023-03-15 09:11:53,356: INFO - total cpi:10.241594887468741
2023-03-15 09:11:53,356: INFO - fairness:1.0
2023-03-15 09:11:53,357: INFO - [10.24154857830879]
