2023-03-15 09:34:01,087: INFO - thread summary:
2023-03-15 09:34:01,140: INFO - thread #0  - perl      , 381317 commands, cpi 11.051:
0: alu - 130691 cmds (34.27358339649163%)
1: alu_st_ld - 79719 cmds (20.90622762688262%)
2: br - 53208 cmds (13.953744522274118%)
3: st_ld - 45329 cmds (11.88748469121492%)
4: misc - 36354 cmds (9.533799961711647%)
5: misc_st_ld - 35668 cmds (9.353897151189168%)
6: br_st_ld - 248 cmds (0.06503775074282028%)
7: fp_st_ld - 100 cmds (0.026224899493072693%)

2023-03-15 09:34:05,277: INFO - 11.05144538533556
2023-03-15 09:34:05,277: INFO - execution unit summary:
2023-03-15 09:34:05,277: INFO - == st_ld Unit ======= 
Usage: 6.813%
2023-03-15 09:34:05,277: INFO - == alu Unit ========= 
Usage: 3.139%
2023-03-15 09:34:05,277: INFO - == alu Unit ========= 
Usage: 3.063%
2023-03-15 09:34:05,277: INFO - == alu_st_ld Unit === 
Usage: 5.886%
2023-03-15 09:34:05,277: INFO - == alu_st_ld Unit === 
Usage: 5.675%
2023-03-15 09:34:05,277: INFO - == fp Unit ========== 
Usage: 0.0%
2023-03-15 09:34:05,277: INFO - == fp_st_ld Unit ==== 
Usage: 0.024%
2023-03-15 09:34:05,277: INFO - == br Unit ========== 
Usage: 1.865%
2023-03-15 09:34:05,277: INFO - == br Unit ========== 
Usage: 1.2%
2023-03-15 09:34:05,277: INFO - == br_st_ld Unit ==== 
Usage: 0.016%
2023-03-15 09:34:05,277: INFO - == misc Unit ======== 
Usage: 6.901%
2023-03-15 09:34:05,277: INFO - == misc_st_ld Unit == 
Usage: 6.866%
2023-03-15 09:34:05,277: INFO - total cpi:11.05144800782551
2023-03-15 09:34:05,277: INFO - fairness:1.0
2023-03-15 09:34:05,277: INFO - [11.05144538533556]
