2023-03-18 16:59:50,832: INFO - thread summary:
2023-03-18 16:59:50,852: INFO - thread #0  - x264      , 78788 commands, cpi 53.851:
0: alu - 28181 cmds (35.7681372797888%)
1: alu_st_ld - 18962 cmds (24.067116819820278%)
2: fp_st_ld - 9332 cmds (11.844443316241051%)
3: misc_st_ld - 7536 cmds (9.564908361679443%)
4: misc - 7399 cmds (9.39102401380921%)
5: br - 3931 cmds (4.989338477940803%)
6: fp - 3087 cmds (3.9181093567548357%)
7: st_ld - 359 cmds (0.45565314514900745%)
8: br_st_ld - 1 cmds (0.0012692288165710515%)

2023-03-18 16:59:50,877: INFO - 53.85119561354521
2023-03-18 16:59:50,877: INFO - thread #1  - x264      , 78788 commands, cpi 54.001:
0: alu - 28223 cmds (35.821444890084784%)
1: alu_st_ld - 18996 cmds (24.110270599583693%)
2: fp_st_ld - 9370 cmds (11.892674011270753%)
3: misc_st_ld - 7466 cmds (9.47606234451947%)
4: misc - 7345 cmds (9.322485657714372%)
5: br - 3938 cmds (4.998223079656801%)
6: fp - 3092 cmds (3.924455500837691%)
7: st_ld - 357 cmds (0.45311468751586537%)
8: br_st_ld - 1 cmds (0.0012692288165710515%)

2023-03-18 16:59:50,903: INFO - 54.001205767375744
2023-03-18 16:59:50,903: INFO - thread #2  - x264      , 78788 commands, cpi 53.779:
0: alu - 28131 cmds (35.70467583896025%)
1: alu_st_ld - 18985 cmds (24.09630908260141%)
2: fp_st_ld - 9326 cmds (11.836827943341625%)
3: misc_st_ld - 7658 cmds (9.719754277301112%)
4: misc - 7429 cmds (9.429100878306341%)
5: br - 3937 cmds (4.99695385084023%)
6: fp - 3103 cmds (3.9384170178199724%)
7: st_ld - 218 cmds (0.27669188201248923%)
8: br_st_ld - 1 cmds (0.0012692288165710515%)

2023-03-18 16:59:50,921: INFO - 53.77850687922019
2023-03-18 16:59:50,921: INFO - thread #3  - x264      , 78788 commands, cpi 53.793:
0: alu - 28173 cmds (35.75798344925623%)
1: alu_st_ld - 18955 cmds (24.05823221810428%)
2: fp_st_ld - 9420 cmds (11.956135452099305%)
3: misc_st_ld - 7411 cmds (9.406254759608062%)
4: misc - 7407 cmds (9.401177844341778%)
5: br - 3937 cmds (4.99695385084023%)
6: fp - 3081 cmds (3.9104939838554094%)
7: st_ld - 403 cmds (0.5114992130781337%)
8: br_st_ld - 1 cmds (0.0012692288165710515%)

2023-03-18 16:59:50,939: INFO - 53.79296339544093
2023-03-18 16:59:50,939: INFO - thread #4  - x264      , 78788 commands, cpi 53.99:
0: alu - 28203 cmds (35.796060313753365%)
1: alu_st_ld - 19004 cmds (24.120424430116262%)
2: fp_st_ld - 9490 cmds (12.044981469259278%)
3: misc - 7357 cmds (9.337716403513225%)
4: misc_st_ld - 7319 cmds (9.289485708483525%)
5: br - 3940 cmds (5.000761537289943%)
6: fp - 3105 cmds (3.940955475453115%)
7: st_ld - 369 cmds (0.46834543331471795%)
8: br_st_ld - 1 cmds (0.0012692288165710515%)

2023-03-18 16:59:50,960: INFO - 53.989516169975126
2023-03-18 16:59:50,961: INFO - thread #5  - x264      , 78788 commands, cpi 54.078:
0: alu - 28220 cmds (35.81763720363507%)
1: alu_st_ld - 19009 cmds (24.126770574199117%)
2: fp_st_ld - 9339 cmds (11.85332791795705%)
3: misc_st_ld - 7426 cmds (9.425293191856628%)
4: misc - 7347 cmds (9.325024115347516%)
5: br - 3934 cmds (4.993146164390517%)
6: fp - 3096 cmds (3.9295324161039753%)
7: st_ld - 416 cmds (0.5279991876935574%)
8: br_st_ld - 1 cmds (0.0012692288165710515%)

2023-03-18 16:59:50,987: INFO - 54.078451033152255
2023-03-18 16:59:50,987: INFO - thread #6  - x264      , 78788 commands, cpi 53.961:
0: alu - 28185 cmds (35.77321419505508%)
1: alu_st_ld - 19012 cmds (24.13057826064883%)
2: fp_st_ld - 9367 cmds (11.88886632482104%)
3: misc_st_ld - 7464 cmds (9.473523886886328%)
4: misc - 7406 cmds (9.399908615525208%)
5: br - 3937 cmds (4.99695385084023%)
6: fp - 3076 cmds (3.904147839772554%)
7: st_ld - 340 cmds (0.4315377976341575%)
8: br_st_ld - 1 cmds (0.0012692288165710515%)

2023-03-18 16:59:51,009: INFO - 53.960869675585116
2023-03-18 16:59:51,009: INFO - thread #7  - x264      , 78788 commands, cpi 53.647:
0: alu - 28231 cmds (35.83159872061735%)
1: alu_st_ld - 18960 cmds (24.064578362187135%)
2: fp_st_ld - 9444 cmds (11.986596943697009%)
3: misc_st_ld - 7468 cmds (9.478600802152613%)
4: misc - 7314 cmds (9.28313956440067%)
5: br - 3941 cmds (5.002030766106514%)
6: fp - 3114 cmds (3.952378534802254%)
7: st_ld - 315 cmds (0.3998070772198812%)
8: br_st_ld - 1 cmds (0.0012692288165710515%)

2023-03-18 16:59:51,030: INFO - 53.64654515916129
2023-03-18 16:59:51,030: INFO - thread #8  - x264      , 78788 commands, cpi 53.694:
0: alu - 28200 cmds (35.79225262730365%)
1: alu_st_ld - 18985 cmds (24.09630908260141%)
2: fp_st_ld - 9303 cmds (11.807635680560491%)
3: misc_st_ld - 7596 cmds (9.641062090673707%)
4: misc - 7375 cmds (9.360562522211504%)
5: br - 3935 cmds (4.994415393207087%)
6: fp - 3092 cmds (3.924455500837691%)
7: st_ld - 301 cmds (0.3820378737878865%)
8: br_st_ld - 1 cmds (0.0012692288165710515%)

2023-03-18 16:59:51,050: INFO - 53.69436970096969
2023-03-18 16:59:51,050: INFO - thread #9  - x264      , 78788 commands, cpi 53.802:
0: alu - 28188 cmds (35.7770218815048%)
1: alu_st_ld - 18976 cmds (24.08488602325227%)
2: fp_st_ld - 9401 cmds (11.932020104584455%)
3: misc_st_ld - 7504 cmds (9.52429303954917%)
4: misc - 7359 cmds (9.340254861146368%)
5: br - 3938 cmds (4.998223079656801%)
6: fp - 3110 cmds (3.94730161953597%)
7: st_ld - 311 cmds (0.394730161953597%)
8: br_st_ld - 1 cmds (0.0012692288165710515%)

2023-03-18 16:59:51,072: INFO - 53.801670305122606
2023-03-18 16:59:51,072: INFO - thread #10 - x264      , 78788 commands, cpi 53.928:
0: alu - 28121 cmds (35.69198355079454%)
1: alu_st_ld - 18992 cmds (24.10519368431741%)
2: fp_st_ld - 9538 cmds (12.105904452454688%)
3: misc - 7456 cmds (9.46337005635376%)
4: misc_st_ld - 7251 cmds (9.203178148956694%)
5: br - 3926 cmds (4.982992333857948%)
6: fp - 3100 cmds (3.9346093313702593%)
7: st_ld - 403 cmds (0.5114992130781337%)
8: br_st_ld - 1 cmds (0.0012692288165710515%)

2023-03-18 16:59:51,100: INFO - 53.92814895669391
2023-03-18 16:59:51,100: INFO - thread #11 - x264      , 78788 commands, cpi 53.855:
0: alu - 28249 cmds (35.85444483931563%)
1: alu_st_ld - 18992 cmds (24.10519368431741%)
2: fp_st_ld - 9581 cmds (12.160481291567244%)
3: misc_st_ld - 7386 cmds (9.374524039193785%)
4: misc - 7323 cmds (9.29456262374981%)
5: br - 3938 cmds (4.998223079656801%)
6: fp - 3092 cmds (3.924455500837691%)
7: st_ld - 226 cmds (0.28684571254505764%)
8: br_st_ld - 1 cmds (0.0012692288165710515%)

2023-03-18 16:59:51,124: INFO - 53.85457176219729
2023-03-18 16:59:51,124: INFO - thread #12 - x264      , 78788 commands, cpi 53.973:
0: alu - 28139 cmds (35.714829669492815%)
1: alu_st_ld - 19016 cmds (24.135655175915115%)
2: fp_st_ld - 9596 cmds (12.17951972381581%)
3: misc - 7434 cmds (9.435447022389196%)
4: misc_st_ld - 7271 cmds (9.228562725288114%)
5: br - 3928 cmds (4.98553079149109%)
6: fp - 3100 cmds (3.9346093313702593%)
7: st_ld - 303 cmds (0.3845763314210286%)
8: br_st_ld - 1 cmds (0.0012692288165710515%)

2023-03-18 16:59:51,151: INFO - 53.97274965730822
2023-03-18 16:59:51,151: INFO - thread #13 - x264      , 78788 commands, cpi 54.129:
0: alu - 28152 cmds (35.73132964410824%)
1: alu_st_ld - 18995 cmds (24.10900137076712%)
2: fp_st_ld - 9359 cmds (11.87871249428847%)
3: misc_st_ld - 7454 cmds (9.460831598720617%)
4: misc - 7400 cmds (9.392293242625781%)
5: br - 3931 cmds (4.989338477940803%)
6: fp - 3113 cmds (3.951109305985683%)
7: st_ld - 383 cmds (0.4861146367467127%)
8: br_st_ld - 1 cmds (0.0012692288165710515%)

2023-03-18 16:59:51,185: INFO - 54.12939787784942
2023-03-18 16:59:51,185: INFO - thread #14 - x264      , 78788 commands, cpi 53.615:
0: alu - 28249 cmds (35.85444483931563%)
1: alu_st_ld - 19024 cmds (24.14580900644768%)
2: fp_st_ld - 9513 cmds (12.074173732040412%)
3: misc_st_ld - 7351 cmds (9.330101030613799%)
4: misc - 7331 cmds (9.304716454282378%)
5: br - 3936 cmds (4.995684622023658%)
6: fp - 3082 cmds (3.9117632126719806%)
7: st_ld - 301 cmds (0.3820378737878865%)
8: br_st_ld - 1 cmds (0.0012692288165710515%)

2023-03-18 16:59:51,206: INFO - 53.61458597756003
2023-03-18 16:59:51,206: INFO - thread #15 - x264      , 78788 commands, cpi 53.882:
0: alu - 28137 cmds (35.71229121185967%)
1: alu_st_ld - 19021 cmds (24.14200131999797%)
2: fp_st_ld - 9286 cmds (11.786058790678783%)
3: misc_st_ld - 7580 cmds (9.620754429608569%)
4: misc - 7453 cmds (9.459562369904047%)
5: br - 3936 cmds (4.995684622023658%)
6: fp - 3073 cmds (3.900340153322841%)
7: st_ld - 301 cmds (0.3820378737878865%)
8: br_st_ld - 1 cmds (0.0012692288165710515%)

2023-03-18 16:59:51,230: INFO - 53.881504797684926
2023-03-18 16:59:51,231: INFO - thread #16 - x264      , 78788 commands, cpi 53.784:
0: alu - 28167 cmds (35.75036807635681%)
1: alu_st_ld - 19040 cmds (24.16611666751282%)
2: fp_st_ld - 9472 cmds (12.022135350561%)
3: misc - 7383 cmds (9.370716352744072%)
4: misc_st_ld - 7247 cmds (9.19810123369041%)
5: br - 3937 cmds (4.99695385084023%)
6: fp - 3111 cmds (3.948570848352541%)
7: st_ld - 430 cmds (0.5457683911255521%)
8: br_st_ld - 1 cmds (0.0012692288165710515%)

2023-03-18 16:59:51,253: INFO - 53.78435802406458
2023-03-18 16:59:51,253: INFO - execution unit summary:
2023-03-18 16:59:51,253: INFO - == st_ld Unit ======= 
Usage: 1.159%
2023-03-18 16:59:51,253: INFO - == alu Unit ========= 
Usage: 15.341%
2023-03-18 16:59:51,253: INFO - == alu Unit ========= 
Usage: 7.129%
2023-03-18 16:59:51,253: INFO - == alu_st_ld Unit === 
Usage: 31.593%
2023-03-18 16:59:51,253: INFO - == alu_st_ld Unit === 
Usage: 21.365%
2023-03-18 16:59:51,253: INFO - == fp Unit ========== 
Usage: 12.34%
2023-03-18 16:59:51,253: INFO - == fp_st_ld Unit ==== 
Usage: 41.47%
2023-03-18 16:59:51,253: INFO - == br Unit ========== 
Usage: 2.493%
2023-03-18 16:59:51,253: INFO - == br Unit ========== 
Usage: 0.644%
2023-03-18 16:59:51,254: INFO - == br_st_ld Unit ==== 
Usage: 0.001%
2023-03-18 16:59:51,254: INFO - == misc Unit ======== 
Usage: 23.545%
2023-03-18 16:59:51,254: INFO - == misc_st_ld Unit == 
Usage: 28.315%
2023-03-18 16:59:51,254: INFO - total cpi:3.184118065157728
2023-03-18 16:59:51,254: INFO - fairness:0.9999931587849249
2023-03-18 16:59:51,254: INFO - [53.85119561354521, 54.001205767375744, 53.77850687922019, 53.79296339544093, 53.989516169975126, 54.078451033152255, 53.960869675585116, 53.64654515916129, 53.69436970096969, 53.801670305122606, 53.92814895669391, 53.85457176219729, 53.97274965730822, 54.12939787784942, 53.61458597756003, 53.881504797684926, 53.78435802406458]
