2023-03-18 16:40:50,436: INFO - thread summary:
2023-03-18 16:40:50,486: INFO - thread #0  - x264      , 78788 commands, cpi 26.721:
0: alu - 26885 cmds (34.12321673351272%)
1: alu_st_ld - 19433 cmds (24.664923592425243%)
2: misc - 8526 cmds (10.821444890084784%)
3: misc_st_ld - 8449 cmds (10.723714271208813%)
4: fp_st_ld - 7979 cmds (10.12717672742042%)
5: br - 3949 cmds (5.012184596639082%)
6: fp - 3237 cmds (4.108493679240493%)
7: st_ld - 329 cmds (0.4175762806518759%)
8: br_st_ld - 1 cmds (0.0012692288165710515%)

2023-03-18 16:40:51,481: INFO - 26.72130273645733
2023-03-18 16:40:51,481: INFO - thread #1  - x264      , 78788 commands, cpi 26.645:
0: alu - 26824 cmds (34.04579377570188%)
1: alu_st_ld - 19361 cmds (24.573539117632127%)
2: misc - 8574 cmds (10.882367873280195%)
3: misc_st_ld - 8501 cmds (10.789714169670509%)
4: fp_st_ld - 7965 cmds (10.109407523988425%)
5: br - 3948 cmds (5.010915367822511%)
6: fp - 3250 cmds (4.124993653855917%)
7: st_ld - 364 cmds (0.46199928923186273%)
8: br_st_ld - 1 cmds (0.0012692288165710515%)

2023-03-18 16:40:52,507: INFO - 26.644704777377264
2023-03-18 16:40:52,507: INFO - thread #2  - x264      , 78788 commands, cpi 26.979:
0: alu - 26888 cmds (34.12702441996243%)
1: alu_st_ld - 19336 cmds (24.54180839721785%)
2: misc - 8527 cmds (10.822714118901356%)
3: misc_st_ld - 8455 cmds (10.73132964410824%)
4: fp_st_ld - 8013 cmds (10.170330507183834%)
5: br - 3949 cmds (5.012184596639082%)
6: fp - 3231 cmds (4.100878306341067%)
7: st_ld - 388 cmds (0.49246078082956796%)
8: br_st_ld - 1 cmds (0.0012692288165710515%)

2023-03-18 16:40:52,985: INFO - 26.979095801391075
2023-03-18 16:40:52,985: INFO - thread #3  - x264      , 78788 commands, cpi 27.107:
0: alu - 26873 cmds (34.10798598771387%)
1: alu_st_ld - 19364 cmds (24.57734680408184%)
2: misc - 8525 cmds (10.820175661268214%)
3: misc_st_ld - 8426 cmds (10.694522008427679%)
4: fp_st_ld - 8018 cmds (10.17667665126669%)
5: br - 3948 cmds (5.010915367822511%)
6: fp - 3251 cmds (4.1262628826724885%)
7: st_ld - 382 cmds (0.48484540793014164%)
8: br_st_ld - 1 cmds (0.0012692288165710515%)

2023-03-18 16:40:53,614: INFO - 27.106627912880136
2023-03-18 16:40:53,615: INFO - thread #4  - x264      , 78788 commands, cpi 26.795:
0: alu - 26967 cmds (34.227293496471546%)
1: alu_st_ld - 19294 cmds (24.488500786921865%)
2: misc_st_ld - 8460 cmds (10.737675788191096%)
3: misc - 8455 cmds (10.73132964410824%)
4: fp_st_ld - 8084 cmds (10.26044575316038%)
5: br - 3948 cmds (5.010915367822511%)
6: fp - 3228 cmds (4.097070619891354%)
7: st_ld - 351 cmds (0.44549931461643905%)
8: br_st_ld - 1 cmds (0.0012692288165710515%)

2023-03-18 16:40:54,480: INFO - 26.795260699598924
2023-03-18 16:40:54,480: INFO - thread #5  - x264      , 78788 commands, cpi 26.931:
0: alu - 26868 cmds (34.10163984363101%)
1: alu_st_ld - 19385 cmds (24.604000609229832%)
2: misc - 8565 cmds (10.870944813931056%)
3: misc_st_ld - 8438 cmds (10.709752754226532%)
4: fp_st_ld - 8047 cmds (10.213484286947251%)
5: br - 3947 cmds (5.00964613900594%)
6: fp - 3218 cmds (4.0843783317256435%)
7: st_ld - 319 cmds (0.4048839924861654%)
8: br_st_ld - 1 cmds (0.0012692288165710515%)

2023-03-18 16:40:55,508: INFO - 26.93120779814185
2023-03-18 16:40:55,509: INFO - thread #6  - x264      , 78788 commands, cpi 26.822:
0: alu - 26867 cmds (34.10037061481444%)
1: alu_st_ld - 19252 cmds (24.435193176625884%)
2: misc - 8565 cmds (10.870944813931056%)
3: misc_st_ld - 8491 cmds (10.777021881504798%)
4: fp_st_ld - 8094 cmds (10.27313804132609%)
5: br - 3946 cmds (5.008376910189369%)
6: fp - 3219 cmds (4.085647560542214%)
7: st_ld - 353 cmds (0.44803777224958113%)
8: br_st_ld - 1 cmds (0.0012692288165710515%)

2023-03-18 16:40:56,362: INFO - 26.821939889323247
2023-03-18 16:40:56,362: INFO - thread #7  - x264      , 78788 commands, cpi 26.775:
0: alu - 26861 cmds (34.092755241915015%)
1: alu_st_ld - 19382 cmds (24.600192922780117%)
2: misc - 8547 cmds (10.848098695232776%)
3: misc_st_ld - 8415 cmds (10.680560491445398%)
4: fp_st_ld - 8029 cmds (10.190638168248972%)
5: br - 3946 cmds (5.008376910189369%)
6: fp - 3244 cmds (4.1173782809564905%)
7: st_ld - 363 cmds (0.4607300604152917%)
8: br_st_ld - 1 cmds (0.0012692288165710515%)

2023-03-18 16:40:57,166: INFO - 26.775435345484084
2023-03-18 16:40:57,166: INFO - thread #8  - x264      , 78788 commands, cpi 26.686:
0: alu - 26934 cmds (34.1854089455247%)
1: alu_st_ld - 19364 cmds (24.57734680408184%)
2: misc - 8500 cmds (10.788444940853937%)
3: misc_st_ld - 8446 cmds (10.7199065847591%)
4: fp_st_ld - 8037 cmds (10.20079199878154%)
5: br - 3949 cmds (5.012184596639082%)
6: fp - 3214 cmds (4.0793014164593595%)
7: st_ld - 343 cmds (0.43534548408387064%)
8: br_st_ld - 1 cmds (0.0012692288165710515%)

2023-03-18 16:40:58,045: INFO - 26.685599329847186
2023-03-18 16:40:58,045: INFO - execution unit summary:
2023-03-18 16:40:58,045: INFO - == st_ld Unit ======= 
Usage: 1.052%
2023-03-18 16:40:58,046: INFO - == alu Unit ========= 
Usage: 12.453%
2023-03-18 16:40:58,046: INFO - == alu Unit ========= 
Usage: 10.206%
2023-03-18 16:40:58,047: INFO - == alu_st_ld Unit === 
Usage: 27.341%
2023-03-18 16:40:58,047: INFO - == alu_st_ld Unit === 
Usage: 24.491%
2023-03-18 16:40:58,047: INFO - == fp Unit ========== 
Usage: 13.622%
2023-03-18 16:40:58,047: INFO - == fp_st_ld Unit ==== 
Usage: 35.671%
2023-03-18 16:40:58,047: INFO - == br Unit ========== 
Usage: 2.577%
2023-03-18 16:40:58,047: INFO - == br Unit ========== 
Usage: 0.75%
2023-03-18 16:40:58,047: INFO - == br_st_ld Unit ==== 
Usage: 0.001%
2023-03-18 16:40:58,047: INFO - == misc Unit ======== 
Usage: 28.762%
2023-03-18 16:40:58,047: INFO - == misc_st_ld Unit == 
Usage: 30.025%
2023-03-18 16:40:58,047: INFO - total cpi:3.011853186892533
2023-03-18 16:40:58,047: INFO - fairness:0.9999723503347502
2023-03-18 16:40:58,047: INFO - [26.72130273645733, 26.644704777377264, 26.979095801391075, 27.106627912880136, 26.795260699598924, 26.93120779814185, 26.821939889323247, 26.775435345484084, 26.685599329847186]
