2023-03-15 09:16:45,244: INFO - thread summary:
2023-03-15 09:16:45,329: INFO - thread #0  - bwave     , 21594 commands, cpi 14.431:
0: alu - 7729 cmds (35.79234972677595%)
1: alu_st_ld - 5201 cmds (24.08539409095119%)
2: br - 3064 cmds (14.189126609243308%)
3: misc_st_ld - 2208 cmds (10.225062517365934%)
4: misc - 2168 cmds (10.039825877558581%)
5: st_ld - 1218 cmds (5.6404556821339265%)
6: br_st_ld - 3 cmds (0.013892747985551542%)
7: fp_st_ld - 2 cmds (0.009261831990367694%)
8: fp - 1 cmds (0.004630915995183847%)

2023-03-15 09:16:52,022: INFO - 14.431277206631473
2023-03-15 09:16:52,023: INFO - thread #1  - bwave     , 21594 commands, cpi 14.962:
0: alu - 7719 cmds (35.74604056682412%)
1: alu_st_ld - 5142 cmds (23.812170047235345%)
2: br - 3043 cmds (14.091877373344447%)
3: misc_st_ld - 2335 cmds (10.813188848754283%)
4: misc - 2191 cmds (10.146336945447809%)
5: st_ld - 1158 cmds (5.362600722422895%)
6: br_st_ld - 3 cmds (0.013892747985551542%)
7: fp_st_ld - 2 cmds (0.009261831990367694%)
8: fp - 1 cmds (0.004630915995183847%)

2023-03-15 09:16:55,063: INFO - 14.96170232471983
2023-03-15 09:16:55,063: INFO - thread #2  - bwave     , 21594 commands, cpi 14.604:
0: alu - 7737 cmds (35.82939705473743%)
1: alu_st_ld - 5187 cmds (24.020561267018618%)
2: br - 3048 cmds (14.115031953320367%)
3: misc_st_ld - 2273 cmds (10.526072057052884%)
4: misc - 2180 cmds (10.095396869500787%)
5: st_ld - 1163 cmds (5.385755302398814%)
6: br_st_ld - 3 cmds (0.013892747985551542%)
7: fp_st_ld - 2 cmds (0.009261831990367694%)
8: fp - 1 cmds (0.004630915995183847%)

2023-03-15 09:16:56,952: INFO - 14.603871445771974
2023-03-15 09:16:56,952: INFO - thread #3  - bwave     , 21594 commands, cpi 14.629:
0: alu - 7721 cmds (35.755302398814486%)
1: alu_st_ld - 5165 cmds (23.91868111512457%)
2: br - 3057 cmds (14.156710197277022%)
3: misc_st_ld - 2280 cmds (10.558488469019172%)
4: misc - 2186 cmds (10.12318236547189%)
5: st_ld - 1179 cmds (5.459849958321756%)
6: br_st_ld - 3 cmds (0.013892747985551542%)
7: fp_st_ld - 2 cmds (0.009261831990367694%)
8: fp - 1 cmds (0.004630915995183847%)

2023-03-15 09:17:02,966: INFO - 14.628924701305918
2023-03-15 09:17:02,966: INFO - thread #4  - bwave     , 21594 commands, cpi 14.798:
0: alu - 7714 cmds (35.7228859868482%)
1: alu_st_ld - 5159 cmds (23.89089561915347%)
2: br - 3051 cmds (14.128924701305918%)
3: misc_st_ld - 2271 cmds (10.516810225062518%)
4: misc - 2213 cmds (10.248217097341854%)
5: st_ld - 1180 cmds (5.46448087431694%)
6: br_st_ld - 3 cmds (0.013892747985551542%)
7: fp_st_ld - 2 cmds (0.009261831990367694%)
8: fp - 1 cmds (0.004630915995183847%)

2023-03-15 09:17:03,953: INFO - 14.798369917569696
2023-03-15 09:17:03,953: INFO - execution unit summary:
2023-03-15 09:17:03,953: INFO - == st_ld Unit ======= 
Usage: 11.896%
2023-03-15 09:17:03,954: INFO - == alu Unit ========= 
Usage: 12.24%
2023-03-15 09:17:03,955: INFO - == alu Unit ========= 
Usage: 11.667%
2023-03-15 09:17:03,955: INFO - == alu_st_ld Unit === 
Usage: 24.776%
2023-03-15 09:17:03,955: INFO - == alu_st_ld Unit === 
Usage: 24.55%
2023-03-15 09:17:03,955: INFO - == fp Unit ========== 
Usage: 0.015%
2023-03-15 09:17:03,955: INFO - == fp_st_ld Unit ==== 
Usage: 0.032%
2023-03-15 09:17:03,956: INFO - == br Unit ========== 
Usage: 7.111%
2023-03-15 09:17:03,956: INFO - == br Unit ========== 
Usage: 4.39%
2023-03-15 09:17:03,956: INFO - == br_st_ld Unit ==== 
Usage: 0.014%
2023-03-15 09:17:03,956: INFO - == misc Unit ======== 
Usage: 27.084%
2023-03-15 09:17:03,956: INFO - == misc_st_ld Unit == 
Usage: 28.755%
2023-03-15 09:17:03,956: INFO - total cpi:2.9923589886079465
2023-03-15 09:17:03,956: INFO - fairness:0.999849022217874
2023-03-15 09:17:03,956: INFO - [14.431277206631473, 14.96170232471983, 14.603871445771974, 14.628924701305918, 14.798369917569696]
