2023-03-16 12:53:00,734: INFO - thread summary:
2023-03-16 12:53:00,768: INFO - thread #0  - perl      , 381317 commands, cpi 23.025:
0: alu - 125892 cmds (33.01505046981907%)
1: alu_st_ld - 80309 cmds (21.06095453389175%)
2: br - 53482 cmds (14.025600746885138%)
3: st_ld - 41817 cmds (10.966466221018209%)
4: misc - 39966 cmds (10.481043331401432%)
5: misc_st_ld - 39504 cmds (10.359884295743436%)
6: br_st_ld - 247 cmds (0.06477550174788956%)
7: fp_st_ld - 100 cmds (0.026224899493072693%)

2023-03-16 12:53:01,006: INFO - 23.024543883435566
2023-03-16 12:53:01,006: INFO - thread #1  - perl      , 381317 commands, cpi 22.871:
0: alu - 126387 cmds (33.144863722309786%)
1: alu_st_ld - 80315 cmds (21.062528027861333%)
2: br - 53370 cmds (13.996228859452897%)
3: st_ld - 41035 cmds (10.761387506982379%)
4: misc_st_ld - 40180 cmds (10.537164616316607%)
5: misc - 39682 cmds (10.406564616841106%)
6: br_st_ld - 249 cmds (0.06529999973775101%)
7: fp_st_ld - 99 cmds (0.025962650498141965%)

2023-03-16 12:53:01,112: INFO - 22.87051980373285
2023-03-16 12:53:01,112: INFO - thread #2  - perl      , 381317 commands, cpi 22.758:
0: alu - 126367 cmds (33.13961874241117%)
1: alu_st_ld - 80396 cmds (21.083770196450722%)
2: br - 53457 cmds (14.01904452201187%)
3: st_ld - 41744 cmds (10.947322044388265%)
4: misc_st_ld - 39539 cmds (10.369063010566013%)
5: misc - 39468 cmds (10.35044333192593%)
6: br_st_ld - 248 cmds (0.06503775074282028%)
7: fp_st_ld - 98 cmds (0.025700401503211238%)

2023-03-16 12:53:01,212: INFO - 22.757965157598534
2023-03-16 12:53:01,212: INFO - thread #3  - perl      , 381317 commands, cpi 22.875:
0: alu - 126308 cmds (33.124146051710255%)
1: alu_st_ld - 80463 cmds (21.10134087911108%)
2: br - 53459 cmds (14.01956902000173%)
3: st_ld - 41137 cmds (10.788136904465313%)
4: misc_st_ld - 40080 cmds (10.510939716823536%)
5: misc - 39526 cmds (10.365653773631912%)
6: br_st_ld - 247 cmds (0.06477550174788956%)
7: fp_st_ld - 97 cmds (0.025438152508280513%)

2023-03-16 12:53:01,313: INFO - 22.87464760291306
2023-03-16 12:53:01,313: INFO - thread #4  - perl      , 381317 commands, cpi 22.923:
0: alu - 126065 cmds (33.06041954594209%)
1: alu_st_ld - 80439 cmds (21.095046903232742%)
2: br - 53446 cmds (14.016159783067632%)
3: st_ld - 41645 cmds (10.921359393890123%)
4: misc - 39920 cmds (10.468979877634618%)
5: misc_st_ld - 39457 cmds (10.347558592981692%)
6: br_st_ld - 248 cmds (0.06503775074282028%)
7: fp_st_ld - 97 cmds (0.025438152508280513%)

2023-03-16 12:53:01,416: INFO - 22.923129574605905
2023-03-16 12:53:01,416: INFO - thread #5  - perl      , 381317 commands, cpi 22.597:
0: alu - 126271 cmds (33.11444283889782%)
1: alu_st_ld - 80446 cmds (21.09688264619726%)
2: br - 53422 cmds (14.009865807189295%)
3: st_ld - 41730 cmds (10.943650558459234%)
4: misc - 39714 cmds (10.414956584678889%)
5: misc_st_ld - 39389 cmds (10.329725661326403%)
6: br_st_ld - 248 cmds (0.06503775074282028%)
7: fp_st_ld - 97 cmds (0.025438152508280513%)

2023-03-16 12:53:01,516: INFO - 22.597112114067823
2023-03-16 12:53:01,517: INFO - thread #6  - perl      , 381317 commands, cpi 22.727:
0: alu - 125957 cmds (33.03209665448957%)
1: alu_st_ld - 80522 cmds (21.116813569811995%)
2: br - 53477 cmds (14.024289501910484%)
3: st_ld - 41332 cmds (10.839275458476806%)
4: misc_st_ld - 39862 cmds (10.453769435928637%)
5: misc - 39820 cmds (10.442754978141545%)
6: br_st_ld - 247 cmds (0.06477550174788956%)
7: fp_st_ld - 100 cmds (0.026224899493072693%)

2023-03-16 12:53:01,618: INFO - 22.72734758744037
2023-03-16 12:53:01,618: INFO - execution unit summary:
2023-03-16 12:53:01,618: INFO - == st_ld Unit ======= 
Usage: 22.563%
2023-03-16 12:53:01,619: INFO - == alu Unit ========= 
Usage: 10.121%
2023-03-16 12:53:01,619: INFO - == alu Unit ========= 
Usage: 9.999%
2023-03-16 12:53:01,619: INFO - == alu_st_ld Unit === 
Usage: 20.754%
2023-03-16 12:53:01,619: INFO - == alu_st_ld Unit === 
Usage: 19.468%
2023-03-16 12:53:01,619: INFO - == fp Unit ========== 
Usage: 0.0%
2023-03-16 12:53:01,619: INFO - == fp_st_ld Unit ==== 
Usage: 0.083%
2023-03-16 12:53:01,619: INFO - == br Unit ========== 
Usage: 6.206%
2023-03-16 12:53:01,619: INFO - == br Unit ========== 
Usage: 4.145%
2023-03-16 12:53:01,619: INFO - == br_st_ld Unit ==== 
Usage: 0.055%
2023-03-16 12:53:01,620: INFO - == misc Unit ======== 
Usage: 25.34%
2023-03-16 12:53:01,620: INFO - == misc_st_ld Unit == 
Usage: 26.205%
2023-03-16 12:53:01,620: INFO - total cpi:3.289220929417931
2023-03-16 12:53:01,620: INFO - fairness:0.9999670114920146
2023-03-16 12:53:01,620: INFO - [23.024543883435566, 22.87051980373285, 22.757965157598534, 22.87464760291306, 22.923129574605905, 22.597112114067823, 22.72734758744037]
