2023-03-18 19:11:12,437: INFO - thread summary:
2023-03-18 19:11:12,438: INFO - thread #0  - deepsjeng , 79007 commands, cpi 30.258:
0: st_ld - 48966 cmds (61.97678686698647%)
1: misc_st_ld - 22973 cmds (29.077170377308338%)
2: br - 2921 cmds (3.697140759679522%)
3: alu - 2697 cmds (3.4136215778348755%)
4: misc - 853 cmds (1.0796511701494804%)
5: alu_st_ld - 597 cmds (0.7556292480413128%)

2023-03-18 19:11:12,449: INFO - 30.258091055222955
2023-03-18 19:11:12,449: INFO - thread #1  - deepsjeng , 79007 commands, cpi 30.084:
0: st_ld - 49198 cmds (62.270431733897%)
1: misc_st_ld - 22733 cmds (28.773399825331932%)
2: br - 2939 cmds (3.7199235510777524%)
3: alu - 2677 cmds (3.3883073651701747%)
4: misc - 858 cmds (1.0859797233156556%)
5: alu_st_ld - 602 cmds (0.7619578012074879%)

2023-03-18 19:11:12,463: INFO - 30.083878643664484
2023-03-18 19:11:12,463: INFO - thread #2  - deepsjeng , 79007 commands, cpi 29.984:
0: st_ld - 49371 cmds (62.489399673446655%)
1: misc_st_ld - 22569 cmds (28.56582328148139%)
2: br - 2956 cmds (3.741440631842748%)
3: alu - 2677 cmds (3.3883073651701747%)
4: misc - 839 cmds (1.06193122128419%)
5: alu_st_ld - 595 cmds (0.7530978267748427%)

2023-03-18 19:11:12,478: INFO - 29.983735618362928
2023-03-18 19:11:12,478: INFO - execution unit summary:
2023-03-18 19:11:12,478: INFO - == st_ld Unit ======= 
Usage: 39.053%
2023-03-18 19:11:12,478: INFO - == alu Unit ========= 
Usage: 0.351%
2023-03-18 19:11:12,478: INFO - == alu Unit ========= 
Usage: 0.323%
2023-03-18 19:11:12,478: INFO - == alu_st_ld Unit === 
Usage: 0.236%
2023-03-18 19:11:12,478: INFO - == alu_st_ld Unit === 
Usage: 0.222%
2023-03-18 19:11:12,478: INFO - == fp Unit ========== 
Usage: 0.0%
2023-03-18 19:11:12,478: INFO - == fp_st_ld Unit ==== 
Usage: 0.0%
2023-03-18 19:11:12,478: INFO - == br Unit ========== 
Usage: 0.429%
2023-03-18 19:11:12,478: INFO - == br Unit ========== 
Usage: 0.38%
2023-03-18 19:11:12,478: INFO - == br_st_ld Unit ==== 
Usage: 0.0%
2023-03-18 19:11:12,478: INFO - == misc Unit ======== 
Usage: 0.853%
2023-03-18 19:11:12,478: INFO - == misc_st_ld Unit == 
Usage: 23.164%
2023-03-18 19:11:12,478: INFO - total cpi:10.086034570776429
2023-03-18 19:11:12,478: INFO - fairness:0.9999858587344755
2023-03-18 19:11:12,478: INFO - [30.258091055222955, 30.083878643664484, 29.983735618362928]
