2023-03-15 09:20:18,125: INFO - thread summary:
2023-03-15 09:20:18,174: INFO - thread #0  - bwave     , 21594 commands, cpi 35.974:
0: alu - 7101 cmds (32.8841344818005%)
1: alu_st_ld - 5055 cmds (23.40928035565435%)
2: br - 3081 cmds (14.267852181161434%)
3: misc - 2700 cmds (12.503473186996388%)
4: misc_st_ld - 2399 cmds (11.10956747244605%)
5: st_ld - 1252 cmds (5.797906825970177%)
6: br_st_ld - 3 cmds (0.013892747985551542%)
7: fp_st_ld - 2 cmds (0.009261831990367694%)
8: fp - 1 cmds (0.004630915995183847%)

2023-03-15 09:20:18,186: INFO - 35.9736500879874
2023-03-15 09:20:18,186: INFO - thread #1  - bwave     , 21594 commands, cpi 35.833:
0: alu - 7200 cmds (33.3425951653237%)
1: alu_st_ld - 5027 cmds (23.2796147077892%)
2: br - 3096 cmds (14.337315921089191%)
3: misc - 2592 cmds (12.003334259516532%)
4: misc_st_ld - 2428 cmds (11.243864036306382%)
5: st_ld - 1245 cmds (5.76549041400389%)
6: br_st_ld - 3 cmds (0.013892747985551542%)
7: fp_st_ld - 2 cmds (0.009261831990367694%)
8: fp - 1 cmds (0.004630915995183847%)

2023-03-15 09:20:18,199: INFO - 35.83263869593406
2023-03-15 09:20:18,199: INFO - thread #2  - bwave     , 21594 commands, cpi 36.908:
0: alu - 7184 cmds (33.26850050940076%)
1: alu_st_ld - 5055 cmds (23.40928035565435%)
2: br - 3076 cmds (14.244697601185514%)
3: misc - 2627 cmds (12.165416319347967%)
4: misc_st_ld - 2391 cmds (11.07252014448458%)
5: st_ld - 1255 cmds (5.811799573955729%)
6: br_st_ld - 3 cmds (0.013892747985551542%)
7: fp_st_ld - 2 cmds (0.009261831990367694%)
8: fp - 1 cmds (0.004630915995183847%)

2023-03-15 09:20:18,663: INFO - 36.90821524497546
2023-03-15 09:20:18,663: INFO - thread #3  - bwave     , 21594 commands, cpi 36.761:
0: alu - 7197 cmds (33.32870241733815%)
1: alu_st_ld - 5068 cmds (23.46948226359174%)
2: br - 3077 cmds (14.249328517180698%)
3: misc - 2613 cmds (12.100583495415393%)
4: misc_st_ld - 2365 cmds (10.9521163286098%)
5: st_ld - 1268 cmds (5.872001481893118%)
6: br_st_ld - 3 cmds (0.013892747985551542%)
7: fp_st_ld - 2 cmds (0.009261831990367694%)
8: fp - 1 cmds (0.004630915995183847%)

2023-03-15 09:20:18,889: INFO - 36.7607668796888
2023-03-15 09:20:18,889: INFO - thread #4  - bwave     , 21594 commands, cpi 36.091:
0: alu - 7143 cmds (33.07863295359822%)
1: alu_st_ld - 5023 cmds (23.261091043808467%)
2: br - 3094 cmds (14.328054089098824%)
3: misc - 2644 cmds (12.244141891266093%)
4: misc_st_ld - 2455 cmds (11.368898768176345%)
5: st_ld - 1229 cmds (5.691395758080948%)
6: br_st_ld - 3 cmds (0.013892747985551542%)
7: fp_st_ld - 2 cmds (0.009261831990367694%)
8: fp - 1 cmds (0.004630915995183847%)

2023-03-15 09:20:18,899: INFO - 36.0907659535056
2023-03-15 09:20:18,899: INFO - thread #5  - bwave     , 21594 commands, cpi 35.581:
0: alu - 7149 cmds (33.106418449569325%)
1: alu_st_ld - 5000 cmds (23.154579975919237%)
2: br - 3099 cmds (14.351208669074744%)
3: misc - 2639 cmds (12.220987311290173%)
4: misc_st_ld - 2456 cmds (11.37352968417153%)
5: st_ld - 1245 cmds (5.76549041400389%)
6: br_st_ld - 3 cmds (0.013892747985551542%)
7: fp_st_ld - 2 cmds (0.009261831990367694%)
8: fp - 1 cmds (0.004630915995183847%)

2023-03-15 09:20:18,913: INFO - 35.58094841159581
2023-03-15 09:20:18,913: INFO - thread #6  - bwave     , 21594 commands, cpi 36.48:
0: alu - 7152 cmds (33.12031119755488%)
1: alu_st_ld - 5010 cmds (23.200889135871076%)
2: br - 3085 cmds (14.28637584514217%)
3: misc - 2642 cmds (12.234880059275724%)
4: misc_st_ld - 2454 cmds (11.364267852181161%)
5: st_ld - 1245 cmds (5.76549041400389%)
6: br_st_ld - 3 cmds (0.013892747985551542%)
7: fp_st_ld - 2 cmds (0.009261831990367694%)
8: fp - 1 cmds (0.004630915995183847%)

2023-03-15 09:20:19,082: INFO - 36.48031860702047
2023-03-15 09:20:19,083: INFO - thread #7  - bwave     , 21594 commands, cpi 35.366:
0: alu - 7161 cmds (33.16198944151153%)
1: alu_st_ld - 5019 cmds (23.24256737982773%)
2: br - 3100 cmds (14.355839585069926%)
3: misc - 2618 cmds (12.123738075391312%)
4: misc_st_ld - 2461 cmds (11.396684264147448%)
5: st_ld - 1229 cmds (5.691395758080948%)
6: br_st_ld - 3 cmds (0.013892747985551542%)
7: fp_st_ld - 2 cmds (0.009261831990367694%)
8: fp - 1 cmds (0.004630915995183847%)

2023-03-15 09:20:19,092: INFO - 35.366351764379
2023-03-15 09:20:19,092: INFO - thread #8  - bwave     , 21594 commands, cpi 36.412:
0: alu - 7121 cmds (32.97675280170418%)
1: alu_st_ld - 5037 cmds (23.32592386774104%)
2: br - 3100 cmds (14.355839585069926%)
3: misc - 2654 cmds (12.29045105121793%)
4: misc_st_ld - 2423 cmds (11.220709456330463%)
5: st_ld - 1253 cmds (5.80253774196536%)
6: br_st_ld - 3 cmds (0.013892747985551542%)
7: fp_st_ld - 2 cmds (0.009261831990367694%)
8: fp - 1 cmds (0.004630915995183847%)

2023-03-15 09:20:19,421: INFO - 36.412244141891264
2023-03-15 09:20:19,421: INFO - execution unit summary:
2023-03-15 09:20:19,421: INFO - == st_ld Unit ======= 
Usage: 10.662%
2023-03-15 09:20:19,421: INFO - == alu Unit ========= 
Usage: 8.121%
2023-03-15 09:20:19,421: INFO - == alu Unit ========= 
Usage: 8.042%
2023-03-15 09:20:19,421: INFO - == alu_st_ld Unit === 
Usage: 19.341%
2023-03-15 09:20:19,421: INFO - == alu_st_ld Unit === 
Usage: 17.896%
2023-03-15 09:20:19,422: INFO - == fp Unit ========== 
Usage: 0.011%
2023-03-15 09:20:19,422: INFO - == fp_st_ld Unit ==== 
Usage: 0.025%
2023-03-15 09:20:19,422: INFO - == br Unit ========== 
Usage: 5.002%
2023-03-15 09:20:19,422: INFO - == br Unit ========== 
Usage: 3.462%
2023-03-15 09:20:19,422: INFO - == br_st_ld Unit ==== 
Usage: 0.012%
2023-03-15 09:20:19,422: INFO - == misc Unit ======== 
Usage: 23.818%
2023-03-15 09:20:19,422: INFO - == misc_st_ld Unit == 
Usage: 23.427%
2023-03-15 09:20:19,422: INFO - total cpi:4.100928241383923
2023-03-15 09:20:19,422: INFO - fairness:0.9998129457973699
2023-03-15 09:20:19,422: INFO - [35.9736500879874, 35.83263869593406, 36.90821524497546, 36.7607668796888, 36.0907659535056, 35.58094841159581, 36.48031860702047, 35.366351764379, 36.412244141891264]
