2023-03-18 16:56:50,898: INFO - thread summary:
2023-03-18 16:56:50,918: INFO - thread #0  - x264      , 78788 commands, cpi 52.368:
0: alu - 27977 cmds (35.509214601208306%)
1: alu_st_ld - 18944 cmds (24.044270701122%)
2: fp_st_ld - 9718 cmds (12.334365639437477%)
3: misc - 7542 cmds (9.57252373457887%)
4: misc_st_ld - 7173 cmds (9.104178301264152%)
5: br - 3943 cmds (5.004569223739656%)
6: fp - 3135 cmds (3.9790323399502463%)
7: st_ld - 355 cmds (0.4505762298827233%)
8: br_st_ld - 1 cmds (0.0012692288165710515%)

2023-03-18 16:56:50,949: INFO - 52.36833020256892
2023-03-18 16:56:50,949: INFO - thread #1  - x264      , 78788 commands, cpi 51.962:
0: alu - 27975 cmds (35.50667614357516%)
1: alu_st_ld - 19006 cmds (24.122962887749402%)
2: fp_st_ld - 9703 cmds (12.315327207188911%)
3: misc - 7554 cmds (9.587754480377722%)
4: misc_st_ld - 7099 cmds (9.010255368837894%)
5: br - 3936 cmds (4.995684622023658%)
6: fp - 3133 cmds (3.9764938823171043%)
7: st_ld - 381 cmds (0.4835761791135706%)
8: br_st_ld - 1 cmds (0.0012692288165710515%)

2023-03-18 16:56:50,978: INFO - 51.96199928923186
2023-03-18 16:56:50,978: INFO - thread #2  - x264      , 78788 commands, cpi 52.03:
0: alu - 27929 cmds (35.448291618012895%)
1: alu_st_ld - 18982 cmds (24.092501396151697%)
2: fp_st_ld - 9727 cmds (12.345788698786617%)
3: misc - 7600 cmds (9.646139005939991%)
4: misc_st_ld - 7143 cmds (9.06610143676702%)
5: br - 3937 cmds (4.99695385084023%)
6: fp - 3136 cmds (3.980301568766817%)
7: st_ld - 333 cmds (0.42265319591816014%)
8: br_st_ld - 1 cmds (0.0012692288165710515%)

2023-03-18 16:56:51,004: INFO - 52.03041072244504
2023-03-18 16:56:51,004: INFO - thread #3  - x264      , 78788 commands, cpi 52.109:
0: alu - 27986 cmds (35.52063766055745%)
1: alu_st_ld - 19008 cmds (24.125501345382546%)
2: fp_st_ld - 9580 cmds (12.159212062750672%)
3: misc - 7550 cmds (9.582677565111439%)
4: misc_st_ld - 7243 cmds (9.193024318424126%)
5: br - 3943 cmds (5.004569223739656%)
6: fp - 3121 cmds (3.9612631365182516%)
7: st_ld - 356 cmds (0.4518454586992943%)
8: br_st_ld - 1 cmds (0.0012692288165710515%)

2023-03-18 16:56:51,031: INFO - 52.10931867797127
2023-03-18 16:56:51,031: INFO - thread #4  - x264      , 78788 commands, cpi 51.856:
0: alu - 27904 cmds (35.41656089759862%)
1: alu_st_ld - 18943 cmds (24.043001472305427%)
2: fp_st_ld - 9401 cmds (11.932020104584455%)
3: misc - 7613 cmds (9.662638980555414%)
4: misc_st_ld - 7527 cmds (9.553485302330303%)
5: br - 3932 cmds (4.990607706757374%)
6: fp - 3150 cmds (3.998070772198812%)
7: st_ld - 317 cmds (0.4023455348530233%)
8: br_st_ld - 1 cmds (0.0012692288165710515%)

2023-03-18 16:56:51,060: INFO - 51.85585368330202
2023-03-18 16:56:51,060: INFO - thread #5  - x264      , 78788 commands, cpi 51.92:
0: alu - 27964 cmds (35.492714626592885%)
1: alu_st_ld - 18894 cmds (23.980809260293444%)
2: fp_st_ld - 9470 cmds (12.019596892927858%)
3: misc - 7573 cmds (9.611869827892573%)
4: misc_st_ld - 7465 cmds (9.4747931157029%)
5: br - 3937 cmds (4.99695385084023%)
6: fp - 3125 cmds (3.9663400517845355%)
7: st_ld - 359 cmds (0.45565314514900745%)
8: br_st_ld - 1 cmds (0.0012692288165710515%)

2023-03-18 16:56:51,090: INFO - 51.919860892521704
2023-03-18 16:56:51,090: INFO - thread #6  - x264      , 78788 commands, cpi 52.056:
0: alu - 28028 cmds (35.57394527085343%)
1: alu_st_ld - 18995 cmds (24.10900137076712%)
2: fp_st_ld - 9600 cmds (12.184596639082093%)
3: misc - 7473 cmds (9.484946946235468%)
4: misc_st_ld - 7229 cmds (9.175255114992131%)
5: br - 3941 cmds (5.002030766106514%)
6: fp - 3157 cmds (4.006955373914809%)
7: st_ld - 364 cmds (0.46199928923186273%)
8: br_st_ld - 1 cmds (0.0012692288165710515%)

2023-03-18 16:56:51,119: INFO - 52.055947606234454
2023-03-18 16:56:51,119: INFO - thread #7  - x264      , 78788 commands, cpi 52.023:
0: alu - 27928 cmds (35.44702238919633%)
1: alu_st_ld - 19005 cmds (24.121693658932834%)
2: fp_st_ld - 9561 cmds (12.135096715235823%)
3: misc - 7590 cmds (9.63344671777428%)
4: misc_st_ld - 7285 cmds (9.24633192872011%)
5: br - 3936 cmds (4.995684622023658%)
6: fp - 3144 cmds (3.990455399299386%)
7: st_ld - 338 cmds (0.42899934000101536%)
8: br_st_ld - 1 cmds (0.0012692288165710515%)

2023-03-18 16:56:51,149: INFO - 52.02264304208763
2023-03-18 16:56:51,149: INFO - thread #8  - x264      , 78788 commands, cpi 52.015:
0: alu - 27915 cmds (35.4305224145809%)
1: alu_st_ld - 18914 cmds (24.006193836624867%)
2: fp_st_ld - 9513 cmds (12.074173732040412%)
3: misc - 7612 cmds (9.661369751738844%)
4: misc_st_ld - 7374 cmds (9.359293293394932%)
5: br - 3943 cmds (5.004569223739656%)
6: fp - 3134 cmds (3.977763111133675%)
7: st_ld - 382 cmds (0.48484540793014164%)
8: br_st_ld - 1 cmds (0.0012692288165710515%)

2023-03-18 16:56:51,178: INFO - 52.01544651469767
2023-03-18 16:56:51,178: INFO - thread #9  - x264      , 78788 commands, cpi 52.176:
0: alu - 28026 cmds (35.571406813220285%)
1: alu_st_ld - 18934 cmds (24.03157841295629%)
2: fp_st_ld - 9672 cmds (12.27598111387521%)
3: misc - 7484 cmds (9.498908463217749%)
4: misc_st_ld - 7270 cmds (9.227293496471544%)
5: br - 3940 cmds (5.000761537289943%)
6: fp - 3151 cmds (3.999340001015383%)
7: st_ld - 310 cmds (0.39346093313702596%)
8: br_st_ld - 1 cmds (0.0012692288165710515%)

2023-03-18 16:56:51,209: INFO - 52.17572472965426
2023-03-18 16:56:51,209: INFO - thread #10 - x264      , 78788 commands, cpi 52.263:
0: alu - 28016 cmds (35.558714525054576%)
1: alu_st_ld - 18945 cmds (24.04553992993857%)
2: fp_st_ld - 9745 cmds (12.368634817484896%)
3: misc - 7483 cmds (9.497639234401177%)
4: misc_st_ld - 7145 cmds (9.068639894400162%)
5: br - 3940 cmds (5.000761537289943%)
6: fp - 3161 cmds (4.012032289181094%)
7: st_ld - 352 cmds (0.4467685434330101%)
8: br_st_ld - 1 cmds (0.0012692288165710515%)

2023-03-18 16:56:51,242: INFO - 52.26278113418287
2023-03-18 16:56:51,242: INFO - thread #11 - x264      , 78788 commands, cpi 51.85:
0: alu - 27978 cmds (35.510483830024874%)
1: alu_st_ld - 18940 cmds (24.039193785855716%)
2: fp_st_ld - 9678 cmds (12.283596486774636%)
3: misc - 7536 cmds (9.564908361679443%)
4: misc_st_ld - 7220 cmds (9.163832055642992%)
5: br - 3940 cmds (5.000761537289943%)
6: fp - 3148 cmds (3.99553231456567%)
7: st_ld - 347 cmds (0.44042239935015487%)
8: br_st_ld - 1 cmds (0.0012692288165710515%)

2023-03-18 16:56:51,271: INFO - 51.84990100015231
2023-03-18 16:56:51,271: INFO - thread #12 - x264      , 78788 commands, cpi 51.838:
0: alu - 27884 cmds (35.391176321267196%)
1: alu_st_ld - 19000 cmds (24.115347514849976%)
2: fp_st_ld - 9510 cmds (12.0703660455907%)
3: misc - 7634 cmds (9.689292785703406%)
4: misc_st_ld - 7297 cmds (9.261562674518963%)
5: br - 3940 cmds (5.000761537289943%)
6: fp - 3139 cmds (3.9841092552165303%)
7: st_ld - 383 cmds (0.4861146367467127%)
8: br_st_ld - 1 cmds (0.0012692288165710515%)

2023-03-18 16:56:51,305: INFO - 51.837691018936894
2023-03-18 16:56:51,305: INFO - thread #13 - x264      , 78788 commands, cpi 51.922:
0: alu - 27944 cmds (35.46733005026146%)
1: alu_st_ld - 18964 cmds (24.069655277453418%)
2: fp_st_ld - 9597 cmds (12.18078895263238%)
3: misc - 7582 cmds (9.623292887241712%)
4: misc_st_ld - 7242 cmds (9.191755089607554%)
5: br - 3936 cmds (4.995684622023658%)
6: fp - 3133 cmds (3.9764938823171043%)
7: st_ld - 389 cmds (0.493730009646139%)
8: br_st_ld - 1 cmds (0.0012692288165710515%)

2023-03-18 16:56:51,340: INFO - 51.92177742803472
2023-03-18 16:56:51,340: INFO - thread #14 - x264      , 78788 commands, cpi 52.003:
0: alu - 27987 cmds (35.521906889374016%)
1: alu_st_ld - 18961 cmds (24.065847591003706%)
2: fp_st_ld - 9471 cmds (12.020866121744428%)
3: misc - 7533 cmds (9.56110067522973%)
4: misc_st_ld - 7432 cmds (9.432908564756055%)
5: br - 3933 cmds (4.991876935573945%)
6: fp - 3146 cmds (3.992993856932528%)
7: st_ld - 324 cmds (0.4112301365690207%)
8: br_st_ld - 1 cmds (0.0012692288165710515%)

2023-03-18 16:56:51,384: INFO - 52.002563842209476
2023-03-18 16:56:51,384: INFO - execution unit summary:
2023-03-18 16:56:51,384: INFO - == st_ld Unit ======= 
Usage: 1.108%
2023-03-18 16:56:51,385: INFO - == alu Unit ========= 
Usage: 13.638%
2023-03-18 16:56:51,385: INFO - == alu Unit ========= 
Usage: 6.694%
2023-03-18 16:56:51,385: INFO - == alu_st_ld Unit === 
Usage: 28.598%
2023-03-18 16:56:51,385: INFO - == alu_st_ld Unit === 
Usage: 18.989%
2023-03-18 16:56:51,385: INFO - == fp Unit ========== 
Usage: 11.419%
2023-03-18 16:56:51,385: INFO - == fp_st_ld Unit ==== 
Usage: 38.481%
2023-03-18 16:56:51,385: INFO - == br Unit ========== 
Usage: 2.284%
2023-03-18 16:56:51,385: INFO - == br Unit ========== 
Usage: 0.579%
2023-03-18 16:56:51,385: INFO - == br_st_ld Unit ==== 
Usage: 0.001%
2023-03-18 16:56:51,385: INFO - == misc Unit ======== 
Usage: 21.979%
2023-03-18 16:56:51,385: INFO - == misc_st_ld Unit == 
Usage: 25.356%
2023-03-18 16:56:51,385: INFO - total cpi:3.491222859657139
2023-03-18 16:56:51,385: INFO - fairness:0.9999920096701189
2023-03-18 16:56:51,385: INFO - [52.36833020256892, 51.96199928923186, 52.03041072244504, 52.10931867797127, 51.85585368330202, 51.919860892521704, 52.055947606234454, 52.02264304208763, 52.01544651469767, 52.17572472965426, 52.26278113418287, 51.84990100015231, 51.837691018936894, 51.92177742803472, 52.002563842209476]
