2023-03-18 20:05:35,963: INFO - thread summary:
2023-03-18 20:05:36,019: INFO - thread #0  - fotonik3d , 82843 commands, cpi 44.729:
0: alu - 30799 cmds (37.17755272020569%)
1: alu_st_ld - 20674 cmds (24.95563897975689%)
2: br - 11697 cmds (14.119479014521444%)
3: misc - 7222 cmds (8.717694916890986%)
4: misc_st_ld - 6323 cmds (7.632509686998298%)
5: st_ld - 6118 cmds (7.385053655710199%)
6: fp - 8 cmds (0.009656820733194115%)
7: fp_st_ld - 2 cmds (0.0024142051832985287%)

2023-03-18 20:05:36,138: INFO - 44.72930724382265
2023-03-18 20:05:36,138: INFO - thread #1  - fotonik3d , 82843 commands, cpi 44.793:
0: alu - 30792 cmds (37.16910300206415%)
1: alu_st_ld - 20687 cmds (24.97133131344833%)
2: br - 11710 cmds (14.135171348212884%)
3: misc - 7196 cmds (8.686310249508105%)
4: misc_st_ld - 6329 cmds (7.639752302548193%)
5: st_ld - 6119 cmds (7.386260758301848%)
6: fp - 8 cmds (0.009656820733194115%)
7: fp_st_ld - 2 cmds (0.0024142051832985287%)

2023-03-18 20:05:36,307: INFO - 44.79268012988424
2023-03-18 20:05:36,307: INFO - thread #2  - fotonik3d , 82843 commands, cpi 44.652:
0: alu - 30626 cmds (36.968723971850366%)
1: alu_st_ld - 20724 cmds (25.015994109339353%)
2: br - 11708 cmds (14.132757143029586%)
3: misc - 7353 cmds (8.87582535639704%)
4: misc_st_ld - 6261 cmds (7.557669326316043%)
5: st_ld - 6161 cmds (7.436959067151117%)
6: fp - 8 cmds (0.009656820733194115%)
7: fp_st_ld - 2 cmds (0.0024142051832985287%)

2023-03-18 20:05:36,393: INFO - 44.65216131719035
2023-03-18 20:05:36,393: INFO - thread #3  - fotonik3d , 82843 commands, cpi 44.796:
0: alu - 30863 cmds (37.25480728607124%)
1: alu_st_ld - 20708 cmds (24.996680467872963%)
2: br - 11702 cmds (14.125514527479691%)
3: misc - 7130 cmds (8.606641478459254%)
4: misc_st_ld - 6285 cmds (7.586639788515626%)
5: st_ld - 6145 cmds (7.417645425684729%)
6: fp - 8 cmds (0.009656820733194115%)
7: fp_st_ld - 2 cmds (0.0024142051832985287%)

2023-03-18 20:05:36,503: INFO - 44.79642214791835
2023-03-18 20:05:36,503: INFO - thread #4  - fotonik3d , 82843 commands, cpi 44.602:
0: alu - 30733 cmds (37.09788394915684%)
1: alu_st_ld - 20618 cmds (24.88804123462453%)
2: br - 11697 cmds (14.119479014521444%)
3: misc - 7306 cmds (8.819091534589525%)
4: misc_st_ld - 6374 cmds (7.69407191917241%)
5: st_ld - 6105 cmds (7.369361322018758%)
6: fp - 8 cmds (0.009656820733194115%)
7: fp_st_ld - 2 cmds (0.0024142051832985287%)

2023-03-18 20:05:36,648: INFO - 44.60194584937774
2023-03-18 20:05:36,648: INFO - thread #5  - fotonik3d , 82843 commands, cpi 44.839:
0: alu - 30643 cmds (36.989244715908406%)
1: alu_st_ld - 20712 cmds (25.001508878239562%)
2: br - 11713 cmds (14.138792655987832%)
3: misc - 7313 cmds (8.82754125273107%)
4: misc_st_ld - 6265 cmds (7.562497736682641%)
5: st_ld - 6187 cmds (7.468343734533998%)
6: fp - 8 cmds (0.009656820733194115%)
7: fp_st_ld - 2 cmds (0.0024142051832985287%)

2023-03-18 20:05:36,742: INFO - 44.83858624144466
2023-03-18 20:05:36,742: INFO - thread #6  - fotonik3d , 82843 commands, cpi 44.859:
0: alu - 30776 cmds (37.14978936059776%)
1: alu_st_ld - 20639 cmds (24.913390389049166%)
2: br - 11700 cmds (14.123100322296391%)
3: misc - 7211 cmds (8.704416788382845%)
4: misc_st_ld - 6370 cmds (7.689243508805814%)
5: st_ld - 6137 cmds (7.407988604951535%)
6: fp - 8 cmds (0.009656820733194115%)
7: fp_st_ld - 2 cmds (0.0024142051832985287%)

2023-03-18 20:05:36,865: INFO - 44.859384619098776
2023-03-18 20:05:36,866: INFO - thread #7  - fotonik3d , 82843 commands, cpi 44.612:
0: alu - 30684 cmds (37.038735922166026%)
1: alu_st_ld - 20771 cmds (25.07272793114687%)
2: br - 11702 cmds (14.125514527479691%)
3: misc - 7341 cmds (8.861340125297248%)
4: misc_st_ld - 6205 cmds (7.490071581183685%)
5: st_ld - 6130 cmds (7.39953888680999%)
6: fp - 8 cmds (0.009656820733194115%)
7: fp_st_ld - 2 cmds (0.0024142051832985287%)

2023-03-18 20:05:36,964: INFO - 44.61175959344785
2023-03-18 20:05:36,964: INFO - thread #8  - fotonik3d , 82843 commands, cpi 44.689:
0: alu - 30784 cmds (37.15944618133095%)
1: alu_st_ld - 20685 cmds (24.968917108265032%)
2: br - 11715 cmds (14.141206861171131%)
3: misc - 7197 cmds (8.687517352099755%)
4: misc_st_ld - 6302 cmds (7.607160532573664%)
5: st_ld - 6150 cmds (7.423680938642975%)
6: fp - 8 cmds (0.009656820733194115%)
7: fp_st_ld - 2 cmds (0.0024142051832985287%)

2023-03-18 20:05:37,076: INFO - 44.68899001726157
2023-03-18 20:05:37,076: INFO - thread #9  - fotonik3d , 82843 commands, cpi 44.664:
0: alu - 30691 cmds (37.04718564030757%)
1: alu_st_ld - 20725 cmds (25.017201211931003%)
2: br - 11697 cmds (14.119479014521444%)
3: misc - 7307 cmds (8.820298637181175%)
4: misc_st_ld - 6245 cmds (7.538355684849655%)
5: st_ld - 6168 cmds (7.445408785292662%)
6: fp - 8 cmds (0.009656820733194115%)
7: fp_st_ld - 2 cmds (0.0024142051832985287%)

2023-03-18 20:05:37,188: INFO - 44.66373743104426
2023-03-18 20:05:37,188: INFO - thread #10 - fotonik3d , 82843 commands, cpi 44.7:
0: alu - 30721 cmds (37.08339871805705%)
1: alu_st_ld - 20647 cmds (24.92304720978236%)
2: br - 11699 cmds (14.121893219704743%)
3: misc - 7272 cmds (8.77805004647345%)
4: misc_st_ld - 6358 cmds (7.674758277706022%)
5: st_ld - 6136 cmds (7.406781502359886%)
6: fp - 8 cmds (0.009656820733194115%)
7: fp_st_ld - 2 cmds (0.0024142051832985287%)

2023-03-18 20:05:37,299: INFO - 44.69978151443091
2023-03-18 20:05:37,299: INFO - thread #11 - fotonik3d , 82843 commands, cpi 44.643:
0: alu - 30719 cmds (37.08098451287375%)
1: alu_st_ld - 20654 cmds (24.931496927923906%)
2: br - 11707 cmds (14.131550040437936%)
3: misc - 7268 cmds (8.773221636106852%)
4: misc_st_ld - 6336 cmds (7.648202020689738%)
5: st_ld - 6149 cmds (7.422473836051326%)
6: fp - 8 cmds (0.009656820733194115%)
7: fp_st_ld - 2 cmds (0.0024142051832985287%)

2023-03-18 20:05:37,519: INFO - 44.64250449645716
2023-03-18 20:05:37,519: INFO - thread #12 - fotonik3d , 82843 commands, cpi 44.875:
0: alu - 30663 cmds (37.01338676774139%)
1: alu_st_ld - 20724 cmds (25.015994109339353%)
2: br - 11690 cmds (14.111029296379899%)
3: misc - 7336 cmds (8.855304612339003%)
4: misc_st_ld - 6279 cmds (7.579397172965731%)
5: st_ld - 6141 cmds (7.412817015318132%)
6: fp - 8 cmds (0.009656820733194115%)
7: fp_st_ld - 2 cmds (0.0024142051832985287%)

2023-03-18 20:05:37,639: INFO - 44.8754270125418
2023-03-18 20:05:37,639: INFO - execution unit summary:
2023-03-18 20:05:37,639: INFO - == st_ld Unit ======= 
Usage: 18.296%
2023-03-18 20:05:37,640: INFO - == alu Unit ========= 
Usage: 13.478%
2023-03-18 20:05:37,640: INFO - == alu Unit ========= 
Usage: 8.013%
2023-03-18 20:05:37,640: INFO - == alu_st_ld Unit === 
Usage: 28.274%
2023-03-18 20:05:37,640: INFO - == alu_st_ld Unit === 
Usage: 19.196%
2023-03-18 20:05:37,640: INFO - == fp Unit ========== 
Usage: 0.028%
2023-03-18 20:05:37,640: INFO - == fp_st_ld Unit ==== 
Usage: 0.008%
2023-03-18 20:05:37,640: INFO - == br Unit ========== 
Usage: 6.435%
2023-03-18 20:05:37,640: INFO - == br Unit ========== 
Usage: 1.749%
2023-03-18 20:05:37,640: INFO - == br_st_ld Unit ==== 
Usage: 0.0%
2023-03-18 20:05:37,640: INFO - == misc Unit ======== 
Usage: 20.325%
2023-03-18 20:05:37,640: INFO - == misc_st_ld Unit == 
Usage: 21.182%
2023-03-18 20:05:37,640: INFO - total cpi:3.451999565443067
2023-03-18 20:05:37,640: INFO - fairness:0.9999958136944856
2023-03-18 20:05:37,640: INFO - [44.72930724382265, 44.79268012988424, 44.65216131719035, 44.79642214791835, 44.60194584937774, 44.83858624144466, 44.859384619098776, 44.61175959344785, 44.68899001726157, 44.66373743104426, 44.69978151443091, 44.64250449645716, 44.8754270125418]
