2023-03-18 14:43:09,900: INFO - thread summary:
2023-03-18 14:43:09,940: INFO - thread #0  - x264      , 78788 commands, cpi 19.152:
0: alu - 26989 cmds (34.25521653043611%)
1: alu_st_ld - 19667 cmds (24.961923135502868%)
2: misc_st_ld - 8590 cmds (10.902675534345331%)
3: misc - 8469 cmds (10.749098847540235%)
4: fp_st_ld - 7556 cmds (9.590292938010865%)
5: br - 3945 cmds (5.007107681372798%)
6: fp - 3193 cmds (4.052647611311367%)
7: st_ld - 378 cmds (0.47976849266385746%)
8: br_st_ld - 1 cmds (0.0012692288165710515%)

2023-03-18 14:43:10,169: INFO - 19.151698228156572
2023-03-18 14:43:10,169: INFO - thread #1  - x264      , 78788 commands, cpi 19.353:
0: alu - 26930 cmds (34.18033203025841%)
1: alu_st_ld - 19651 cmds (24.941615474437732%)
2: misc_st_ld - 8573 cmds (10.881098644463624%)
3: misc - 8533 cmds (10.830329491800782%)
4: fp_st_ld - 7655 cmds (9.715946590851399%)
5: br - 3947 cmds (5.00964613900594%)
6: fp - 3187 cmds (4.045032238411941%)
7: st_ld - 311 cmds (0.394730161953597%)
8: br_st_ld - 1 cmds (0.0012692288165710515%)

2023-03-18 14:43:10,397: INFO - 19.352794841854088
2023-03-18 14:43:10,397: INFO - thread #2  - x264      , 78788 commands, cpi 19.066:
0: alu - 26950 cmds (34.20571660658984%)
1: alu_st_ld - 19653 cmds (24.944153932070872%)
2: misc - 8533 cmds (10.830329491800782%)
3: misc_st_ld - 8528 cmds (10.823983347717927%)
4: fp_st_ld - 7612 cmds (9.661369751738844%)
5: br - 3947 cmds (5.00964613900594%)
6: fp - 3169 cmds (4.022186119713662%)
7: st_ld - 395 cmds (0.5013453825455653%)
8: br_st_ld - 1 cmds (0.0012692288165710515%)

2023-03-18 14:43:10,641: INFO - 19.065847591003706
2023-03-18 14:43:10,641: INFO - thread #3  - x264      , 78788 commands, cpi 19.351:
0: alu - 26995 cmds (34.26283190333553%)
1: alu_st_ld - 19662 cmds (24.955576991420013%)
2: misc_st_ld - 8578 cmds (10.88744478854648%)
3: misc - 8488 cmds (10.773214195055084%)
4: fp_st_ld - 7607 cmds (9.655023607655988%)
5: br - 3949 cmds (5.012184596639082%)
6: fp - 3164 cmds (4.015839975630807%)
7: st_ld - 344 cmds (0.4366147129004417%)
8: br_st_ld - 1 cmds (0.0012692288165710515%)

2023-03-18 14:43:10,872: INFO - 19.351208305833374
2023-03-18 14:43:10,872: INFO - thread #4  - x264      , 78788 commands, cpi 19.103:
0: alu - 26941 cmds (34.1942935472407%)
1: alu_st_ld - 19627 cmds (24.911153982840027%)
2: misc_st_ld - 8711 cmds (11.056252221150428%)
3: misc - 8547 cmds (10.848098695232776%)
4: fp_st_ld - 7530 cmds (9.557292988780016%)
5: br - 3948 cmds (5.010915367822511%)
6: fp - 3162 cmds (4.0133015179976645%)
7: st_ld - 321 cmds (0.4074224501193075%)
8: br_st_ld - 1 cmds (0.0012692288165710515%)

2023-03-18 14:43:11,163: INFO - 19.103340610245215
2023-03-18 14:43:11,163: INFO - thread #5  - x264      , 78788 commands, cpi 18.975:
0: alu - 26912 cmds (34.15748591156014%)
1: alu_st_ld - 19633 cmds (24.918769355739453%)
2: misc_st_ld - 8616 cmds (10.93567548357618%)
3: misc - 8575 cmds (10.883637102096767%)
4: fp_st_ld - 7573 cmds (9.611869827892573%)
5: br - 3950 cmds (5.013453825455653%)
6: fp - 3160 cmds (4.010763060364522%)
7: st_ld - 368 cmds (0.4670762044981469%)
8: br_st_ld - 1 cmds (0.0012692288165710515%)

2023-03-18 14:43:11,196: INFO - 18.974793115702898
2023-03-18 14:43:11,196: INFO - thread #6  - x264      , 78788 commands, cpi 19.084:
0: alu - 26992 cmds (34.25902421688582%)
1: alu_st_ld - 19640 cmds (24.92765395745545%)
2: misc_st_ld - 8653 cmds (10.982636949789308%)
3: misc - 8479 cmds (10.761791135705945%)
4: fp_st_ld - 7536 cmds (9.564908361679443%)
5: br - 3946 cmds (5.008376910189369%)
6: fp - 3180 cmds (4.036147636695944%)
7: st_ld - 361 cmds (0.45819160278214954%)
8: br_st_ld - 1 cmds (0.0012692288165710515%)

2023-03-18 14:43:11,645: INFO - 19.084378331725645
2023-03-18 14:43:11,645: INFO - execution unit summary:
2023-03-18 14:43:11,646: INFO - == st_ld Unit ======= 
Usage: 1.062%
2023-03-18 14:43:11,646: INFO - == alu Unit ========= 
Usage: 13.499%
2023-03-18 14:43:11,647: INFO - == alu Unit ========= 
Usage: 11.253%
2023-03-18 14:43:11,647: INFO - == alu_st_ld Unit === 
Usage: 28.892%
2023-03-18 14:43:11,647: INFO - == alu_st_ld Unit === 
Usage: 27.175%
2023-03-18 14:43:11,647: INFO - == fp Unit ========== 
Usage: 14.569%
2023-03-18 14:43:11,647: INFO - == fp_st_ld Unit ==== 
Usage: 36.092%
2023-03-18 14:43:11,647: INFO - == br Unit ========== 
Usage: 2.857%
2023-03-18 14:43:11,647: INFO - == br Unit ========== 
Usage: 0.928%
2023-03-18 14:43:11,647: INFO - == br_st_ld Unit ==== 
Usage: 0.001%
2023-03-18 14:43:11,648: INFO - == misc Unit ======== 
Usage: 31.283%
2023-03-18 14:43:11,648: INFO - == misc_st_ld Unit == 
Usage: 32.556%
2023-03-18 14:43:11,648: INFO - total cpi:2.7646886037757743
2023-03-18 14:43:11,648: INFO - fairness:0.9999513877745185
2023-03-18 14:43:11,648: INFO - [19.151698228156572, 19.352794841854088, 19.065847591003706, 19.351208305833374, 19.103340610245215, 18.974793115702898, 19.084378331725645]
2023-03-18 15:37:34,251: INFO - thread summary:
2023-03-18 15:37:34,254: INFO - thread #0  - x264      , 78788 commands, cpi 37.385:
0: alu - 26943 cmds (34.19683200487384%)
1: alu_st_ld - 18842 cmds (23.91480936183175%)
2: fp_st_ld - 8809 cmds (11.180636645174392%)
3: misc - 8496 cmds (10.783368025587652%)
4: misc_st_ld - 8145 cmds (10.337868710971215%)
5: br - 3947 cmds (5.00964613900594%)
6: fp - 3211 cmds (4.075493730009646%)
7: st_ld - 394 cmds (0.5000761537289943%)
8: br_st_ld - 1 cmds (0.0012692288165710515%)

2023-03-18 15:37:34,273: INFO - 37.384525562268365
2023-03-18 15:37:34,273: INFO - thread #1  - x264      , 78788 commands, cpi 37.623:
0: alu - 26892 cmds (34.13210133522872%)
1: alu_st_ld - 18768 cmds (23.820886429405494%)
2: fp_st_ld - 8962 cmds (11.374828654109763%)
3: misc - 8530 cmds (10.826521805351069%)
4: misc_st_ld - 8091 cmds (10.269330354876377%)
5: br - 3949 cmds (5.012184596639082%)
6: fp - 3227 cmds (4.095801391074783%)
7: st_ld - 368 cmds (0.4670762044981469%)
8: br_st_ld - 1 cmds (0.0012692288165710515%)

2023-03-18 15:37:34,293: INFO - 37.622772503426916
2023-03-18 15:37:34,293: INFO - thread #2  - x264      , 78788 commands, cpi 37.49:
0: alu - 26921 cmds (34.16890897090928%)
1: alu_st_ld - 18818 cmds (23.884347870234045%)
2: fp_st_ld - 8916 cmds (11.316444128547495%)
3: misc - 8518 cmds (10.811291059552216%)
4: misc_st_ld - 8114 cmds (10.298522617657511%)
5: br - 3943 cmds (5.004569223739656%)
6: fp - 3216 cmds (4.081839874092501%)
7: st_ld - 341 cmds (0.43280702645072855%)
8: br_st_ld - 1 cmds (0.0012692288165710515%)

2023-03-18 15:37:34,312: INFO - 37.489922323196424
2023-03-18 15:37:34,312: INFO - thread #3  - x264      , 78788 commands, cpi 37.227:
0: alu - 26909 cmds (34.153678225110426%)
1: alu_st_ld - 18805 cmds (23.86784789561862%)
2: fp_st_ld - 8917 cmds (11.317713357364065%)
3: misc - 8520 cmds (10.813829517185358%)
4: misc_st_ld - 8107 cmds (10.289638015941513%)
5: br - 3945 cmds (5.007107681372798%)
6: fp - 3225 cmds (4.093262933441641%)
7: st_ld - 359 cmds (0.45565314514900745%)
8: br_st_ld - 1 cmds (0.0012692288165710515%)

2023-03-18 15:37:34,331: INFO - 37.227014266131896
2023-03-18 15:37:34,331: INFO - thread #4  - x264      , 78788 commands, cpi 37.503:
0: alu - 26884 cmds (34.121947504696145%)
1: alu_st_ld - 18862 cmds (23.940193938163173%)
2: fp_st_ld - 8776 cmds (11.138752094227547%)
3: misc - 8538 cmds (10.836675635883637%)
4: misc_st_ld - 8193 cmds (10.398791694166624%)
5: br - 3946 cmds (5.008376910189369%)
6: fp - 3229 cmds (4.0983398487079254%)
7: st_ld - 359 cmds (0.45565314514900745%)
8: br_st_ld - 1 cmds (0.0012692288165710515%)

2023-03-18 15:37:34,350: INFO - 37.503185764329594
2023-03-18 15:37:34,350: INFO - thread #5  - x264      , 78788 commands, cpi 37.474:
0: alu - 26928 cmds (34.177793572625276%)
1: alu_st_ld - 18756 cmds (23.80565568360664%)
2: fp_st_ld - 8887 cmds (11.279636492866935%)
3: misc - 8508 cmds (10.798598771386505%)
4: misc_st_ld - 8161 cmds (10.35817637203635%)
5: br - 3947 cmds (5.00964613900594%)
6: fp - 3215 cmds (4.08057064527593%)
7: st_ld - 385 cmds (0.4886530943798548%)
8: br_st_ld - 1 cmds (0.0012692288165710515%)

2023-03-18 15:37:34,371: INFO - 37.47437427019343
2023-03-18 15:37:34,372: INFO - thread #6  - x264      , 78788 commands, cpi 37.519:
0: alu - 26871 cmds (34.105447530080724%)
1: alu_st_ld - 18740 cmds (23.785348022541505%)
2: fp_st_ld - 8983 cmds (11.401482459257755%)
3: misc - 8558 cmds (10.862060212215058%)
4: misc_st_ld - 8116 cmds (10.301061075290653%)
5: br - 3948 cmds (5.010915367822511%)
6: fp - 3220 cmds (4.086916789358786%)
7: st_ld - 351 cmds (0.44549931461643905%)
8: br_st_ld - 1 cmds (0.0012692288165710515%)

2023-03-18 15:37:34,391: INFO - 37.519330354876374
2023-03-18 15:37:34,391: INFO - thread #7  - x264      , 78788 commands, cpi 37.335:
0: alu - 26870 cmds (34.10417830126415%)
1: alu_st_ld - 18819 cmds (23.885617099050616%)
2: fp_st_ld - 8827 cmds (11.203482763872671%)
3: misc - 8551 cmds (10.853175610499061%)
4: misc_st_ld - 8162 cmds (10.359445600852922%)
5: br - 3945 cmds (5.007107681372798%)
6: fp - 3231 cmds (4.100878306341067%)
7: st_ld - 382 cmds (0.48484540793014164%)
8: br_st_ld - 1 cmds (0.0012692288165710515%)

2023-03-18 15:37:34,409: INFO - 37.3345052546073
2023-03-18 15:37:34,409: INFO - thread #8  - x264      , 78788 commands, cpi 37.094:
0: alu - 26938 cmds (34.190485860790986%)
1: alu_st_ld - 18758 cmds (23.80819414123978%)
2: fp_st_ld - 8925 cmds (11.327867187896635%)
3: misc - 8490 cmds (10.775752652688226%)
4: misc_st_ld - 8124 cmds (10.311214905823222%)
5: br - 3943 cmds (5.004569223739656%)
6: fp - 3226 cmds (4.094532162258212%)
7: st_ld - 383 cmds (0.4861146367467127%)
8: br_st_ld - 1 cmds (0.0012692288165710515%)

2023-03-18 15:37:34,431: INFO - 37.09359293293395
2023-03-18 15:37:34,431: INFO - thread #9  - x264      , 78788 commands, cpi 37.494:
0: alu - 26883 cmds (34.12067827587958%)
1: alu_st_ld - 18760 cmds (23.810732598872924%)
2: fp_st_ld - 8992 cmds (11.412905518606895%)
3: misc - 8579 cmds (10.88871401736305%)
4: misc_st_ld - 8073 cmds (10.246484236178098%)
5: br - 3947 cmds (5.00964613900594%)
6: fp - 3187 cmds (4.045032238411941%)
7: st_ld - 366 cmds (0.4645377468650048%)
8: br_st_ld - 1 cmds (0.0012692288165710515%)

2023-03-18 15:37:34,452: INFO - 37.494339239478094
2023-03-18 15:37:34,452: INFO - thread #10 - x264      , 78788 commands, cpi 37.527:
0: alu - 26803 cmds (34.019139970553894%)
1: alu_st_ld - 18738 cmds (23.782809564908362%)
2: fp_st_ld - 9069 cmds (11.510636137482866%)
3: misc - 8634 cmds (10.958521602274457%)
4: misc_st_ld - 8024 cmds (10.184292024166117%)
5: br - 3950 cmds (5.013453825455653%)
6: fp - 3210 cmds (4.074224501193075%)
7: st_ld - 359 cmds (0.45565314514900745%)
8: br_st_ld - 1 cmds (0.0012692288165710515%)

2023-03-18 15:37:34,472: INFO - 37.52705995836929
2023-03-18 15:37:34,472: INFO - execution unit summary:
2023-03-18 15:37:34,472: INFO - == st_ld Unit ======= 
Usage: 1.046%
2023-03-18 15:37:34,472: INFO - == alu Unit ========= 
Usage: 11.809%
2023-03-18 15:37:34,472: INFO - == alu Unit ========= 
Usage: 8.152%
2023-03-18 15:37:34,472: INFO - == alu_st_ld Unit === 
Usage: 26.063%
2023-03-18 15:37:34,473: INFO - == alu_st_ld Unit === 
Usage: 19.646%
2023-03-18 15:37:34,473: INFO - == fp Unit ========== 
Usage: 11.941%
2023-03-18 15:37:34,473: INFO - == fp_st_ld Unit ==== 
Usage: 35.624%
2023-03-18 15:37:34,473: INFO - == br Unit ========== 
Usage: 2.321%
2023-03-18 15:37:34,473: INFO - == br Unit ========== 
Usage: 0.608%
2023-03-18 15:37:34,473: INFO - == br_st_ld Unit ==== 
Usage: 0.001%
2023-03-18 15:37:34,473: INFO - == misc Unit ======== 
Usage: 25.348%
2023-03-18 15:37:34,473: INFO - == misc_st_ld Unit == 
Usage: 26.595%
2023-03-18 15:37:34,473: INFO - total cpi:3.420254353454841
2023-03-18 15:37:34,473: INFO - fairness:0.9999846374862201
2023-03-18 15:37:34,473: INFO - [37.384525562268365, 37.622772503426916, 37.489922323196424, 37.227014266131896, 37.503185764329594, 37.47437427019343, 37.519330354876374, 37.3345052546073, 37.09359293293395, 37.494339239478094, 37.52705995836929]
