2023-03-15 00:24:26,980: INFO - thread summary:
2023-03-15 00:24:27,031: INFO - thread #0  - x264      , 420196 commands, cpi 11.327:
0: alu - 147911 cmds (35.200477872231055%)
1: alu_st_ld - 105321 cmds (25.06473169663681%)
2: misc_st_ld - 45440 cmds (10.814001085207856%)
3: misc - 45067 cmds (10.725232986511056%)
4: fp_st_ld - 39869 cmds (9.488191225047359%)
5: br - 20926 cmds (4.980056925815572%)
6: fp - 13074 cmds (3.1114051537853764%)
7: st_ld - 2575 cmds (0.6128092604403659%)
8: br_st_ld - 13 cmds (0.003093794324553304%)

2023-03-15 00:24:29,423: INFO - 11.326749897666803
2023-03-15 00:24:29,423: INFO - execution unit summary:
2023-03-15 00:24:29,424: INFO - == st_ld Unit ======= 
Usage: 0.342%
2023-03-15 00:24:29,425: INFO - == alu Unit ========= 
Usage: 3.365%
2023-03-15 00:24:29,426: INFO - == alu Unit ========= 
Usage: 2.851%
2023-03-15 00:24:29,426: INFO - == alu_st_ld Unit === 
Usage: 6.774%
2023-03-15 00:24:29,426: INFO - == alu_st_ld Unit === 
Usage: 6.75%
2023-03-15 00:24:29,426: INFO - == fp Unit ========== 
Usage: 2.747%
2023-03-15 00:24:29,426: INFO - == fp_st_ld Unit ==== 
Usage: 8.563%
2023-03-15 00:24:29,426: INFO - == br Unit ========== 
Usage: 0.986%
2023-03-15 00:24:29,426: INFO - == br Unit ========== 
Usage: 0.083%
2023-03-15 00:24:29,426: INFO - == br_st_ld Unit ==== 
Usage: 0.001%
2023-03-15 00:24:29,426: INFO - == misc Unit ======== 
Usage: 7.575%
2023-03-15 00:24:29,426: INFO - == misc_st_ld Unit == 
Usage: 7.744%
2023-03-15 00:24:29,426: INFO - total cpi:11.326752277508591
2023-03-15 00:24:29,426: INFO - fairness:1.0
2023-03-15 00:24:29,426: INFO - [11.326749897666803]
