2023-03-18 17:10:36,307: INFO - thread summary:
2023-03-18 17:10:36,307: INFO - thread #0  - mcf       , 90848 commands, cpi 10.701:
0: alu - 29607 cmds (32.589600211342024%)
1: alu_st_ld - 23628 cmds (26.008277562522014%)
2: br - 15339 cmds (16.88424621345544%)
3: misc_st_ld - 9657 cmds (10.629843254667136%)
4: misc - 8925 cmds (9.824101796407186%)
5: st_ld - 3641 cmds (4.007793237055301%)
6: br_st_ld - 51 cmds (0.0561377245508982%)

2023-03-18 17:10:36,326: INFO - 10.700973053892216
2023-03-18 17:10:36,326: INFO - thread #1  - mcf       , 90848 commands, cpi 10.856:
0: alu - 29566 cmds (32.54446988376189%)
1: alu_st_ld - 23590 cmds (25.96644945403311%)
2: br - 15328 cmds (16.8721380767876%)
3: misc_st_ld - 9695 cmds (10.67167136315604%)
4: misc - 9014 cmds (9.922067629446989%)
5: st_ld - 3604 cmds (3.967065868263473%)
6: br_st_ld - 51 cmds (0.0561377245508982%)

2023-03-18 17:10:36,348: INFO - 10.856243395561817
2023-03-18 17:10:36,349: INFO - thread #2  - mcf       , 90848 commands, cpi 10.59:
0: alu - 29637 cmds (32.622622402254315%)
1: alu_st_ld - 23657 cmds (26.040199013737233%)
2: br - 15345 cmds (16.8908506516379%)
3: misc_st_ld - 9628 cmds (10.59792180345192%)
4: misc - 8926 cmds (9.825202536104262%)
5: st_ld - 3604 cmds (3.967065868263473%)
6: br_st_ld - 51 cmds (0.0561377245508982%)

2023-03-18 17:10:36,375: INFO - 10.59041475871786
2023-03-18 17:10:36,375: INFO - execution unit summary:
2023-03-18 17:10:36,375: INFO - == st_ld Unit ======= 
Usage: 6.974%
2023-03-18 17:10:36,375: INFO - == alu Unit ========= 
Usage: 9.94%
2023-03-18 17:10:36,375: INFO - == alu Unit ========= 
Usage: 8.069%
2023-03-18 17:10:36,375: INFO - == alu_st_ld Unit === 
Usage: 22.146%
2023-03-18 17:10:36,375: INFO - == alu_st_ld Unit === 
Usage: 21.734%
2023-03-18 17:10:36,375: INFO - == fp Unit ========== 
Usage: 0.0%
2023-03-18 17:10:36,375: INFO - == fp_st_ld Unit ==== 
Usage: 0.0%
2023-03-18 17:10:36,375: INFO - == br Unit ========== 
Usage: 6.585%
2023-03-18 17:10:36,375: INFO - == br Unit ========== 
Usage: 3.623%
2023-03-18 17:10:36,376: INFO - == br_st_ld Unit ==== 
Usage: 0.036%
2023-03-18 17:10:36,376: INFO - == misc Unit ======== 
Usage: 21.791%
2023-03-18 17:10:36,376: INFO - == misc_st_ld Unit == 
Usage: 23.86%
2023-03-18 17:10:36,376: INFO - total cpi:3.618755136785253
2023-03-18 17:10:36,376: INFO - fairness:0.9998968895474414
2023-03-18 17:10:36,376: INFO - [10.700973053892216, 10.856243395561817, 10.59041475871786]
