2023-03-15 09:29:42,931: INFO - thread summary:
2023-03-15 09:29:42,982: INFO - thread #0  - bwave     , 21594 commands, cpi 167.684:
0: alu - 6710 cmds (31.073446327683616%)
1: alu_st_ld - 5054 cmds (23.404649439659163%)
2: br - 3092 cmds (14.318792257108456%)
3: misc - 3063 cmds (14.184495693248124%)
4: misc_st_ld - 2415 cmds (11.183662128368992%)
5: st_ld - 1254 cmds (5.807168657960545%)
6: br_st_ld - 3 cmds (0.013892747985551542%)
7: fp_st_ld - 2 cmds (0.009261831990367694%)
8: fp - 1 cmds (0.004630915995183847%)

2023-03-15 09:29:42,994: INFO - 167.6839399833287
2023-03-15 09:29:42,994: INFO - thread #1  - bwave     , 21594 commands, cpi 167.067:
0: alu - 6664 cmds (30.86042419190516%)
1: alu_st_ld - 5086 cmds (23.552838751505046%)
2: misc - 3145 cmds (14.5642308048532%)
3: br - 3068 cmds (14.207650273224044%)
4: misc_st_ld - 2359 cmds (10.924330832638695%)
5: st_ld - 1266 cmds (5.862739649902751%)
6: br_st_ld - 3 cmds (0.013892747985551542%)
7: fp_st_ld - 2 cmds (0.009261831990367694%)
8: fp - 1 cmds (0.004630915995183847%)

2023-03-15 09:29:43,006: INFO - 167.0669167361304
2023-03-15 09:29:43,006: INFO - thread #2  - bwave     , 21594 commands, cpi 166.716:
0: alu - 6547 cmds (30.318607020468647%)
1: alu_st_ld - 5077 cmds (23.511160507548393%)
2: misc - 3264 cmds (15.115309808280077%)
3: br - 3074 cmds (14.235435769195147%)
4: misc_st_ld - 2353 cmds (10.896545336667593%)
5: st_ld - 1273 cmds (5.895156061869038%)
6: br_st_ld - 3 cmds (0.013892747985551542%)
7: fp_st_ld - 2 cmds (0.009261831990367694%)
8: fp - 1 cmds (0.004630915995183847%)

2023-03-15 09:29:43,018: INFO - 166.71607854033527
2023-03-15 09:29:43,018: INFO - thread #3  - bwave     , 21594 commands, cpi 166.351:
0: alu - 6705 cmds (31.050291747707696%)
1: alu_st_ld - 5047 cmds (23.37223302769288%)
2: misc - 3083 cmds (14.2771140131518%)
3: br - 3079 cmds (14.258590349171065%)
4: misc_st_ld - 2395 cmds (11.091043808465315%)
5: st_ld - 1279 cmds (5.922941557840141%)
6: br_st_ld - 3 cmds (0.013892747985551542%)
7: fp_st_ld - 2 cmds (0.009261831990367694%)
8: fp - 1 cmds (0.004630915995183847%)

2023-03-15 09:29:43,029: INFO - 166.3513475965546
2023-03-15 09:29:43,029: INFO - thread #4  - bwave     , 21594 commands, cpi 169.195:
0: alu - 6675 cmds (30.911364267852182%)
1: alu_st_ld - 5019 cmds (23.24256737982773%)
2: misc - 3124 cmds (14.466981568954338%)
3: br - 3079 cmds (14.258590349171065%)
4: misc_st_ld - 2446 cmds (11.32722052421969%)
5: st_ld - 1245 cmds (5.76549041400389%)
6: br_st_ld - 3 cmds (0.013892747985551542%)
7: fp_st_ld - 2 cmds (0.009261831990367694%)
8: fp - 1 cmds (0.004630915995183847%)

2023-03-15 09:29:43,039: INFO - 169.1951004908771
2023-03-15 09:29:43,039: INFO - thread #5  - bwave     , 21594 commands, cpi 167.689:
0: alu - 6668 cmds (30.878947855885894%)
1: alu_st_ld - 5082 cmds (23.534315087524313%)
2: misc - 3139 cmds (14.536445308882097%)
3: br - 3065 cmds (14.193757525238492%)
4: misc_st_ld - 2361 cmds (10.933592664629064%)
5: st_ld - 1273 cmds (5.895156061869038%)
6: br_st_ld - 3 cmds (0.013892747985551542%)
7: fp_st_ld - 2 cmds (0.009261831990367694%)
8: fp - 1 cmds (0.004630915995183847%)

2023-03-15 09:29:43,049: INFO - 167.6886635176438
2023-03-15 09:29:43,049: INFO - thread #6  - bwave     , 21594 commands, cpi 168.449:
0: alu - 6584 cmds (30.48995091229045%)
1: alu_st_ld - 5018 cmds (23.237936463832547%)
2: misc - 3220 cmds (14.911549504491989%)
3: br - 3082 cmds (14.272483097156618%)
4: misc_st_ld - 2433 cmds (11.2670186162823%)
5: st_ld - 1251 cmds (5.793275909974993%)
6: br_st_ld - 3 cmds (0.013892747985551542%)
7: fp_st_ld - 2 cmds (0.009261831990367694%)
8: fp - 1 cmds (0.004630915995183847%)

2023-03-15 09:29:43,059: INFO - 168.44878206909326
2023-03-15 09:29:43,060: INFO - thread #7  - bwave     , 21594 commands, cpi 167.913:
0: alu - 6730 cmds (31.166064647587294%)
1: alu_st_ld - 5027 cmds (23.2796147077892%)
2: br - 3083 cmds (14.2771140131518%)
3: misc - 3064 cmds (14.189126609243308%)
4: misc_st_ld - 2418 cmds (11.197554876354543%)
5: st_ld - 1266 cmds (5.862739649902751%)
6: br_st_ld - 3 cmds (0.013892747985551542%)
7: fp_st_ld - 2 cmds (0.009261831990367694%)
8: fp - 1 cmds (0.004630915995183847%)

2023-03-15 09:29:43,070: INFO - 167.91256830601094
2023-03-15 09:29:43,070: INFO - thread #8  - bwave     , 21594 commands, cpi 167.222:
0: alu - 6646 cmds (30.77706770399185%)
1: alu_st_ld - 5025 cmds (23.27035287579883%)
2: misc - 3163 cmds (14.64758729276651%)
3: br - 3073 cmds (14.230804853199963%)
4: misc_st_ld - 2422 cmds (11.216078540335278%)
5: st_ld - 1259 cmds (5.830323237936464%)
6: br_st_ld - 3 cmds (0.013892747985551542%)
7: fp_st_ld - 2 cmds (0.009261831990367694%)
8: fp - 1 cmds (0.004630915995183847%)

2023-03-15 09:29:43,080: INFO - 167.22233027692877
2023-03-15 09:29:43,080: INFO - thread #9  - bwave     , 21594 commands, cpi 165.813:
0: alu - 6666 cmds (30.869686023895525%)
1: alu_st_ld - 5097 cmds (23.60377882745207%)
2: misc - 3139 cmds (14.536445308882097%)
3: br - 3083 cmds (14.2771140131518%)
4: misc_st_ld - 2347 cmds (10.86875984069649%)
5: st_ld - 1256 cmds (5.816430489950912%)
6: br_st_ld - 3 cmds (0.013892747985551542%)
7: fp_st_ld - 2 cmds (0.009261831990367694%)
8: fp - 1 cmds (0.004630915995183847%)

2023-03-15 09:29:43,090: INFO - 165.81314253959434
2023-03-15 09:29:43,091: INFO - thread #10 - bwave     , 21594 commands, cpi 166.973:
0: alu - 6654 cmds (30.81411503195332%)
1: alu_st_ld - 5135 cmds (23.779753635269056%)
2: misc - 3134 cmds (14.513290728906178%)
3: br - 3074 cmds (14.235435769195147%)
4: misc_st_ld - 2333 cmds (10.803927016763916%)
5: st_ld - 1258 cmds (5.82569232194128%)
6: br_st_ld - 3 cmds (0.013892747985551542%)
7: fp_st_ld - 2 cmds (0.009261831990367694%)
8: fp - 1 cmds (0.004630915995183847%)

2023-03-15 09:29:43,101: INFO - 166.97258497730851
2023-03-15 09:29:43,101: INFO - thread #11 - bwave     , 21594 commands, cpi 170.144:
0: alu - 6682 cmds (30.943780679818467%)
1: alu_st_ld - 5046 cmds (23.367602111697693%)
2: misc - 3122 cmds (14.457719736963972%)
3: br - 3078 cmds (14.253959433175883%)
4: misc_st_ld - 2398 cmds (11.104936556450866%)
5: st_ld - 1262 cmds (5.844215985922015%)
6: br_st_ld - 3 cmds (0.013892747985551542%)
7: fp_st_ld - 2 cmds (0.009261831990367694%)
8: fp - 1 cmds (0.004630915995183847%)

2023-03-15 09:29:43,123: INFO - 170.14448457904973
2023-03-15 09:29:43,124: INFO - thread #12 - bwave     , 21594 commands, cpi 167.66:
0: alu - 6674 cmds (30.906733351856996%)
1: alu_st_ld - 5045 cmds (23.36297119570251%)
2: misc - 3110 cmds (14.402148745021766%)
3: br - 3099 cmds (14.351208669074744%)
4: misc_st_ld - 2426 cmds (11.234602204316014%)
5: st_ld - 1234 cmds (5.714550338056868%)
6: br_st_ld - 3 cmds (0.013892747985551542%)
7: fp_st_ld - 2 cmds (0.009261831990367694%)
8: fp - 1 cmds (0.004630915995183847%)

2023-03-15 09:29:43,136: INFO - 167.6603686209132
2023-03-15 09:29:43,137: INFO - execution unit summary:
2023-03-15 09:29:43,137: INFO - == st_ld Unit ======= 
Usage: 8.06%
2023-03-15 09:29:43,137: INFO - == alu Unit ========= 
Usage: 2.372%
2023-03-15 09:29:43,137: INFO - == alu Unit ========= 
Usage: 2.342%
2023-03-15 09:29:43,137: INFO - == alu_st_ld Unit === 
Usage: 9.739%
2023-03-15 09:29:43,137: INFO - == alu_st_ld Unit === 
Usage: 8.317%
2023-03-15 09:29:43,137: INFO - == fp Unit ========== 
Usage: 0.004%
2023-03-15 09:29:43,137: INFO - == fp_st_ld Unit ==== 
Usage: 0.016%
2023-03-15 09:29:43,137: INFO - == br Unit ========== 
Usage: 1.543%
2023-03-15 09:29:43,137: INFO - == br Unit ========== 
Usage: 1.095%
2023-03-15 09:29:43,137: INFO - == br_st_ld Unit ==== 
Usage: 0.008%
2023-03-15 09:29:43,137: INFO - == misc Unit ======== 
Usage: 8.877%
2023-03-15 09:29:43,137: INFO - == misc_st_ld Unit == 
Usage: 10.209%
2023-03-15 09:29:43,137: INFO - total cpi:13.088201138492886
2023-03-15 09:29:43,137: INFO - fairness:0.999956000914262
2023-03-15 09:29:43,137: INFO - [167.6839399833287, 167.0669167361304, 166.71607854033527, 166.3513475965546, 169.1951004908771, 167.6886635176438, 168.44878206909326, 167.91256830601094, 167.22233027692877, 165.81314253959434, 166.97258497730851, 170.14448457904973, 167.6603686209132]
