2023-03-18 20:10:39,846: INFO - thread summary:
2023-03-18 20:10:39,855: INFO - thread #0  - fotonik3d , 82843 commands, cpi 49.718:
0: alu - 31838 cmds (38.43173231292928%)
1: alu_st_ld - 21322 cmds (25.737841459145613%)
2: br - 11684 cmds (14.103786680830003%)
3: misc - 6325 cmds (7.634923892181597%)
4: st_ld - 6009 cmds (7.253479473220429%)
5: misc_st_ld - 5655 cmds (6.826165155776589%)
6: fp - 8 cmds (0.009656820733194115%)
7: fp_st_ld - 2 cmds (0.0024142051832985287%)

2023-03-18 20:10:39,881: INFO - 49.717694916890984
2023-03-18 20:10:39,881: INFO - thread #1  - fotonik3d , 82843 commands, cpi 49.457:
0: alu - 31807 cmds (38.39431213258815%)
1: alu_st_ld - 21269 cmds (25.673865021788203%)
2: br - 11683 cmds (14.102579578238354%)
3: misc - 6362 cmds (7.679586688072619%)
4: st_ld - 5982 cmds (7.220887703245899%)
5: misc_st_ld - 5730 cmds (6.9166978501502845%)
6: fp - 8 cmds (0.009656820733194115%)
7: fp_st_ld - 2 cmds (0.0024142051832985287%)

2023-03-18 20:10:39,921: INFO - 49.456634839395
2023-03-18 20:10:39,921: INFO - thread #2  - fotonik3d , 82843 commands, cpi 49.533:
0: alu - 31785 cmds (38.367755875571866%)
1: alu_st_ld - 21333 cmds (25.751119587653754%)
2: br - 11679 cmds (14.097751167871758%)
3: misc - 6414 cmds (7.742356022838381%)
4: st_ld - 5985 cmds (7.224509011020847%)
5: misc_st_ld - 5637 cmds (6.804437309126903%)
6: fp - 8 cmds (0.009656820733194115%)
7: fp_st_ld - 2 cmds (0.0024142051832985287%)

2023-03-18 20:10:39,970: INFO - 49.53267023164299
2023-03-18 20:10:39,970: INFO - thread #3  - fotonik3d , 82843 commands, cpi 49.548:
0: alu - 31780 cmds (38.36172036261362%)
1: alu_st_ld - 21381 cmds (25.80906051205292%)
2: br - 11694 cmds (14.115857706746496%)
3: misc - 6376 cmds (7.696486124355709%)
4: st_ld - 5978 cmds (7.216059292879302%)
5: misc_st_ld - 5624 cmds (6.7887449754354625%)
6: fp - 8 cmds (0.009656820733194115%)
7: fp_st_ld - 2 cmds (0.0024142051832985287%)

2023-03-18 20:10:40,010: INFO - 49.54845913354176
2023-03-18 20:10:40,010: INFO - thread #4  - fotonik3d , 82843 commands, cpi 49.724:
0: alu - 31731 cmds (38.302572335622806%)
1: alu_st_ld - 21288 cmds (25.696799971029538%)
2: br - 11667 cmds (14.083265936771966%)
3: misc - 6495 cmds (7.840131332761971%)
4: st_ld - 5963 cmds (7.197952754004563%)
5: misc_st_ld - 5689 cmds (6.867206643892664%)
6: fp - 8 cmds (0.009656820733194115%)
7: fp_st_ld - 2 cmds (0.0024142051832985287%)

2023-03-18 20:10:40,065: INFO - 49.72416498678223
2023-03-18 20:10:40,065: INFO - thread #5  - fotonik3d , 82843 commands, cpi 49.691:
0: alu - 31797 cmds (38.38224110667166%)
1: alu_st_ld - 21209 cmds (25.601438866289246%)
2: br - 11677 cmds (14.095336962688458%)
3: misc - 6375 cmds (7.69527902176406%)
4: st_ld - 5984 cmds (7.223301908429198%)
5: misc_st_ld - 5791 cmds (6.990331108240889%)
6: fp - 8 cmds (0.009656820733194115%)
7: fp_st_ld - 2 cmds (0.0024142051832985287%)

2023-03-18 20:10:40,132: INFO - 49.69082481320088
2023-03-18 20:10:40,132: INFO - thread #6  - fotonik3d , 82843 commands, cpi 49.694:
0: alu - 31674 cmds (38.233767487898795%)
1: alu_st_ld - 21363 cmds (25.787332665403234%)
2: br - 11673 cmds (14.090508552321863%)
3: misc - 6505 cmds (7.852202358678464%)
4: st_ld - 5983 cmds (7.222094805837548%)
5: misc_st_ld - 5635 cmds (6.802023103943604%)
6: fp - 8 cmds (0.009656820733194115%)
7: fp_st_ld - 2 cmds (0.0024142051832985287%)

2023-03-18 20:10:40,202: INFO - 49.69354079403208
2023-03-18 20:10:40,202: INFO - thread #7  - fotonik3d , 82843 commands, cpi 49.923:
0: alu - 31666 cmds (38.224110667165604%)
1: alu_st_ld - 21346 cmds (25.766811921345194%)
2: br - 11666 cmds (14.082058834180318%)
3: misc - 6522 cmds (7.872723102736502%)
4: st_ld - 5990 cmds (7.230544523979093%)
5: misc_st_ld - 5643 cmds (6.811679924676798%)
6: fp - 8 cmds (0.009656820733194115%)
7: fp_st_ld - 2 cmds (0.0024142051832985287%)

2023-03-18 20:10:40,287: INFO - 49.922685079004864
2023-03-18 20:10:40,288: INFO - thread #8  - fotonik3d , 82843 commands, cpi 49.463:
0: alu - 31775 cmds (38.355684849655376%)
1: alu_st_ld - 21217 cmds (25.61109568702244%)
2: br - 11664 cmds (14.079644628997018%)
3: misc - 6444 cmds (7.778569100587859%)
4: st_ld - 5952 cmds (7.184674625496421%)
5: misc_st_ld - 5781 cmds (6.978260082324397%)
6: fp - 8 cmds (0.009656820733194115%)
7: fp_st_ld - 2 cmds (0.0024142051832985287%)

2023-03-18 20:10:40,392: INFO - 49.46327390364907
2023-03-18 20:10:40,392: INFO - thread #9  - fotonik3d , 82843 commands, cpi 49.769:
0: alu - 31717 cmds (38.285672899339716%)
1: alu_st_ld - 21267 cmds (25.671450816604903%)
2: br - 11671 cmds (14.088094347138563%)
3: misc - 6517 cmds (7.866687589778255%)
4: st_ld - 5928 cmds (7.155704163296838%)
5: misc_st_ld - 5733 cmds (6.920319157925232%)
6: fp - 8 cmds (0.009656820733194115%)
7: fp_st_ld - 2 cmds (0.0024142051832985287%)

2023-03-18 20:10:40,489: INFO - 49.76912955832116
2023-03-18 20:10:40,489: INFO - thread #10 - fotonik3d , 82843 commands, cpi 49.65:
0: alu - 31933 cmds (38.54640705913596%)
1: alu_st_ld - 21332 cmds (25.749912485062104%)
2: br - 11687 cmds (14.107407988604951%)
3: misc - 6259 cmds (7.555255121132745%)
4: st_ld - 5984 cmds (7.223301908429198%)
5: misc_st_ld - 5639 cmds (6.8068515143102015%)
6: fp - 7 cmds (0.00844971814154485%)
7: fp_st_ld - 2 cmds (0.0024142051832985287%)

2023-03-18 20:10:40,604: INFO - 49.65008510073271
2023-03-18 20:10:40,604: INFO - thread #11 - fotonik3d , 82843 commands, cpi 49.537:
0: alu - 31750 cmds (38.32550728486414%)
1: alu_st_ld - 21246 cmds (25.646101662180268%)
2: br - 11676 cmds (14.09412986009681%)
3: misc - 6418 cmds (7.747184433204978%)
4: st_ld - 6003 cmds (7.246236857670533%)
5: misc_st_ld - 5740 cmds (6.928768876066777%)
6: fp - 8 cmds (0.009656820733194115%)
7: fp_st_ld - 2 cmds (0.0024142051832985287%)

2023-03-18 20:10:40,738: INFO - 49.53716065328392
2023-03-18 20:10:40,739: INFO - thread #12 - fotonik3d , 82843 commands, cpi 49.456:
0: alu - 31927 cmds (38.53916444358606%)
1: alu_st_ld - 21180 cmds (25.566432891131416%)
2: br - 11675 cmds (14.09292275750516%)
3: misc - 6290 cmds (7.592675301473872%)
4: st_ld - 5974 cmds (7.211230882512705%)
5: misc_st_ld - 5787 cmds (6.985502697874292%)
6: fp - 8 cmds (0.009656820733194115%)
7: fp_st_ld - 2 cmds (0.0024142051832985287%)

2023-03-18 20:10:40,871: INFO - 49.45576572552901
2023-03-18 20:10:40,871: INFO - thread #13 - fotonik3d , 82843 commands, cpi 49.537:
0: alu - 31906 cmds (38.51381528916143%)
1: alu_st_ld - 21317 cmds (25.731805946187368%)
2: br - 11673 cmds (14.090508552321863%)
3: misc - 6271 cmds (7.569740352232536%)
4: st_ld - 5996 cmds (7.237787139528988%)
5: misc_st_ld - 5670 cmds (6.8442716946513285%)
6: fp - 8 cmds (0.009656820733194115%)
7: fp_st_ld - 2 cmds (0.0024142051832985287%)

2023-03-18 20:10:41,103: INFO - 49.536689883273176
2023-03-18 20:10:41,103: INFO - thread #14 - fotonik3d , 82843 commands, cpi 49.504:
0: alu - 31797 cmds (38.38224110667166%)
1: alu_st_ld - 21304 cmds (25.716113612495928%)
2: br - 11678 cmds (14.096544065280108%)
3: misc - 6337 cmds (7.649409123281388%)
4: st_ld - 6025 cmds (7.272793114686817%)
5: misc_st_ld - 5693 cmds (6.872035054259261%)
6: fp - 7 cmds (0.00844971814154485%)
7: fp_st_ld - 2 cmds (0.0024142051832985287%)

2023-03-18 20:10:41,274: INFO - 49.50436367586881
2023-03-18 20:10:41,274: INFO - execution unit summary:
2023-03-18 20:10:41,274: INFO - == st_ld Unit ======= 
Usage: 19.554%
2023-03-18 20:10:41,274: INFO - == alu Unit ========= 
Usage: 14.916%
2023-03-18 20:10:41,274: INFO - == alu Unit ========= 
Usage: 8.145%
2023-03-18 20:10:41,274: INFO - == alu_st_ld Unit === 
Usage: 30.633%
2023-03-18 20:10:41,274: INFO - == alu_st_ld Unit === 
Usage: 20.463%
2023-03-18 20:10:41,274: INFO - == fp Unit ========== 
Usage: 0.029%
2023-03-18 20:10:41,274: INFO - == fp_st_ld Unit ==== 
Usage: 0.009%
2023-03-18 20:10:41,274: INFO - == br Unit ========== 
Usage: 6.849%
2023-03-18 20:10:41,274: INFO - == br Unit ========== 
Usage: 1.621%
2023-03-18 20:10:41,274: INFO - == br_st_ld Unit ==== 
Usage: 0.0%
2023-03-18 20:10:41,274: INFO - == misc Unit ======== 
Usage: 18.552%
2023-03-18 20:10:41,274: INFO - == misc_st_ld Unit == 
Usage: 20.97%
2023-03-18 20:10:41,274: INFO - total cpi:3.3281991236435187
2023-03-18 20:10:41,274: INFO - fairness:0.9999928987827807
2023-03-18 20:10:41,274: INFO - [49.717694916890984, 49.456634839395, 49.53267023164299, 49.54845913354176, 49.72416498678223, 49.69082481320088, 49.69354079403208, 49.922685079004864, 49.46327390364907, 49.76912955832116, 49.65008510073271, 49.53716065328392, 49.45576572552901, 49.536689883273176, 49.50436367586881]
