2023-03-18 15:29:42,170: INFO - thread summary:
2023-03-18 15:29:42,171: INFO - thread #0  - x264      , 78788 commands, cpi 11.441:
0: alu - 27074 cmds (34.363100979844646%)
1: alu_st_ld - 19734 cmds (25.04696146621313%)
2: misc_st_ld - 8676 cmds (11.011829212570442%)
3: misc - 8489 cmds (10.774483423871656%)
4: fp_st_ld - 7429 cmds (9.429100878306341%)
5: br - 3947 cmds (5.00964613900594%)
6: fp - 3090 cmds (3.921917043204549%)
7: st_ld - 348 cmds (0.4416916281667259%)
8: br_st_ld - 1 cmds (0.0012692288165710515%)

2023-03-18 15:29:42,187: INFO - 11.441361628674418
2023-03-18 15:29:42,187: INFO - thread #1  - x264      , 78788 commands, cpi 11.707:
0: alu - 27057 cmds (34.34152408996294%)
1: alu_st_ld - 19752 cmds (25.06980758491141%)
2: misc_st_ld - 8672 cmds (11.006752297304159%)
3: misc - 8458 cmds (10.735137330557952%)
4: fp_st_ld - 7358 cmds (9.338985632329797%)
5: br - 3947 cmds (5.00964613900594%)
6: fp - 3136 cmds (3.980301568766817%)
7: st_ld - 407 cmds (0.5165761283444179%)
8: br_st_ld - 1 cmds (0.0012692288165710515%)

2023-03-18 15:29:42,209: INFO - 11.707163527440727
2023-03-18 15:29:42,209: INFO - thread #2  - x264      , 78788 commands, cpi 11.71:
0: alu - 27028 cmds (34.30471645428238%)
1: alu_st_ld - 19749 cmds (25.065999898461694%)
2: misc_st_ld - 8556 cmds (10.859521754581916%)
3: misc - 8512 cmds (10.80367568665279%)
4: fp_st_ld - 7419 cmds (9.41640859014063%)
5: br - 3946 cmds (5.008376910189369%)
6: fp - 3114 cmds (3.952378534802254%)
7: st_ld - 463 cmds (0.5876529420723968%)
8: br_st_ld - 1 cmds (0.0012692288165710515%)

2023-03-18 15:29:42,239: INFO - 11.710044676854343
2023-03-18 15:29:42,239: INFO - execution unit summary:
2023-03-18 15:29:42,239: INFO - == st_ld Unit ======= 
Usage: 0.832%
2023-03-18 15:29:42,239: INFO - == alu Unit ========= 
Usage: 9.628%
2023-03-18 15:29:42,239: INFO - == alu Unit ========= 
Usage: 7.965%
2023-03-18 15:29:42,239: INFO - == alu_st_ld Unit === 
Usage: 20.12%
2023-03-18 15:29:42,239: INFO - == alu_st_ld Unit === 
Usage: 19.112%
2023-03-18 15:29:42,239: INFO - == fp Unit ========== 
Usage: 10.123%
2023-03-18 15:29:42,239: INFO - == fp_st_ld Unit ==== 
Usage: 24.547%
2023-03-18 15:29:42,239: INFO - == br Unit ========== 
Usage: 2.056%
2023-03-18 15:29:42,240: INFO - == br Unit ========== 
Usage: 0.753%
2023-03-18 15:29:42,240: INFO - == br_st_ld Unit ==== 
Usage: 0.001%
2023-03-18 15:29:42,240: INFO - == misc Unit ======== 
Usage: 22.076%
2023-03-18 15:29:42,240: INFO - == misc_st_ld Unit == 
Usage: 22.802%
2023-03-18 15:29:42,240: INFO - total cpi:3.90336091790628
2023-03-18 15:29:42,240: INFO - fairness:0.999880631361782
2023-03-18 15:29:42,240: INFO - [11.441361628674418, 11.707163527440727, 11.710044676854343]
