2023-03-15 01:28:00,082: INFO - thread summary:
2023-03-15 01:28:00,122: INFO - thread #0  - deepsjeng , 421375 commands, cpi 32.775:
0: st_ld - 268376 cmds (63.69053693266093%)
1: misc_st_ld - 115294 cmds (27.36137644615841%)
2: alu - 16844 cmds (3.9973894986650844%)
3: br - 12270 cmds (2.9118955799466035%)
4: misc - 5343 cmds (1.267991693859389%)
5: alu_st_ld - 3248 cmds (0.7708098487095817%)

2023-03-15 01:28:01,664: INFO - 32.77528567190745
2023-03-15 01:28:01,664: INFO - thread #1  - deepsjeng , 421375 commands, cpi 32.817:
0: st_ld - 267246 cmds (63.42236725007416%)
1: misc_st_ld - 116406 cmds (27.625274399288045%)
2: alu - 16865 cmds (4.002373183031741%)
3: br - 12366 cmds (2.93467813705132%)
4: misc - 5228 cmds (1.2407000889943638%)
5: alu_st_ld - 3264 cmds (0.7746069415603678%)

2023-03-15 01:28:01,925: INFO - 32.81681162859685
2023-03-15 01:28:01,925: INFO - thread #2  - deepsjeng , 421375 commands, cpi 32.743:
0: st_ld - 265348 cmds (62.97193711064966%)
1: misc_st_ld - 118296 cmds (28.073805992287156%)
2: alu - 16861 cmds (4.001423909819045%)
3: br - 12245 cmds (2.90596262236725%)
4: misc - 5352 cmds (1.2701275585879561%)
5: alu_st_ld - 3273 cmds (0.776742806288935%)

2023-03-15 01:28:02,022: INFO - 32.743435182438446
2023-03-15 01:28:02,022: INFO - execution unit summary:
2023-03-15 01:28:02,022: INFO - == st_ld Unit ======= 
Usage: 36.879%
2023-03-15 01:28:02,023: INFO - == alu Unit ========= 
Usage: 0.382%
2023-03-15 01:28:02,023: INFO - == alu Unit ========= 
Usage: 0.349%
2023-03-15 01:28:02,023: INFO - == alu_st_ld Unit === 
Usage: 0.223%
2023-03-15 01:28:02,023: INFO - == alu_st_ld Unit === 
Usage: 0.21%
2023-03-15 01:28:02,023: INFO - == fp Unit ========== 
Usage: 0.0%
2023-03-15 01:28:02,023: INFO - == fp_st_ld Unit ==== 
Usage: 0.0%
2023-03-15 01:28:02,023: INFO - == br Unit ========== 
Usage: 0.335%
2023-03-15 01:28:02,023: INFO - == br Unit ========== 
Usage: 0.311%
2023-03-15 01:28:02,023: INFO - == br_st_ld Unit ==== 
Usage: 0.0%
2023-03-15 01:28:02,023: INFO - == misc Unit ======== 
Usage: 0.921%
2023-03-15 01:28:02,023: INFO - == misc_st_ld Unit == 
Usage: 20.56%
2023-03-15 01:28:02,023: INFO - total cpi:10.938938791654307
2023-03-15 01:28:02,023: INFO - fairness:0.9999991602182972
2023-03-15 01:28:02,024: INFO - [32.77528567190745, 32.81681162859685, 32.743435182438446]
