2023-03-18 17:12:49,111: INFO - thread summary:
2023-03-18 17:12:49,111: INFO - thread #0  - mcf       , 90848 commands, cpi 13.077:
0: alu - 29576 cmds (32.55547728073265%)
1: alu_st_ld - 23680 cmds (26.065516026769988%)
2: br - 15346 cmds (16.891951391334977%)
3: misc_st_ld - 9605 cmds (10.572604790419161%)
4: misc - 8936 cmds (9.836209933075027%)
5: st_ld - 3654 cmds (4.022102853117294%)
6: br_st_ld - 51 cmds (0.0561377245508982%)

2023-03-18 17:12:49,131: INFO - 13.076523423740754
2023-03-18 17:12:49,131: INFO - thread #1  - mcf       , 90848 commands, cpi 13.306:
0: alu - 29483 cmds (32.45310848890455%)
1: alu_st_ld - 23723 cmds (26.112847833744276%)
2: br - 15356 cmds (16.902958788305742%)
3: misc_st_ld - 9562 cmds (10.525272983444875%)
4: misc - 9024 cmds (9.933075026417752%)
5: st_ld - 3649 cmds (4.016599154631913%)
6: br_st_ld - 51 cmds (0.0561377245508982%)

2023-03-18 17:12:49,152: INFO - 13.305862539626629
2023-03-18 17:12:49,152: INFO - thread #2  - mcf       , 90848 commands, cpi 13.372:
0: alu - 29502 cmds (32.474022543149%)
1: alu_st_ld - 23611 cmds (25.989564987671717%)
2: br - 15336 cmds (16.880943994364213%)
3: misc_st_ld - 9674 cmds (10.648555829517436%)
4: misc - 9002 cmds (9.908858753082072%)
5: st_ld - 3672 cmds (4.041916167664671%)
6: br_st_ld - 51 cmds (0.0561377245508982%)

2023-03-18 17:12:49,176: INFO - 13.371796847481507
2023-03-18 17:12:49,176: INFO - thread #3  - mcf       , 90848 commands, cpi 13.291:
0: alu - 29565 cmds (32.54336914406481%)
1: alu_st_ld - 23662 cmds (26.045702712222614%)
2: br - 15321 cmds (16.864432898908067%)
3: misc_st_ld - 9623 cmds (10.592418104966537%)
4: misc - 8971 cmds (9.8747358224727%)
5: st_ld - 3655 cmds (4.0232035928143715%)
6: br_st_ld - 51 cmds (0.0561377245508982%)

2023-03-18 17:12:49,201: INFO - 13.290914494540331
2023-03-18 17:12:49,201: INFO - thread #4  - mcf       , 90848 commands, cpi 13.192:
0: alu - 29499 cmds (32.470720324057766%)
1: alu_st_ld - 23640 cmds (26.02148643888693%)
2: br - 15356 cmds (16.902958788305742%)
3: misc_st_ld - 9645 cmds (10.61663437830222%)
4: misc - 8990 cmds (9.895649876717155%)
5: st_ld - 3667 cmds (4.036412469179289%)
6: br_st_ld - 51 cmds (0.0561377245508982%)

2023-03-18 17:12:49,228: INFO - 13.191891951391336
2023-03-18 17:12:49,228: INFO - execution unit summary:
2023-03-18 17:12:49,228: INFO - == st_ld Unit ======= 
Usage: 9.649%
2023-03-18 17:12:49,228: INFO - == alu Unit ========= 
Usage: 13.422%
2023-03-18 17:12:49,228: INFO - == alu Unit ========= 
Usage: 10.882%
2023-03-18 17:12:49,228: INFO - == alu_st_ld Unit === 
Usage: 30.307%
2023-03-18 17:12:49,228: INFO - == alu_st_ld Unit === 
Usage: 29.442%
2023-03-18 17:12:49,228: INFO - == fp Unit ========== 
Usage: 0.0%
2023-03-18 17:12:49,228: INFO - == fp_st_ld Unit ==== 
Usage: 0.0%
2023-03-18 17:12:49,228: INFO - == br Unit ========== 
Usage: 8.852%
2023-03-18 17:12:49,228: INFO - == br Unit ========== 
Usage: 4.779%
2023-03-18 17:12:49,228: INFO - == br_st_ld Unit ==== 
Usage: 0.048%
2023-03-18 17:12:49,228: INFO - == misc Unit ======== 
Usage: 29.584%
2023-03-18 17:12:49,228: INFO - == misc_st_ld Unit == 
Usage: 32.329%
2023-03-18 17:12:49,228: INFO - total cpi:2.674365973934484
2023-03-18 17:12:49,228: INFO - fairness:0.9999390085854016
2023-03-18 17:12:49,228: INFO - [13.076523423740754, 13.305862539626629, 13.371796847481507, 13.290914494540331, 13.191891951391336]
