2023-03-15 09:18:39,146: INFO - thread summary:
2023-03-15 09:18:39,309: INFO - thread #0  - bwave     , 21594 commands, cpi 21.443:
0: alu - 7562 cmds (35.01898675558025%)
1: alu_st_ld - 5097 cmds (23.60377882745207%)
2: br - 3074 cmds (14.235435769195147%)
3: misc_st_ld - 2361 cmds (10.933592664629064%)
4: misc - 2281 cmds (10.563119385014355%)
5: st_ld - 1213 cmds (5.617301102158007%)
6: br_st_ld - 3 cmds (0.013892747985551542%)
7: fp_st_ld - 2 cmds (0.009261831990367694%)
8: fp - 1 cmds (0.004630915995183847%)

2023-03-15 09:18:47,513: INFO - 21.442761878299528
2023-03-15 09:18:47,514: INFO - thread #1  - bwave     , 21594 commands, cpi 20.88:
0: alu - 7552 cmds (34.97267759562842%)
1: alu_st_ld - 5105 cmds (23.640826155413542%)
2: br - 3063 cmds (14.184495693248124%)
3: misc_st_ld - 2389 cmds (11.063258312494211%)
4: misc - 2314 cmds (10.715939612855422%)
5: st_ld - 1165 cmds (5.395017134389183%)
6: br_st_ld - 3 cmds (0.013892747985551542%)
7: fp_st_ld - 2 cmds (0.009261831990367694%)
8: fp - 1 cmds (0.004630915995183847%)

2023-03-15 09:18:49,950: INFO - 20.879503565805315
2023-03-15 09:18:49,950: INFO - thread #2  - bwave     , 21594 commands, cpi 21.181:
0: alu - 7501 cmds (34.736500879874036%)
1: alu_st_ld - 5080 cmds (23.525053255533944%)
2: br - 3052 cmds (14.133555617301102%)
3: misc - 2392 cmds (11.077151060479762%)
4: misc_st_ld - 2358 cmds (10.919699916643513%)
5: st_ld - 1205 cmds (5.580253774196536%)
6: br_st_ld - 3 cmds (0.013892747985551542%)
7: fp_st_ld - 2 cmds (0.009261831990367694%)
8: fp - 1 cmds (0.004630915995183847%)

2023-03-15 09:18:52,267: INFO - 21.181022506251736
2023-03-15 09:18:52,268: INFO - thread #3  - bwave     , 21594 commands, cpi 20.955:
0: alu - 7513 cmds (34.79207187181625%)
1: alu_st_ld - 5086 cmds (23.552838751505046%)
2: br - 3090 cmds (14.309530425118089%)
3: misc_st_ld - 2332 cmds (10.799296100768732%)
4: misc - 2311 cmds (10.702046864869871%)
5: st_ld - 1256 cmds (5.816430489950912%)
6: br_st_ld - 3 cmds (0.013892747985551542%)
7: fp_st_ld - 2 cmds (0.009261831990367694%)
8: fp - 1 cmds (0.004630915995183847%)

2023-03-15 09:18:53,311: INFO - 20.955496897286285
2023-03-15 09:18:53,312: INFO - thread #4  - bwave     , 21594 commands, cpi 21.49:
0: alu - 7528 cmds (34.861535611744%)
1: alu_st_ld - 5114 cmds (23.682504399370195%)
2: br - 3044 cmds (14.096508289339631%)
3: misc_st_ld - 2358 cmds (10.919699916643513%)
4: misc - 2347 cmds (10.86875984069649%)
5: st_ld - 1197 cmds (5.543206446235065%)
6: br_st_ld - 3 cmds (0.013892747985551542%)
7: fp_st_ld - 2 cmds (0.009261831990367694%)
8: fp - 1 cmds (0.004630915995183847%)

2023-03-15 09:18:54,402: INFO - 21.48967305733074
2023-03-15 09:18:54,402: INFO - thread #5  - bwave     , 21594 commands, cpi 21.095:
0: alu - 7503 cmds (34.74576271186441%)
1: alu_st_ld - 5086 cmds (23.552838751505046%)
2: br - 3072 cmds (14.226173937204779%)
3: misc_st_ld - 2372 cmds (10.984532740576086%)
4: misc - 2348 cmds (10.873390756691673%)
5: st_ld - 1207 cmds (5.589515606186904%)
6: br_st_ld - 3 cmds (0.013892747985551542%)
7: fp_st_ld - 2 cmds (0.009261831990367694%)
8: fp - 1 cmds (0.004630915995183847%)

2023-03-15 09:18:54,997: INFO - 21.095304251180885
2023-03-15 09:18:54,997: INFO - thread #6  - bwave     , 21594 commands, cpi 21.344:
0: alu - 7593 cmds (35.162545151430955%)
1: alu_st_ld - 5093 cmds (23.585255163471334%)
2: br - 3071 cmds (14.221543021209595%)
3: misc_st_ld - 2407 cmds (11.146614800407521%)
4: misc - 2279 cmds (10.553857553023988%)
5: st_ld - 1145 cmds (5.302398814485505%)
6: br_st_ld - 3 cmds (0.013892747985551542%)
7: fp_st_ld - 2 cmds (0.009261831990367694%)
8: fp - 1 cmds (0.004630915995183847%)

2023-03-15 09:18:55,642: INFO - 21.344215985922016
2023-03-15 09:18:55,642: INFO - execution unit summary:
2023-03-15 09:18:55,642: INFO - == st_ld Unit ======= 
Usage: 12.344%
2023-03-15 09:18:55,642: INFO - == alu Unit ========= 
Usage: 11.49%
2023-03-15 09:18:55,642: INFO - == alu Unit ========= 
Usage: 11.246%
2023-03-15 09:18:55,642: INFO - == alu_st_ld Unit === 
Usage: 24.353%
2023-03-15 09:18:55,643: INFO - == alu_st_ld Unit === 
Usage: 23.852%
2023-03-15 09:18:55,643: INFO - == fp Unit ========== 
Usage: 0.015%
2023-03-15 09:18:55,643: INFO - == fp_st_ld Unit ==== 
Usage: 0.034%
2023-03-15 09:18:55,643: INFO - == br Unit ========== 
Usage: 6.821%
2023-03-15 09:18:55,643: INFO - == br Unit ========== 
Usage: 4.422%
2023-03-15 09:18:55,643: INFO - == br_st_ld Unit ==== 
Usage: 0.014%
2023-03-15 09:18:55,643: INFO - == misc Unit ======== 
Usage: 28.052%
2023-03-15 09:18:55,643: INFO - == misc_st_ld Unit == 
Usage: 29.518%
2023-03-15 09:18:55,643: INFO - total cpi:3.0699863718757854
2023-03-15 09:18:55,643: INFO - fairness:0.9998925569708267
2023-03-15 09:18:55,643: INFO - [21.442761878299528, 20.879503565805315, 21.181022506251736, 20.955496897286285, 21.48967305733074, 21.095304251180885, 21.344215985922016]
