2023-03-18 18:08:30,206: INFO - thread summary:
2023-03-18 18:08:30,209: INFO - thread #0  - mcf       , 90848 commands, cpi 53.779:
0: alu - 32369 cmds (35.629843254667136%)
1: alu_st_ld - 27233 cmds (29.976444170482566%)
2: br - 15436 cmds (16.991017964071855%)
3: misc_st_ld - 6053 cmds (6.662777386403663%)
4: misc - 5768 cmds (6.349066572736879%)
5: st_ld - 3938 cmds (4.334712927087002%)
6: br_st_ld - 51 cmds (0.0561377245508982%)

2023-03-18 18:08:30,265: INFO - 53.77870729129975
2023-03-18 18:08:30,265: INFO - thread #1  - mcf       , 90848 commands, cpi 53.312:
0: alu - 32407 cmds (35.671671363156044%)
1: alu_st_ld - 27164 cmds (29.90049313138429%)
2: br - 15431 cmds (16.985514265586474%)
3: misc_st_ld - 6121 cmds (6.737627685804861%)
4: misc - 5742 cmds (6.320447340612892%)
5: st_ld - 3932 cmds (4.328108488904544%)
6: br_st_ld - 51 cmds (0.0561377245508982%)

2023-03-18 18:08:30,283: INFO - 53.31194963015146
2023-03-18 18:08:30,283: INFO - thread #2  - mcf       , 90848 commands, cpi 53.833:
0: alu - 32371 cmds (35.63204473406129%)
1: alu_st_ld - 27464 cmds (30.23071504050722%)
2: br - 15464 cmds (17.021838675589997%)
3: misc_st_ld - 5821 cmds (6.40740577668193%)
4: misc - 5681 cmds (6.253302219091229%)
5: st_ld - 3996 cmds (4.398555829517436%)
6: br_st_ld - 51 cmds (0.0561377245508982%)

2023-03-18 18:08:30,317: INFO - 53.83280864741106
2023-03-18 18:08:30,317: INFO - thread #3  - mcf       , 90848 commands, cpi 53.599:
0: alu - 32248 cmds (35.496653751320885%)
1: alu_st_ld - 27363 cmds (30.119540331102503%)
2: br - 15430 cmds (16.984413525889398%)
3: misc_st_ld - 5922 cmds (6.51858048608665%)
4: misc - 5846 cmds (6.4349242691088415%)
5: st_ld - 3988 cmds (4.389749911940824%)
6: br_st_ld - 51 cmds (0.0561377245508982%)

2023-03-18 18:08:30,339: INFO - 53.598846424797465
2023-03-18 18:08:30,339: INFO - thread #4  - mcf       , 90848 commands, cpi 53.469:
0: alu - 32314 cmds (35.56930257132793%)
1: alu_st_ld - 27319 cmds (30.07110778443114%)
2: br - 15426 cmds (16.980010567101093%)
3: misc_st_ld - 5966 cmds (6.567013032758013%)
4: misc - 5839 cmds (6.427219091229306%)
5: st_ld - 3933 cmds (4.32920922860162%)
6: br_st_ld - 51 cmds (0.0561377245508982%)

2023-03-18 18:08:30,362: INFO - 53.46945447340613
2023-03-18 18:08:30,362: INFO - thread #5  - mcf       , 90848 commands, cpi 53.619:
0: alu - 32288 cmds (35.540683339203945%)
1: alu_st_ld - 27315 cmds (30.066704825642834%)
2: br - 15465 cmds (17.022939415287073%)
3: misc_st_ld - 5970 cmds (6.571415991546319%)
4: misc - 5747 cmds (6.325951039098274%)
5: st_ld - 4012 cmds (4.416167664670659%)
6: br_st_ld - 51 cmds (0.0561377245508982%)

2023-03-18 18:08:30,386: INFO - 53.618846865093346
2023-03-18 18:08:30,386: INFO - thread #6  - mcf       , 90848 commands, cpi 53.683:
0: alu - 32255 cmds (35.50435892920042%)
1: alu_st_ld - 27272 cmds (30.019373018668546%)
2: br - 15427 cmds (16.98111130679817%)
3: misc_st_ld - 6013 cmds (6.618747798520606%)
4: misc - 5895 cmds (6.488860514265586%)
5: st_ld - 3935 cmds (4.331410707995773%)
6: br_st_ld - 51 cmds (0.0561377245508982%)

2023-03-18 18:08:30,410: INFO - 53.68272278971469
2023-03-18 18:08:30,410: INFO - thread #7  - mcf       , 90848 commands, cpi 53.358:
0: alu - 32258 cmds (35.50766114829165%)
1: alu_st_ld - 27229 cmds (29.972041211694258%)
2: br - 15441 cmds (16.99652166255724%)
3: misc_st_ld - 6057 cmds (6.667180345191969%)
4: misc - 5874 cmds (6.465744980626981%)
5: st_ld - 3938 cmds (4.334712927087002%)
6: br_st_ld - 51 cmds (0.0561377245508982%)

2023-03-18 18:08:30,435: INFO - 53.3582467418105
2023-03-18 18:08:30,435: INFO - thread #8  - mcf       , 90848 commands, cpi 53.401:
0: alu - 32321 cmds (35.57700774920747%)
1: alu_st_ld - 27407 cmds (30.167972877773863%)
2: br - 15474 cmds (17.032846072560762%)
3: misc_st_ld - 5879 cmds (6.471248679112364%)
4: misc - 5768 cmds (6.349066572736879%)
5: st_ld - 3948 cmds (4.345720324057766%)
6: br_st_ld - 51 cmds (0.0561377245508982%)

2023-03-18 18:08:30,461: INFO - 53.40149480450863
2023-03-18 18:08:30,461: INFO - thread #9  - mcf       , 90848 commands, cpi 53.291:
0: alu - 32236 cmds (35.48344487495597%)
1: alu_st_ld - 27210 cmds (29.951127157449807%)
2: br - 15440 cmds (16.995420922860163%)
3: misc_st_ld - 6076 cmds (6.688094399436421%)
4: misc - 5915 cmds (6.510875308207115%)
5: st_ld - 3920 cmds (4.314899612539627%)
6: br_st_ld - 51 cmds (0.0561377245508982%)

2023-03-18 18:08:30,492: INFO - 53.291123635082776
2023-03-18 18:08:30,492: INFO - thread #10 - mcf       , 90848 commands, cpi 53.584:
0: alu - 32288 cmds (35.540683339203945%)
1: alu_st_ld - 27244 cmds (29.988552307150407%)
2: br - 15440 cmds (16.995420922860163%)
3: misc_st_ld - 6041 cmds (6.649568510038746%)
4: misc - 5797 cmds (6.380988023952096%)
5: st_ld - 3987 cmds (4.388649172243748%)
6: br_st_ld - 51 cmds (0.0561377245508982%)

2023-03-18 18:08:30,519: INFO - 53.58365621697781
2023-03-18 18:08:30,519: INFO - thread #11 - mcf       , 90848 commands, cpi 53.614:
0: alu - 32307 cmds (35.561597393448395%)
1: alu_st_ld - 27209 cmds (29.95002641775273%)
2: br - 15402 cmds (16.95359281437126%)
3: misc_st_ld - 6076 cmds (6.688094399436421%)
4: misc - 5840 cmds (6.428319830926383%)
5: st_ld - 3963 cmds (4.362231419513913%)
6: br_st_ld - 51 cmds (0.0561377245508982%)

2023-03-18 18:08:30,546: INFO - 53.613519284959494
2023-03-18 18:08:30,546: INFO - thread #12 - mcf       , 90848 commands, cpi 53.486:
0: alu - 32320 cmds (35.57590700951039%)
1: alu_st_ld - 27307 cmds (30.05789890806622%)
2: br - 15404 cmds (16.95579429376541%)
3: misc_st_ld - 5979 cmds (6.581322648820007%)
4: misc - 5832 cmds (6.419513913349771%)
5: st_ld - 3955 cmds (4.353425501937302%)
6: br_st_ld - 51 cmds (0.0561377245508982%)

2023-03-18 18:08:30,575: INFO - 53.48642787953505
2023-03-18 18:08:30,575: INFO - thread #13 - mcf       , 90848 commands, cpi 53.534:
0: alu - 32190 cmds (35.432810848890455%)
1: alu_st_ld - 27385 cmds (30.14375660443818%)
2: br - 15438 cmds (16.99321944346601%)
3: misc - 5948 cmds (6.547199718210638%)
4: misc_st_ld - 5900 cmds (6.494364212750969%)
5: st_ld - 3936 cmds (4.332511447692849%)
6: br_st_ld - 51 cmds (0.0561377245508982%)

2023-03-18 18:08:30,603: INFO - 53.53427703416696
2023-03-18 18:08:30,603: INFO - thread #14 - mcf       , 90848 commands, cpi 53.61:
0: alu - 32265 cmds (35.51536632617119%)
1: alu_st_ld - 27354 cmds (30.109633673828814%)
2: br - 15407 cmds (16.95909651285664%)
3: misc_st_ld - 5931 cmds (6.528487143360338%)
4: misc - 5904 cmds (6.498767171539274%)
5: st_ld - 3936 cmds (4.332511447692849%)
6: br_st_ld - 51 cmds (0.0561377245508982%)

2023-03-18 18:08:30,632: INFO - 53.610239080662204
2023-03-18 18:08:30,632: INFO - thread #15 - mcf       , 90848 commands, cpi 53.293:
0: alu - 32294 cmds (35.5472877773864%)
1: alu_st_ld - 27173 cmds (29.91039978865798%)
2: br - 15429 cmds (16.98331278619232%)
3: misc_st_ld - 6115 cmds (6.731023247622402%)
4: misc - 5857 cmds (6.447032405776682%)
5: st_ld - 3929 cmds (4.3248062698133145%)
6: br_st_ld - 51 cmds (0.0561377245508982%)

2023-03-18 18:08:30,660: INFO - 53.29265366326171
2023-03-18 18:08:30,660: INFO - thread #16 - mcf       , 90848 commands, cpi 53.327:
0: alu - 32339 cmds (35.596821063754845%)
1: alu_st_ld - 27228 cmds (29.97094047199718%)
2: br - 15443 cmds (16.99872314195139%)
3: misc_st_ld - 6058 cmds (6.6682810848890455%)
4: misc - 5763 cmds (6.343562874251497%)
5: st_ld - 3966 cmds (4.365533638605143%)
6: br_st_ld - 51 cmds (0.0561377245508982%)

2023-03-18 18:08:30,691: INFO - 53.32663349771046
2023-03-18 18:08:30,691: INFO - thread #17 - mcf       , 90848 commands, cpi 53.471:
0: alu - 32327 cmds (35.583612187389924%)
1: alu_st_ld - 27307 cmds (30.05789890806622%)
2: br - 15446 cmds (17.00202536104262%)
3: misc_st_ld - 5979 cmds (6.581322648820007%)
4: misc - 5776 cmds (6.357872490313491%)
5: st_ld - 3962 cmds (4.361130679816837%)
6: br_st_ld - 51 cmds (0.0561377245508982%)

2023-03-18 18:08:30,721: INFO - 53.471127597745685
2023-03-18 18:08:30,723: INFO - thread #18 - mcf       , 90848 commands, cpi 53.749:
0: alu - 32171 cmds (35.411896794646005%)
1: alu_st_ld - 27364 cmds (30.12064107079958%)
2: br - 15439 cmds (16.994320183163087%)
3: misc - 5968 cmds (6.569214512152167%)
4: misc_st_ld - 5921 cmds (6.517479746389574%)
5: st_ld - 3934 cmds (4.330309968298697%)
6: br_st_ld - 51 cmds (0.0561377245508982%)

2023-03-18 18:08:30,765: INFO - 53.74853601620289
2023-03-18 18:08:30,765: INFO - thread #19 - mcf       , 90848 commands, cpi 53.418:
0: alu - 32435 cmds (35.70249207467418%)
1: alu_st_ld - 27180 cmds (29.918104966537513%)
2: br - 15427 cmds (16.98111130679817%)
3: misc_st_ld - 6106 cmds (6.721116590348714%)
4: misc - 5690 cmds (6.263208876364917%)
5: st_ld - 3959 cmds (4.3578284607256075%)
6: br_st_ld - 51 cmds (0.0561377245508982%)

2023-03-18 18:08:30,796: INFO - 53.41764265586474
2023-03-18 18:08:30,796: INFO - thread #20 - mcf       , 90848 commands, cpi 53.676:
0: alu - 32338 cmds (35.595720324057766%)
1: alu_st_ld - 27234 cmds (29.977544910179642%)
2: br - 15447 cmds (17.003126100739696%)
3: misc_st_ld - 6051 cmds (6.660575907009511%)
4: misc - 5777 cmds (6.358973230010567%)
5: st_ld - 3950 cmds (4.34792180345192%)
6: br_st_ld - 51 cmds (0.0561377245508982%)

2023-03-18 18:08:30,823: INFO - 53.676448573441355
2023-03-18 18:08:30,823: INFO - thread #21 - mcf       , 90848 commands, cpi 53.386:
0: alu - 32423 cmds (35.68928319830926%)
1: alu_st_ld - 27261 cmds (30.007264882000705%)
2: br - 15457 cmds (17.01413349771046%)
3: misc_st_ld - 6025 cmds (6.631956674885523%)
4: misc - 5661 cmds (6.2312874251497%)
5: st_ld - 3970 cmds (4.3699365973934485%)
6: br_st_ld - 51 cmds (0.0561377245508982%)

2023-03-18 18:08:30,856: INFO - 53.38557810848891
2023-03-18 18:08:30,856: INFO - thread #22 - mcf       , 90848 commands, cpi 53.34:
0: alu - 32333 cmds (35.59021662557238%)
1: alu_st_ld - 27176 cmds (29.913702007749208%)
2: br - 15450 cmds (17.006428319830928%)
3: misc_st_ld - 6111 cmds (6.726620288834097%)
4: misc - 5763 cmds (6.343562874251497%)
5: st_ld - 3964 cmds (4.36333215921099%)
6: br_st_ld - 51 cmds (0.0561377245508982%)

2023-03-18 18:08:30,890: INFO - 53.33971028531173
2023-03-18 18:08:30,890: INFO - execution unit summary:
2023-03-18 18:08:30,890: INFO - == st_ld Unit ======= 
Usage: 16.322%
2023-03-18 18:08:30,890: INFO - == alu Unit ========= 
Usage: 19.919%
2023-03-18 18:08:30,890: INFO - == alu Unit ========= 
Usage: 10.47%
2023-03-18 18:08:30,890: INFO - == alu_st_ld Unit === 
Usage: 47.697%
2023-03-18 18:08:30,890: INFO - == alu_st_ld Unit === 
Usage: 36.851%
2023-03-18 18:08:30,890: INFO - == fp Unit ========== 
Usage: 0.0%
2023-03-18 18:08:30,890: INFO - == fp_st_ld Unit ==== 
Usage: 0.0%
2023-03-18 18:08:30,890: INFO - == br Unit ========== 
Usage: 11.155%
2023-03-18 18:08:30,891: INFO - == br Unit ========== 
Usage: 3.366%
2023-03-18 18:08:30,891: INFO - == br_st_ld Unit ==== 
Usage: 0.072%
2023-03-18 18:08:30,891: INFO - == misc Unit ======== 
Usage: 21.862%
2023-03-18 18:08:30,891: INFO - == misc_st_ld Unit == 
Usage: 30.678%
2023-03-18 18:08:30,891: INFO - total cpi:2.3405583334609554
2023-03-18 18:08:30,891: INFO - fairness:0.9999909592687142
2023-03-18 18:08:30,891: INFO - [53.77870729129975, 53.31194963015146, 53.83280864741106, 53.598846424797465, 53.46945447340613, 53.618846865093346, 53.68272278971469, 53.3582467418105, 53.40149480450863, 53.291123635082776, 53.58365621697781, 53.613519284959494, 53.48642787953505, 53.53427703416696, 53.610239080662204, 53.29265366326171, 53.32663349771046, 53.471127597745685, 53.74853601620289, 53.41764265586474, 53.676448573441355, 53.38557810848891, 53.33971028531173]
