2023-03-14 19:13:12,672: INFO - thread summary:
2023-03-14 19:13:12,673: INFO - thread #0  - bwave     , 21594 commands, cpi 14.519:
0: alu - 7717 cmds (35.73677873483375%)
1: alu_st_ld - 5163 cmds (23.909419283134206%)
2: br - 3053 cmds (14.138186533296286%)
3: misc_st_ld - 2256 cmds (10.44734648513476%)
4: misc - 2184 cmds (10.113920533481522%)
5: st_ld - 1215 cmds (5.6265629341483745%)
6: br_st_ld - 3 cmds (0.013892747985551542%)
7: fp_st_ld - 2 cmds (0.009261831990367694%)
8: fp - 1 cmds (0.004630915995183847%)

2023-03-14 19:13:12,683: INFO - 14.519449847179771
2023-03-14 19:13:12,683: INFO - thread #1  - bwave     , 21594 commands, cpi 15.063:
0: alu - 7693 cmds (35.62563675094934%)
1: alu_st_ld - 5144 cmds (23.82143187922571%)
2: br - 3056 cmds (14.152079281281837%)
3: misc_st_ld - 2248 cmds (10.41029915717329%)
4: misc - 2221 cmds (10.285264425303325%)
5: st_ld - 1226 cmds (5.677503010095397%)
6: br_st_ld - 3 cmds (0.013892747985551542%)
7: fp_st_ld - 2 cmds (0.009261831990367694%)
8: fp - 1 cmds (0.004630915995183847%)

2023-03-14 19:13:12,691: INFO - 15.063258312494211
2023-03-14 19:13:12,691: INFO - thread #2  - bwave     , 21594 commands, cpi 14.816:
0: alu - 7710 cmds (35.70436232286746%)
1: alu_st_ld - 5140 cmds (23.802908215244976%)
2: br - 3058 cmds (14.161341113272206%)
3: misc_st_ld - 2335 cmds (10.813188848754283%)
4: misc - 2181 cmds (10.100027785495971%)
5: st_ld - 1164 cmds (5.390386218393998%)
6: br_st_ld - 3 cmds (0.013892747985551542%)
7: fp_st_ld - 2 cmds (0.009261831990367694%)
8: fp - 1 cmds (0.004630915995183847%)

2023-03-14 19:13:12,698: INFO - 14.815596925071779
2023-03-14 19:13:12,698: INFO - thread #3  - bwave     , 21594 commands, cpi 14.921:
0: alu - 7721 cmds (35.755302398814486%)
1: alu_st_ld - 5163 cmds (23.909419283134206%)
2: br - 3059 cmds (14.165972029267389%)
3: misc_st_ld - 2336 cmds (10.817819764749467%)
4: misc - 2176 cmds (10.076873205520052%)
5: st_ld - 1133 cmds (5.246827822543299%)
6: br_st_ld - 3 cmds (0.013892747985551542%)
7: fp_st_ld - 2 cmds (0.009261831990367694%)
8: fp - 1 cmds (0.004630915995183847%)

2023-03-14 19:13:12,704: INFO - 14.920533481522645
2023-03-14 19:13:12,704: INFO - thread #4  - bwave     , 21594 commands, cpi 14.737:
0: alu - 7734 cmds (35.815504306751876%)
1: alu_st_ld - 5142 cmds (23.812170047235345%)
2: br - 3062 cmds (14.179864777252941%)
3: misc_st_ld - 2273 cmds (10.526072057052884%)
4: misc - 2160 cmds (10.00277854959711%)
5: st_ld - 1217 cmds (5.635824766138742%)
6: br_st_ld - 3 cmds (0.013892747985551542%)
7: fp_st_ld - 2 cmds (0.009261831990367694%)
8: fp - 1 cmds (0.004630915995183847%)

2023-03-14 19:13:12,712: INFO - 14.736732425673798
2023-03-14 19:13:12,712: INFO - execution unit summary:
2023-03-14 19:13:12,712: INFO - == st_ld Unit ======= 
Usage: 11.908%
2023-03-14 19:13:12,712: INFO - == alu Unit ========= 
Usage: 12.161%
2023-03-14 19:13:12,712: INFO - == alu Unit ========= 
Usage: 11.557%
2023-03-14 19:13:12,712: INFO - == alu_st_ld Unit === 
Usage: 24.562%
2023-03-14 19:13:12,712: INFO - == alu_st_ld Unit === 
Usage: 24.28%
2023-03-14 19:13:12,713: INFO - == fp Unit ========== 
Usage: 0.015%
2023-03-14 19:13:12,713: INFO - == fp_st_ld Unit ==== 
Usage: 0.032%
2023-03-14 19:13:12,713: INFO - == br Unit ========== 
Usage: 7.031%
2023-03-14 19:13:12,713: INFO - == br Unit ========== 
Usage: 4.375%
2023-03-14 19:13:12,713: INFO - == br_st_ld Unit ==== 
Usage: 0.012%
2023-03-14 19:13:12,713: INFO - == misc Unit ======== 
Usage: 26.862%
2023-03-14 19:13:12,713: INFO - == misc_st_ld Unit == 
Usage: 28.753%
2023-03-14 19:13:12,713: INFO - total cpi:3.012670186162823
2023-03-14 19:13:12,713: INFO - fairness:0.9998474801346927
2023-03-14 19:13:12,713: INFO - [14.519449847179771, 15.063258312494211, 14.815596925071779, 14.920533481522645, 14.736732425673798]
