2023-03-18 16:27:59,922: INFO - thread summary:
2023-03-18 16:27:59,922: INFO - thread #0  - x264      , 78788 commands, cpi 14.313:
0: alu - 27062 cmds (34.34787023404579%)
1: alu_st_ld - 19705 cmds (25.01015383053257%)
2: misc_st_ld - 8665 cmds (10.99786769558816%)
3: misc - 8449 cmds (10.723714271208813%)
4: fp_st_ld - 7453 cmds (9.459562369904047%)
5: br - 3947 cmds (5.00964613900594%)
6: fp - 3138 cmds (3.9828400263999595%)
7: st_ld - 368 cmds (0.4670762044981469%)
8: br_st_ld - 1 cmds (0.0012692288165710515%)

2023-03-18 16:27:59,934: INFO - 14.312585672945119
2023-03-18 16:27:59,934: INFO - thread #1  - x264      , 78788 commands, cpi 14.081:
0: alu - 27100 cmds (34.396100929075494%)
1: alu_st_ld - 19728 cmds (25.039346093313704%)
2: misc_st_ld - 8696 cmds (11.037213788901862%)
3: misc - 8429 cmds (10.698329694877392%)
4: fp_st_ld - 7429 cmds (9.429100878306341%)
5: br - 3942 cmds (5.0032999949230845%)
6: fp - 3129 cmds (3.97141696705082%)
7: st_ld - 334 cmds (0.4239224247347312%)
8: br_st_ld - 1 cmds (0.0012692288165710515%)

2023-03-18 16:27:59,949: INFO - 14.080646799004924
2023-03-18 16:27:59,949: INFO - thread #2  - x264      , 78788 commands, cpi 14.204:
0: alu - 27027 cmds (34.30344722546581%)
1: alu_st_ld - 19695 cmds (24.997461542366857%)
2: misc_st_ld - 8706 cmds (11.049906077067574%)
3: misc - 8506 cmds (10.796060313753364%)
4: fp_st_ld - 7390 cmds (9.37960095446007%)
5: br - 3943 cmds (5.004569223739656%)
6: fp - 3119 cmds (3.9587246788851096%)
7: st_ld - 401 cmds (0.5089607554449916%)
8: br_st_ld - 1 cmds (0.0012692288165710515%)

2023-03-18 16:27:59,964: INFO - 14.204371224044271
2023-03-18 16:27:59,964: INFO - thread #3  - x264      , 78788 commands, cpi 14.559:
0: alu - 27038 cmds (34.31740874244809%)
1: alu_st_ld - 19700 cmds (25.00380768644971%)
2: misc_st_ld - 8692 cmds (11.03213687363558%)
3: misc - 8466 cmds (10.745291161090522%)
4: fp_st_ld - 7425 cmds (9.424023963040057%)
5: br - 3948 cmds (5.010915367822511%)
6: fp - 3144 cmds (3.990455399299386%)
7: st_ld - 374 cmds (0.47469157739757323%)
8: br_st_ld - 1 cmds (0.0012692288165710515%)

2023-03-18 16:27:59,981: INFO - 14.558803371071736
2023-03-18 16:27:59,981: INFO - thread #4  - x264      , 78788 commands, cpi 14.297:
0: alu - 27001 cmds (34.27044727623496%)
1: alu_st_ld - 19680 cmds (24.978423110118293%)
2: misc_st_ld - 8747 cmds (11.101944458546987%)
3: misc - 8514 cmds (10.806214144285931%)
4: fp_st_ld - 7453 cmds (9.459562369904047%)
5: br - 3943 cmds (5.004569223739656%)
6: fp - 3137 cmds (3.9815707975833883%)
7: st_ld - 312 cmds (0.39599939077016805%)
8: br_st_ld - 1 cmds (0.0012692288165710515%)

2023-03-18 16:27:59,999: INFO - 14.296529928415495
2023-03-18 16:28:00,000: INFO - execution unit summary:
2023-03-18 16:28:00,000: INFO - == st_ld Unit ======= 
Usage: 1.005%
2023-03-18 16:28:00,000: INFO - == alu Unit ========= 
Usage: 12.921%
2023-03-18 16:28:00,000: INFO - == alu Unit ========= 
Usage: 10.657%
2023-03-18 16:28:00,000: INFO - == alu_st_ld Unit === 
Usage: 27.15%
2023-03-18 16:28:00,000: INFO - == alu_st_ld Unit === 
Usage: 25.606%
2023-03-18 16:28:00,000: INFO - == fp Unit ========== 
Usage: 13.658%
2023-03-18 16:28:00,000: INFO - == fp_st_ld Unit ==== 
Usage: 33.215%
2023-03-18 16:28:00,000: INFO - == br Unit ========== 
Usage: 2.757%
2023-03-18 16:28:00,000: INFO - == br Unit ========== 
Usage: 0.944%
2023-03-18 16:28:00,000: INFO - == br_st_ld Unit ==== 
Usage: 0.001%
2023-03-18 16:28:00,000: INFO - == misc Unit ======== 
Usage: 29.546%
2023-03-18 16:28:00,000: INFO - == misc_st_ld Unit == 
Usage: 30.928%
2023-03-18 16:28:00,000: INFO - total cpi:2.91177082804488
2023-03-18 16:28:00,000: INFO - fairness:0.9998798410205385
2023-03-18 16:28:00,000: INFO - [14.312585672945119, 14.080646799004924, 14.204371224044271, 14.558803371071736, 14.296529928415495]
