2023-03-18 18:33:45,929: INFO - thread summary:
2023-03-18 18:33:45,929: INFO - thread #0  - mcf       , 90848 commands, cpi 35.473:
0: alu - 29286 cmds (32.23626276858049%)
1: alu_st_ld - 25055 cmds (27.579033110250087%)
2: br - 15566 cmds (17.13411412469179%)
3: misc - 8511 cmds (9.368395561817541%)
4: misc_st_ld - 8230 cmds (9.059087706939064%)
5: st_ld - 4149 cmds (4.56696900317013%)
6: br_st_ld - 51 cmds (0.0561377245508982%)

2023-03-18 18:33:45,949: INFO - 35.47265762592462
2023-03-18 18:33:45,949: INFO - thread #1  - mcf       , 90848 commands, cpi 35.543:
0: alu - 29343 cmds (32.299004931313846%)
1: alu_st_ld - 24963 cmds (27.477765058119054%)
2: br - 15557 cmds (17.124207467418106%)
3: misc - 8452 cmds (9.303451919690032%)
4: misc_st_ld - 8322 cmds (9.160355759070095%)
5: st_ld - 4160 cmds (4.579077139837971%)
6: br_st_ld - 51 cmds (0.0561377245508982%)

2023-03-18 18:33:45,980: INFO - 35.54324806269813
2023-03-18 18:33:45,980: INFO - thread #2  - mcf       , 90848 commands, cpi 35.58:
0: alu - 29231 cmds (32.17572208524128%)
1: alu_st_ld - 25017 cmds (27.537205001761183%)
2: br - 15540 cmds (17.105494892567805%)
3: misc - 8584 cmds (9.44874955970412%)
4: misc_st_ld - 8268 cmds (9.100915815427967%)
5: st_ld - 4157 cmds (4.575774920746742%)
6: br_st_ld - 51 cmds (0.0561377245508982%)

2023-03-18 18:33:46,006: INFO - 35.57989168721381
2023-03-18 18:33:46,006: INFO - thread #3  - mcf       , 90848 commands, cpi 35.415:
0: alu - 29292 cmds (32.242867206762945%)
1: alu_st_ld - 24913 cmds (27.422728073265233%)
2: br - 15549 cmds (17.115401549841494%)
3: misc - 8498 cmds (9.354085945755548%)
4: misc_st_ld - 8372 cmds (9.215392743923918%)
5: st_ld - 4173 cmds (4.593386755899965%)
6: br_st_ld - 51 cmds (0.0561377245508982%)

2023-03-18 18:33:46,033: INFO - 35.4147587178584
2023-03-18 18:33:46,033: INFO - thread #4  - mcf       , 90848 commands, cpi 35.387:
0: alu - 29357 cmds (32.31441528707291%)
1: alu_st_ld - 24972 cmds (27.487671715392743%)
2: br - 15533 cmds (17.097789714688272%)
3: misc - 8459 cmds (9.311157097569566%)
4: misc_st_ld - 8313 cmds (9.150449101796408%)
5: st_ld - 4163 cmds (4.582379358929201%)
6: br_st_ld - 51 cmds (0.0561377245508982%)

2023-03-18 18:33:46,060: INFO - 35.387317277210286
2023-03-18 18:33:46,060: INFO - thread #5  - mcf       , 90848 commands, cpi 35.597:
0: alu - 29180 cmds (32.11958436069038%)
1: alu_st_ld - 24969 cmds (27.484369496301515%)
2: br - 15546 cmds (17.112099330750265%)
3: misc - 8588 cmds (9.453152518492427%)
4: misc_st_ld - 8316 cmds (9.153751320887636%)
5: st_ld - 4198 cmds (4.620905248326876%)
6: br_st_ld - 51 cmds (0.0561377245508982%)

2023-03-18 18:33:46,091: INFO - 35.59716229306094
2023-03-18 18:33:46,091: INFO - thread #6  - mcf       , 90848 commands, cpi 35.44:
0: alu - 29417 cmds (32.3804596688975%)
1: alu_st_ld - 24950 cmds (27.46345544205706%)
2: br - 15551 cmds (17.117603029235646%)
3: misc - 8371 cmds (9.21429200422684%)
4: misc_st_ld - 8335 cmds (9.174665375132088%)
5: st_ld - 4173 cmds (4.593386755899965%)
6: br_st_ld - 51 cmds (0.0561377245508982%)

2023-03-18 18:33:46,119: INFO - 35.43971248679112
2023-03-18 18:33:46,119: INFO - thread #7  - mcf       , 90848 commands, cpi 35.268:
0: alu - 29318 cmds (32.27148643888693%)
1: alu_st_ld - 24916 cmds (27.426030292356465%)
2: br - 15596 cmds (17.167136315604086%)
3: misc - 8397 cmds (9.242911236350828%)
4: misc_st_ld - 8369 cmds (9.212090524832687%)
5: st_ld - 4201 cmds (4.624207467418105%)
6: br_st_ld - 51 cmds (0.0561377245508982%)

2023-03-18 18:33:46,149: INFO - 35.26757881296231
2023-03-18 18:33:46,149: INFO - thread #8  - mcf       , 90848 commands, cpi 35.25:
0: alu - 29330 cmds (32.28469531525185%)
1: alu_st_ld - 24969 cmds (27.484369496301515%)
2: br - 15561 cmds (17.12861042620641%)
3: misc - 8439 cmds (9.289142303628038%)
4: misc_st_ld - 8316 cmds (9.153751320887636%)
5: st_ld - 4182 cmds (4.6032934131736525%)
6: br_st_ld - 51 cmds (0.0561377245508982%)

2023-03-18 18:33:46,177: INFO - 35.24953768932723
2023-03-18 18:33:46,177: INFO - thread #9  - mcf       , 90848 commands, cpi 35.63:
0: alu - 29288 cmds (32.23846424797464%)
1: alu_st_ld - 24956 cmds (27.47005988023952%)
2: br - 15579 cmds (17.14842374075379%)
3: misc - 8507 cmds (9.363992603029235%)
4: misc_st_ld - 8329 cmds (9.16806093694963%)
5: st_ld - 4138 cmds (4.554860866502289%)
6: br_st_ld - 51 cmds (0.0561377245508982%)

2023-03-18 18:33:46,210: INFO - 35.6304596688975
2023-03-18 18:33:46,210: INFO - thread #10 - mcf       , 90848 commands, cpi 35.463:
0: alu - 29251 cmds (32.19773687918281%)
1: alu_st_ld - 25005 cmds (27.523996125396266%)
2: br - 15569 cmds (17.137416343783023%)
3: misc - 8525 cmds (9.38380591757661%)
4: misc_st_ld - 8280 cmds (9.114124691792885%)
5: st_ld - 4167 cmds (4.586782317717506%)
6: br_st_ld - 51 cmds (0.0561377245508982%)

2023-03-18 18:33:46,241: INFO - 35.46286104262064
2023-03-18 18:33:46,241: INFO - execution unit summary:
2023-03-18 18:33:46,241: INFO - == st_ld Unit ======= 
Usage: 10.898%
2023-03-18 18:33:46,241: INFO - == alu Unit ========= 
Usage: 11.864%
2023-03-18 18:33:46,241: INFO - == alu Unit ========= 
Usage: 8.049%
2023-03-18 18:33:46,241: INFO - == alu_st_ld Unit === 
Usage: 30.084%
2023-03-18 18:33:46,241: INFO - == alu_st_ld Unit === 
Usage: 24.377%
2023-03-18 18:33:46,241: INFO - == fp Unit ========== 
Usage: 0.0%
2023-03-18 18:33:46,241: INFO - == fp_st_ld Unit ==== 
Usage: 0.0%
2023-03-18 18:33:46,241: INFO - == br Unit ========== 
Usage: 7.404%
2023-03-18 18:33:46,241: INFO - == br Unit ========== 
Usage: 3.17%
2023-03-18 18:33:46,241: INFO - == br_st_ld Unit ==== 
Usage: 0.045%
2023-03-18 18:33:46,241: INFO - == misc Unit ======== 
Usage: 23.066%
2023-03-18 18:33:46,241: INFO - == misc_st_ld Unit == 
Usage: 25.559%
2023-03-18 18:33:46,241: INFO - total cpi:3.239159715328701
2023-03-18 18:33:46,241: INFO - fairness:0.9999885215495754
2023-03-18 18:33:46,241: INFO - [35.47265762592462, 35.54324806269813, 35.57989168721381, 35.4147587178584, 35.387317277210286, 35.59716229306094, 35.43971248679112, 35.26757881296231, 35.24953768932723, 35.6304596688975, 35.46286104262064]
