2023-03-18 18:28:42,700: INFO - thread summary:
2023-03-18 18:28:42,701: INFO - thread #0  - mcf       , 90848 commands, cpi 25.504:
0: alu - 28873 cmds (31.78165727368792%)
1: alu_st_ld - 23890 cmds (26.29667136315604%)
2: br - 15476 cmds (17.035047551954914%)
3: misc_st_ld - 9395 cmds (10.34144945403311%)
4: misc - 9183 cmds (10.108092638252906%)
5: st_ld - 3980 cmds (4.380943994364213%)
6: br_st_ld - 51 cmds (0.0561377245508982%)

2023-03-18 18:28:42,737: INFO - 25.50413878126101
2023-03-18 18:28:42,737: INFO - thread #1  - mcf       , 90848 commands, cpi 25.851:
0: alu - 28888 cmds (31.798168369144065%)
1: alu_st_ld - 23894 cmds (26.30107432194435%)
2: br - 15479 cmds (17.038349771046143%)
3: misc_st_ld - 9391 cmds (10.337046495244804%)
4: misc - 9161 cmds (10.083876364917224%)
5: st_ld - 3984 cmds (4.385346953152519%)
6: br_st_ld - 51 cmds (0.0561377245508982%)

2023-03-18 18:28:42,783: INFO - 25.850508541740048
2023-03-18 18:28:42,784: INFO - thread #2  - mcf       , 90848 commands, cpi 25.799:
0: alu - 28975 cmds (31.893932722789714%)
1: alu_st_ld - 23970 cmds (26.384730538922156%)
2: br - 15471 cmds (17.02954385346953%)
3: misc_st_ld - 9315 cmds (10.253390278266995%)
4: misc - 9107 cmds (10.024436421275096%)
5: st_ld - 3959 cmds (4.3578284607256075%)
6: br_st_ld - 51 cmds (0.0561377245508982%)

2023-03-18 18:28:42,828: INFO - 25.79923608665023
2023-03-18 18:28:42,828: INFO - thread #3  - mcf       , 90848 commands, cpi 25.853:
0: alu - 28921 cmds (31.83449277914759%)
1: alu_st_ld - 23995 cmds (26.412249031349067%)
2: br - 15460 cmds (17.01743571680169%)
3: misc_st_ld - 9290 cmds (10.225871785840084%)
4: misc - 9199 cmds (10.12570447340613%)
5: st_ld - 3932 cmds (4.328108488904544%)
6: br_st_ld - 51 cmds (0.0561377245508982%)

2023-03-18 18:28:42,863: INFO - 25.852632969355408
2023-03-18 18:28:42,863: INFO - thread #4  - mcf       , 90848 commands, cpi 25.78:
0: alu - 28795 cmds (31.695799577315956%)
1: alu_st_ld - 23883 cmds (26.288966185276507%)
2: br - 15468 cmds (17.0262416343783%)
3: misc_st_ld - 9402 cmds (10.349154631912645%)
4: misc - 9303 cmds (10.240181401902078%)
5: st_ld - 3946 cmds (4.343518844663614%)
6: br_st_ld - 51 cmds (0.0561377245508982%)

2023-03-18 18:28:42,895: INFO - 25.780006164142304
2023-03-18 18:28:42,895: INFO - thread #5  - mcf       , 90848 commands, cpi 25.6:
0: alu - 28922 cmds (31.835593518844664%)
1: alu_st_ld - 23950 cmds (26.362715744980626%)
2: br - 15435 cmds (16.98991722437478%)
3: misc_st_ld - 9335 cmds (10.275405072208525%)
4: misc - 9166 cmds (10.089380063402606%)
5: st_ld - 3989 cmds (4.3908506516379004%)
6: br_st_ld - 51 cmds (0.0561377245508982%)

2023-03-18 18:28:42,938: INFO - 25.600464512152165
2023-03-18 18:28:42,938: INFO - thread #6  - mcf       , 90848 commands, cpi 25.594:
0: alu - 28901 cmds (31.81247798520606%)
1: alu_st_ld - 23978 cmds (26.39353645649877%)
2: br - 15463 cmds (17.02073793589292%)
3: misc_st_ld - 9307 cmds (10.244584360690384%)
4: misc - 9176 cmds (10.100387460373371%)
5: st_ld - 3972 cmds (4.372138076787602%)
6: br_st_ld - 51 cmds (0.0561377245508982%)

2023-03-18 18:28:42,971: INFO - 25.59361791123635
2023-03-18 18:28:42,971: INFO - thread #7  - mcf       , 90848 commands, cpi 25.706:
0: alu - 28937 cmds (31.85210461430081%)
1: alu_st_ld - 23928 cmds (26.338499471644944%)
2: br - 15444 cmds (16.999823881648467%)
3: misc_st_ld - 9357 cmds (10.299621345544205%)
4: misc - 9148 cmds (10.06956674885523%)
5: st_ld - 3983 cmds (4.384246213455442%)
6: br_st_ld - 51 cmds (0.0561377245508982%)

2023-03-18 18:28:43,015: INFO - 25.706014441704827
2023-03-18 18:28:43,015: INFO - thread #8  - mcf       , 90848 commands, cpi 25.936:
0: alu - 28779 cmds (31.678187742162734%)
1: alu_st_ld - 23851 cmds (26.25374251497006%)
2: br - 15447 cmds (17.003126100739696%)
3: misc_st_ld - 9434 cmds (10.38437830221909%)
4: misc - 9311 cmds (10.24898731947869%)
5: st_ld - 3975 cmds (4.375440295878831%)
6: br_st_ld - 51 cmds (0.0561377245508982%)

2023-03-18 18:28:43,048: INFO - 25.936113067981683
2023-03-18 18:28:43,049: INFO - execution unit summary:
2023-03-18 18:28:43,049: INFO - == st_ld Unit ======= 
Usage: 10.669%
2023-03-18 18:28:43,049: INFO - == alu Unit ========= 
Usage: 12.435%
2023-03-18 18:28:43,049: INFO - == alu Unit ========= 
Usage: 9.633%
2023-03-18 18:28:43,049: INFO - == alu_st_ld Unit === 
Usage: 30.435%
2023-03-18 18:28:43,049: INFO - == alu_st_ld Unit === 
Usage: 27.134%
2023-03-18 18:28:43,049: INFO - == fp Unit ========== 
Usage: 0.0%
2023-03-18 18:28:43,049: INFO - == fp_st_ld Unit ==== 
Usage: 0.0%
2023-03-18 18:28:43,049: INFO - == br Unit ========== 
Usage: 7.902%
2023-03-18 18:28:43,049: INFO - == br Unit ========== 
Usage: 3.908%
2023-03-18 18:28:43,049: INFO - == br_st_ld Unit ==== 
Usage: 0.045%
2023-03-18 18:28:43,049: INFO - == misc Unit ======== 
Usage: 28.097%
2023-03-18 18:28:43,049: INFO - == misc_st_ld Unit == 
Usage: 30.387%
2023-03-18 18:28:43,049: INFO - total cpi:2.881822140033658
2023-03-18 18:28:43,049: INFO - fairness:0.999972068791285
2023-03-18 18:28:43,049: INFO - [25.50413878126101, 25.850508541740048, 25.79923608665023, 25.852632969355408, 25.780006164142304, 25.600464512152165, 25.59361791123635, 25.706014441704827, 25.936113067981683]
