2023-03-18 13:02:04,416: INFO - thread summary:
2023-03-18 13:02:04,434: INFO - thread #0  - mcf       , 90848 commands, cpi 51.977:
0: alu - 32280 cmds (35.531877421627335%)
1: alu_st_ld - 27566 cmds (30.34299048960902%)
2: br - 15496 cmds (17.057062345896444%)
3: misc - 5750 cmds (6.329253258189503%)
4: misc_st_ld - 5720 cmds (6.29623106727721%)
5: st_ld - 3985 cmds (4.386447692849595%)
6: br_st_ld - 51 cmds (0.0561377245508982%)

2023-03-18 13:02:04,471: INFO - 51.97695051074322
2023-03-18 13:02:04,471: INFO - thread #1  - mcf       , 90848 commands, cpi 52.104:
0: alu - 32441 cmds (35.70909651285664%)
1: alu_st_ld - 27573 cmds (30.35069566748855%)
2: br - 15446 cmds (17.00202536104262%)
3: misc_st_ld - 5713 cmds (6.288525889397675%)
4: misc - 5620 cmds (6.186157097569566%)
5: st_ld - 4004 cmds (4.407361747094047%)
6: br_st_ld - 51 cmds (0.0561377245508982%)

2023-03-18 13:02:04,493: INFO - 52.103898820007046
2023-03-18 13:02:04,493: INFO - thread #2  - mcf       , 90848 commands, cpi 51.84:
0: alu - 32203 cmds (35.44712046495245%)
1: alu_st_ld - 27557 cmds (30.33308383233533%)
2: br - 15448 cmds (17.004226840436772%)
3: misc - 5853 cmds (6.442629446988376%)
4: misc_st_ld - 5728 cmds (6.305036984853822%)
5: st_ld - 4008 cmds (4.411764705882353%)
6: br_st_ld - 51 cmds (0.0561377245508982%)

2023-03-18 13:02:04,526: INFO - 51.84033770693906
2023-03-18 13:02:04,527: INFO - thread #3  - mcf       , 90848 commands, cpi 52.153:
0: alu - 32264 cmds (35.51426558647411%)
1: alu_st_ld - 27658 cmds (30.444258541740048%)
2: br - 15469 cmds (17.027342374075378%)
3: misc - 5757 cmds (6.336958436069039%)
4: misc_st_ld - 5628 cmds (6.194963015146178%)
5: st_ld - 4021 cmds (4.426074321944347%)
6: br_st_ld - 51 cmds (0.0561377245508982%)

2023-03-18 13:02:04,560: INFO - 52.15296979570271
2023-03-18 13:02:04,560: INFO - thread #4  - mcf       , 90848 commands, cpi 51.645:
0: alu - 32338 cmds (35.595720324057766%)
1: alu_st_ld - 27474 cmds (30.241722437477986%)
2: br - 15447 cmds (17.003126100739696%)
3: misc_st_ld - 5811 cmds (6.396398379711166%)
4: misc - 5671 cmds (6.242294822120465%)
5: st_ld - 4056 cmds (4.464600211342022%)
6: br_st_ld - 51 cmds (0.0561377245508982%)

2023-03-18 13:02:04,586: INFO - 51.644769284959494
2023-03-18 13:02:04,586: INFO - thread #5  - mcf       , 90848 commands, cpi 52.446:
0: alu - 32191 cmds (35.43391158858753%)
1: alu_st_ld - 27804 cmds (30.60496653751321%)
2: br - 15486 cmds (17.04605494892568%)
3: misc - 5828 cmds (6.415110954561466%)
4: misc_st_ld - 5481 cmds (6.0331542796759425%)
5: st_ld - 4007 cmds (4.410663966185276%)
6: br_st_ld - 51 cmds (0.0561377245508982%)

2023-03-18 13:02:05,155: INFO - 52.44620685100387
2023-03-18 13:02:05,155: INFO - thread #6  - mcf       , 90848 commands, cpi 52.276:
0: alu - 32336 cmds (35.59351884466361%)
1: alu_st_ld - 27684 cmds (30.472877773864038%)
2: br - 15487 cmds (17.047155688622755%)
3: misc - 5671 cmds (6.242294822120465%)
4: misc_st_ld - 5601 cmds (6.165243043325114%)
5: st_ld - 4018 cmds (4.422772102853117%)
6: br_st_ld - 51 cmds (0.0561377245508982%)

2023-03-18 13:02:05,622: INFO - 52.27598846424797
2023-03-18 13:02:05,622: INFO - thread #7  - mcf       , 90848 commands, cpi 51.975:
0: alu - 32401 cmds (35.66506692497358%)
1: alu_st_ld - 27613 cmds (30.39472525537161%)
2: br - 15492 cmds (17.052659387108136%)
3: misc_st_ld - 5672 cmds (6.243395561817541%)
4: misc - 5610 cmds (6.175149700598802%)
5: st_ld - 4009 cmds (4.412865445579429%)
6: br_st_ld - 51 cmds (0.0561377245508982%)

2023-03-18 13:02:05,644: INFO - 51.975475519549136
2023-03-18 13:02:05,644: INFO - thread #8  - mcf       , 90848 commands, cpi 52.101:
0: alu - 32274 cmds (35.52527298344487%)
1: alu_st_ld - 27586 cmds (30.365005283550545%)
2: br - 15449 cmds (17.00532758013385%)
3: misc - 5736 cmds (6.313842902430434%)
4: misc_st_ld - 5699 cmds (6.273115533638605%)
5: st_ld - 4053 cmds (4.461297992250793%)
6: br_st_ld - 51 cmds (0.0561377245508982%)

2023-03-18 13:02:05,669: INFO - 52.10077271926735
2023-03-18 13:02:05,670: INFO - thread #9  - mcf       , 90848 commands, cpi 52.018:
0: alu - 32379 cmds (35.6408506516379%)
1: alu_st_ld - 27564 cmds (30.340789010214863%)
2: br - 15463 cmds (17.02073793589292%)
3: misc_st_ld - 5722 cmds (6.298432546671363%)
4: misc - 5690 cmds (6.263208876364917%)
5: st_ld - 3979 cmds (4.379843254667136%)
6: br_st_ld - 51 cmds (0.0561377245508982%)

2023-03-18 13:02:05,693: INFO - 52.01785399788658
2023-03-18 13:02:05,693: INFO - thread #10 - mcf       , 90848 commands, cpi 51.955:
0: alu - 32287 cmds (35.53958259950687%)
1: alu_st_ld - 27683 cmds (30.47177703416696%)
2: br - 15465 cmds (17.022939415287073%)
3: misc - 5733 cmds (6.310540683339204%)
4: misc_st_ld - 5602 cmds (6.1663437830221906%)
5: st_ld - 4027 cmds (4.432678760126805%)
6: br_st_ld - 51 cmds (0.0561377245508982%)

2023-03-18 13:02:05,714: INFO - 51.95491370200775
2023-03-18 13:02:05,714: INFO - thread #11 - mcf       , 90848 commands, cpi 51.807:
0: alu - 32304 cmds (35.55829517435717%)
1: alu_st_ld - 27581 cmds (30.359501585065164%)
2: br - 15441 cmds (16.99652166255724%)
3: misc - 5753 cmds (6.332555477280732%)
4: misc_st_ld - 5704 cmds (6.2786192321239875%)
5: st_ld - 4014 cmds (4.418369144064812%)
6: br_st_ld - 51 cmds (0.0561377245508982%)

2023-03-18 13:02:05,735: INFO - 51.80743659739345
2023-03-18 13:02:05,735: INFO - thread #12 - mcf       , 90848 commands, cpi 52.17:
0: alu - 32322 cmds (35.57810848890455%)
1: alu_st_ld - 27580 cmds (30.358400845368088%)
2: br - 15488 cmds (17.04825642831983%)
3: misc_st_ld - 5705 cmds (6.279719971821064%)
4: misc - 5690 cmds (6.263208876364917%)
5: st_ld - 4012 cmds (4.416167664670659%)
6: br_st_ld - 51 cmds (0.0561377245508982%)

2023-03-18 13:02:05,756: INFO - 52.170460549489256
2023-03-18 13:02:05,756: INFO - thread #13 - mcf       , 90848 commands, cpi 51.892:
0: alu - 32360 cmds (35.61993659739345%)
1: alu_st_ld - 27663 cmds (30.449762240225432%)
2: br - 15456 cmds (17.013032758013384%)
3: misc - 5667 cmds (6.237891863332159%)
4: misc_st_ld - 5622 cmds (6.1883585769637195%)
5: st_ld - 4029 cmds (4.434880239520958%)
6: br_st_ld - 51 cmds (0.0561377245508982%)

2023-03-18 13:02:05,777: INFO - 51.892193554068335
2023-03-18 13:02:05,777: INFO - thread #14 - mcf       , 90848 commands, cpi 52.039:
0: alu - 32322 cmds (35.57810848890455%)
1: alu_st_ld - 27541 cmds (30.315471997182108%)
2: br - 15483 cmds (17.042752729834447%)
3: misc_st_ld - 5744 cmds (6.3226488200070445%)
4: misc - 5652 cmds (6.2213807678760125%)
5: st_ld - 4055 cmds (4.463499471644945%)
6: br_st_ld - 51 cmds (0.0561377245508982%)

2023-03-18 13:02:05,799: INFO - 52.038944170482566
2023-03-18 13:02:05,799: INFO - thread #15 - mcf       , 90848 commands, cpi 51.988:
0: alu - 32306 cmds (35.56049665375132%)
1: alu_st_ld - 27517 cmds (30.289054244452274%)
2: br - 15442 cmds (16.997622402254315%)
3: misc_st_ld - 5769 cmds (6.350167312433956%)
4: misc - 5731 cmds (6.308339203945051%)
5: st_ld - 4032 cmds (4.438182458612188%)
6: br_st_ld - 51 cmds (0.0561377245508982%)

2023-03-18 13:02:05,820: INFO - 51.988409210989786
2023-03-18 13:02:05,820: INFO - thread #16 - mcf       , 90848 commands, cpi 52.075:
0: alu - 32423 cmds (35.68928319830926%)
1: alu_st_ld - 27586 cmds (30.365005283550545%)
2: br - 15493 cmds (17.053760126805212%)
3: misc_st_ld - 5699 cmds (6.273115533638605%)
4: misc - 5604 cmds (6.168545262416344%)
5: st_ld - 3992 cmds (4.39415287072913%)
6: br_st_ld - 51 cmds (0.0561377245508982%)

2023-03-18 13:02:05,840: INFO - 52.07488332159211
2023-03-18 13:02:05,840: INFO - thread #17 - mcf       , 90848 commands, cpi 51.891:
0: alu - 32267 cmds (35.51756780556534%)
1: alu_st_ld - 27295 cmds (30.044690031701304%)
2: br - 15432 cmds (16.98661500528355%)
3: misc_st_ld - 5990 cmds (6.593430785487848%)
4: misc - 5806 cmds (6.390894681225784%)
5: st_ld - 4007 cmds (4.410663966185276%)
6: br_st_ld - 51 cmds (0.0561377245508982%)

2023-03-18 13:02:05,861: INFO - 51.89059748150758
2023-03-18 13:02:05,861: INFO - thread #18 - mcf       , 90848 commands, cpi 52.192:
0: alu - 32385 cmds (35.64745508982036%)
1: alu_st_ld - 27712 cmds (30.503698485382177%)
2: br - 15479 cmds (17.038349771046143%)
3: misc - 5600 cmds (6.164142303628038%)
4: misc_st_ld - 5574 cmds (6.135523071504051%)
5: st_ld - 4047 cmds (4.454693554068334%)
6: br_st_ld - 51 cmds (0.0561377245508982%)

2023-03-18 13:02:05,904: INFO - 52.19213411412469
2023-03-18 13:02:05,904: INFO - execution unit summary:
2023-03-18 13:02:05,904: INFO - == st_ld Unit ======= 
Usage: 14.182%
2023-03-18 13:02:05,904: INFO - == alu Unit ========= 
Usage: 16.87%
2023-03-18 13:02:05,904: INFO - == alu Unit ========= 
Usage: 8.906%
2023-03-18 13:02:05,904: INFO - == alu_st_ld Unit === 
Usage: 41.245%
2023-03-18 13:02:05,904: INFO - == alu_st_ld Unit === 
Usage: 31.05%
2023-03-18 13:02:05,904: INFO - == fp Unit ========== 
Usage: 0.0%
2023-03-18 13:02:05,904: INFO - == fp_st_ld Unit ==== 
Usage: 0.0%
2023-03-18 13:02:05,904: INFO - == br Unit ========== 
Usage: 9.526%
2023-03-18 13:02:05,904: INFO - == br Unit ========== 
Usage: 2.809%
2023-03-18 13:02:05,904: INFO - == br_st_ld Unit ==== 
Usage: 0.061%
2023-03-18 13:02:05,904: INFO - == misc Unit ======== 
Usage: 18.204%
2023-03-18 13:02:05,904: INFO - == misc_st_ld Unit == 
Usage: 25.123%
2023-03-18 13:02:05,905: INFO - total cpi:2.7603400011123265
2023-03-18 13:02:05,905: INFO - fairness:0.999988482104569
2023-03-18 13:02:05,905: INFO - [51.97695051074322, 52.103898820007046, 51.84033770693906, 52.15296979570271, 51.644769284959494, 52.44620685100387, 52.27598846424797, 51.975475519549136, 52.10077271926735, 52.01785399788658, 51.95491370200775, 51.80743659739345, 52.170460549489256, 51.892193554068335, 52.038944170482566, 51.988409210989786, 52.07488332159211, 51.89059748150758, 52.19213411412469]
2023-03-18 15:14:02,642: INFO - thread summary:
2023-03-18 15:14:02,665: INFO - thread #0  - x264      , 78788 commands, cpi 56.148:
0: alu - 28261 cmds (35.869675585114486%)
1: alu_st_ld - 18909 cmds (23.999847692542012%)
2: fp_st_ld - 9271 cmds (11.767020358430218%)
3: misc_st_ld - 7718 cmds (9.795908006295376%)
4: misc - 7360 cmds (9.341524089962938%)
5: br - 3929 cmds (4.986800020307661%)
6: fp - 3046 cmds (3.8660709752754228%)
7: st_ld - 293 cmds (0.37188404325531804%)
8: br_st_ld - 1 cmds (0.0012692288165710515%)

2023-03-18 15:14:02,685: INFO - 56.14797938772402
2023-03-18 15:14:02,685: INFO - thread #1  - x264      , 78788 commands, cpi 56.078:
0: alu - 28302 cmds (35.9217139665939%)
1: alu_st_ld - 18860 cmds (23.93765548053003%)
2: fp_st_ld - 9201 cmds (11.678174341270244%)
3: misc_st_ld - 7863 cmds (9.979946184698177%)
4: misc - 7305 cmds (9.27171650505153%)
5: br - 3934 cmds (4.993146164390517%)
6: fp - 3056 cmds (3.878763263441133%)
7: st_ld - 266 cmds (0.3376148652078997%)
8: br_st_ld - 1 cmds (0.0012692288165710515%)

2023-03-18 15:14:02,703: INFO - 56.077740265014974
2023-03-18 15:14:02,703: INFO - thread #2  - x264      , 78788 commands, cpi 56.366:
0: alu - 28265 cmds (35.874752500380765%)
1: alu_st_ld - 18846 cmds (23.919886277098037%)
2: fp_st_ld - 9347 cmds (11.863481748489617%)
3: misc_st_ld - 7538 cmds (9.567446819312586%)
4: misc - 7369 cmds (9.352947149312078%)
5: br - 3927 cmds (4.984261562674519%)
6: fp - 3045 cmds (3.8648017464588516%)
7: st_ld - 450 cmds (0.5711529674569732%)
8: br_st_ld - 1 cmds (0.0012692288165710515%)

2023-03-18 15:14:03,867: INFO - 56.365537899172466
2023-03-18 15:14:03,867: INFO - thread #3  - x264      , 78788 commands, cpi 56.195:
0: alu - 28310 cmds (35.931867797126465%)
1: alu_st_ld - 18878 cmds (23.96050159922831%)
2: fp_st_ld - 9296 cmds (11.798751078844495%)
3: misc_st_ld - 7555 cmds (9.589023709194294%)
4: misc - 7314 cmds (9.28313956440067%)
5: br - 3935 cmds (4.994415393207087%)
6: fp - 3041 cmds (3.8597248311925676%)
7: st_ld - 458 cmds (0.5813067979895415%)
8: br_st_ld - 1 cmds (0.0012692288165710515%)

2023-03-18 15:14:03,887: INFO - 56.19523277656496
2023-03-18 15:14:03,887: INFO - thread #4  - x264      , 78788 commands, cpi 56.312:
0: alu - 28298 cmds (35.91663705132761%)
1: alu_st_ld - 18860 cmds (23.93765548053003%)
2: fp_st_ld - 9346 cmds (11.862212519673047%)
3: misc_st_ld - 7834 cmds (9.943138549017617%)
4: misc - 7334 cmds (9.308524140732091%)
5: br - 3931 cmds (4.989338477940803%)
6: fp - 3038 cmds (3.8559171447428544%)
7: st_ld - 146 cmds (0.1853074072193735%)
8: br_st_ld - 1 cmds (0.0012692288165710515%)

2023-03-18 15:14:03,906: INFO - 56.311519520739196
2023-03-18 15:14:03,906: INFO - thread #5  - x264      , 78788 commands, cpi 56.107:
0: alu - 28220 cmds (35.81763720363507%)
1: alu_st_ld - 18882 cmds (23.96557851449459%)
2: fp_st_ld - 9357 cmds (11.876174036655328%)
3: misc_st_ld - 7629 cmds (9.682946641620552%)
4: misc - 7384 cmds (9.371985581560644%)
5: br - 3936 cmds (4.995684622023658%)
6: fp - 3058 cmds (3.881301721074275%)
7: st_ld - 321 cmds (0.4074224501193075%)
8: br_st_ld - 1 cmds (0.0012692288165710515%)

2023-03-18 15:14:03,931: INFO - 56.10711021983043
2023-03-18 15:14:03,931: INFO - thread #6  - x264      , 78788 commands, cpi 55.39:
0: alu - 28327 cmds (35.95344468700817%)
1: alu_st_ld - 18820 cmds (23.886886327867188%)
2: fp_st_ld - 9232 cmds (11.717520434583946%)
3: misc_st_ld - 7819 cmds (9.92410011676905%)
4: misc - 7308 cmds (9.275524191501244%)
5: br - 3942 cmds (5.0032999949230845%)
6: fp - 3025 cmds (3.8394171701274304%)
7: st_ld - 314 cmds (0.39853784840331014%)
8: br_st_ld - 1 cmds (0.0012692288165710515%)

2023-03-18 15:14:03,949: INFO - 55.38969132355181
2023-03-18 15:14:03,949: INFO - thread #7  - x264      , 78788 commands, cpi 56.482:
0: alu - 28347 cmds (35.9788292633396%)
1: alu_st_ld - 18909 cmds (23.999847692542012%)
2: fp_st_ld - 9313 cmds (11.820327968726202%)
3: misc_st_ld - 7625 cmds (9.677869726354267%)
4: misc - 7293 cmds (9.256485759252678%)
5: br - 3940 cmds (5.000761537289943%)
6: fp - 3023 cmds (3.8368787124942885%)
7: st_ld - 337 cmds (0.4277301111844443%)
8: br_st_ld - 1 cmds (0.0012692288165710515%)

2023-03-18 15:14:04,457: INFO - 56.48216733512718
2023-03-18 15:14:04,457: INFO - thread #8  - x264      , 78788 commands, cpi 56.175:
0: alu - 28358 cmds (35.992790780321876%)
1: alu_st_ld - 18889 cmds (23.97446311621059%)
2: fp_st_ld - 9264 cmds (11.758135756714221%)
3: misc_st_ld - 7579 cmds (9.619485200791999%)
4: misc - 7271 cmds (9.228562725288114%)
5: br - 3932 cmds (4.990607706757374%)
6: fp - 3039 cmds (3.857186373559425%)
7: st_ld - 455 cmds (0.5774991115398284%)
8: br_st_ld - 1 cmds (0.0012692288165710515%)

2023-03-18 15:14:04,477: INFO - 56.17543280702645
2023-03-18 15:14:04,478: INFO - thread #9  - x264      , 78788 commands, cpi 56.366:
0: alu - 28335 cmds (35.963598517540746%)
1: alu_st_ld - 18895 cmds (23.982078489110016%)
2: fp_st_ld - 9272 cmds (11.76828958724679%)
3: misc_st_ld - 7878 cmds (9.998984616946743%)
4: misc - 7285 cmds (9.24633192872011%)
5: br - 3933 cmds (4.991876935573945%)
6: fp - 3052 cmds (3.873686348174849%)
7: st_ld - 137 cmds (0.17388434787023405%)
8: br_st_ld - 1 cmds (0.0012692288165710515%)

2023-03-18 15:14:04,984: INFO - 56.365766360359444
2023-03-18 15:14:04,984: INFO - thread #10 - x264      , 78788 commands, cpi 55.762:
0: alu - 28288 cmds (35.9039447631619%)
1: alu_st_ld - 18834 cmds (23.904655531299184%)
2: fp_st_ld - 9177 cmds (11.647712849672539%)
3: misc_st_ld - 7714 cmds (9.79083109102909%)
4: misc - 7348 cmds (9.326293344164085%)
5: br - 3936 cmds (4.995684622023658%)
6: fp - 3035 cmds (3.852109458293141%)
7: st_ld - 455 cmds (0.5774991115398284%)
8: br_st_ld - 1 cmds (0.0012692288165710515%)

2023-03-18 15:14:05,005: INFO - 55.761816520282274
2023-03-18 15:14:05,005: INFO - thread #11 - x264      , 78788 commands, cpi 55.859:
0: alu - 28299 cmds (35.91790628014419%)
1: alu_st_ld - 18831 cmds (23.90084784484947%)
2: fp_st_ld - 9384 cmds (11.910443214702747%)
3: misc_st_ld - 7833 cmds (9.941869320201047%)
4: misc - 7317 cmds (9.286947250850384%)
5: br - 3934 cmds (4.993146164390517%)
6: fp - 3048 cmds (3.8686094329085647%)
7: st_ld - 141 cmds (0.17896126313651825%)
8: br_st_ld - 1 cmds (0.0012692288165710515%)

2023-03-18 15:14:05,030: INFO - 55.85948367771742
2023-03-18 15:14:05,030: INFO - thread #12 - x264      , 78788 commands, cpi 55.871:
0: alu - 28298 cmds (35.91663705132761%)
1: alu_st_ld - 18826 cmds (23.894501700766615%)
2: fp_st_ld - 9333 cmds (11.845712545057623%)
3: misc_st_ld - 7562 cmds (9.597908310910292%)
4: misc - 7323 cmds (9.29456262374981%)
5: br - 3932 cmds (4.990607706757374%)
6: fp - 3049 cmds (3.869878661725136%)
7: st_ld - 464 cmds (0.5889221708889678%)
8: br_st_ld - 1 cmds (0.0012692288165710515%)

2023-03-18 15:14:05,051: INFO - 55.87102096766005
2023-03-18 15:14:05,051: INFO - thread #13 - x264      , 78788 commands, cpi 56.072:
0: alu - 28277 cmds (35.88998324617962%)
1: alu_st_ld - 18890 cmds (23.97573234502716%)
2: fp_st_ld - 9294 cmds (11.796212621211351%)
3: misc_st_ld - 7531 cmds (9.558562217596588%)
4: misc - 7342 cmds (9.318677971264659%)
5: br - 3929 cmds (4.986800020307661%)
6: fp - 3051 cmds (3.872417119358278%)
7: st_ld - 473 cmds (0.6003452302381074%)
8: br_st_ld - 1 cmds (0.0012692288165710515%)

2023-03-18 15:14:05,070: INFO - 56.071622582119105
2023-03-18 15:14:05,070: INFO - thread #14 - x264      , 78788 commands, cpi 55.892:
0: alu - 28339 cmds (35.968675432807025%)
1: alu_st_ld - 18818 cmds (23.884347870234045%)
2: fp_st_ld - 9169 cmds (11.637559019139971%)
3: misc_st_ld - 7734 cmds (9.816215667360511%)
4: misc - 7268 cmds (9.224755038838401%)
5: br - 3937 cmds (4.99695385084023%)
6: fp - 3059 cmds (3.8825709498908463%)
7: st_ld - 463 cmds (0.5876529420723968%)
8: br_st_ld - 1 cmds (0.0012692288165710515%)

2023-03-18 15:14:05,095: INFO - 55.891620551353
2023-03-18 15:14:05,095: INFO - thread #15 - x264      , 78788 commands, cpi 56.295:
0: alu - 28297 cmds (35.915367822511044%)
1: alu_st_ld - 18864 cmds (23.942732395796313%)
2: fp_st_ld - 9228 cmds (11.712443519317663%)
3: misc_st_ld - 7958 cmds (10.100522922272427%)
4: misc - 7326 cmds (9.298370310199523%)
5: br - 3934 cmds (4.993146164390517%)
6: fp - 3046 cmds (3.8660709752754228%)
7: st_ld - 134 cmds (0.17007666142052089%)
8: br_st_ld - 1 cmds (0.0012692288165710515%)

2023-03-18 15:14:05,117: INFO - 56.29522262273443
2023-03-18 15:14:05,117: INFO - thread #16 - x264      , 78788 commands, cpi 56.047:
0: alu - 28289 cmds (35.90521399197847%)
1: alu_st_ld - 18894 cmds (23.980809260293444%)
2: fp_st_ld - 9207 cmds (11.68578971416967%)
3: misc_st_ld - 7627 cmds (9.68040818398741%)
4: misc - 7323 cmds (9.29456262374981%)
5: br - 3932 cmds (4.990607706757374%)
6: fp - 3052 cmds (3.873686348174849%)
7: st_ld - 463 cmds (0.5876529420723968%)
8: br_st_ld - 1 cmds (0.0012692288165710515%)

2023-03-18 15:14:05,137: INFO - 56.046783774178806
2023-03-18 15:14:05,137: INFO - thread #17 - x264      , 78788 commands, cpi 55.99:
0: alu - 28311 cmds (35.93313702594304%)
1: alu_st_ld - 18865 cmds (23.944001624612884%)
2: fp_st_ld - 9278 cmds (11.775904960146216%)
3: misc_st_ld - 7580 cmds (9.620754429608569%)
4: misc - 7313 cmds (9.281870335584099%)
5: br - 3929 cmds (4.986800020307661%)
6: fp - 3048 cmds (3.8686094329085647%)
7: st_ld - 463 cmds (0.5876529420723968%)
8: br_st_ld - 1 cmds (0.0012692288165710515%)

2023-03-18 15:14:05,162: INFO - 55.99008732294258
2023-03-18 15:14:05,162: INFO - thread #18 - x264      , 78788 commands, cpi 56.322:
0: alu - 28363 cmds (35.99913692440473%)
1: alu_st_ld - 18987 cmds (24.098847540234555%)
2: fp_st_ld - 9314 cmds (11.821597197542774%)
3: misc_st_ld - 7419 cmds (9.41640859014063%)
4: misc - 7240 cmds (9.189216631974412%)
5: br - 3935 cmds (4.994415393207087%)
6: fp - 3064 cmds (3.8889170939737014%)
7: st_ld - 465 cmds (0.5901913997055389%)
8: br_st_ld - 1 cmds (0.0012692288165710515%)

2023-03-18 15:14:05,182: INFO - 56.322269888815555
2023-03-18 15:14:05,182: INFO - thread #19 - x264      , 78788 commands, cpi 56.307:
0: alu - 28351 cmds (35.98390617860588%)
1: alu_st_ld - 18871 cmds (23.95161699751231%)
2: fp_st_ld - 9193 cmds (11.668020510737676%)
3: misc_st_ld - 7654 cmds (9.714677362034827%)
4: misc - 7294 cmds (9.25775498806925%)
5: br - 3931 cmds (4.989338477940803%)
6: fp - 3026 cmds (3.8406863989440017%)
7: st_ld - 467 cmds (0.592729857338681%)
8: br_st_ld - 1 cmds (0.0012692288165710515%)

2023-03-18 15:14:05,205: INFO - 56.30716606589836
2023-03-18 15:14:05,205: INFO - thread #20 - x264      , 78788 commands, cpi 56.364:
0: alu - 28239 cmds (35.84175255114992%)
1: alu_st_ld - 18871 cmds (23.95161699751231%)
2: fp_st_ld - 9151 cmds (11.614712900441692%)
3: misc_st_ld - 7695 cmds (9.76671574351424%)
4: misc - 7390 cmds (9.37960095446007%)
5: br - 3932 cmds (4.990607706757374%)
6: fp - 3042 cmds (3.8609940600091384%)
7: st_ld - 467 cmds (0.592729857338681%)
8: br_st_ld - 1 cmds (0.0012692288165710515%)

2023-03-18 15:14:05,235: INFO - 56.36350713306595
2023-03-18 15:14:05,235: INFO - execution unit summary:
2023-03-18 15:14:05,235: INFO - == st_ld Unit ======= 
Usage: 1.531%
2023-03-18 15:14:05,235: INFO - == alu Unit ========= 
Usage: 18.449%
2023-03-18 15:14:05,235: INFO - == alu Unit ========= 
Usage: 8.263%
2023-03-18 15:14:05,235: INFO - == alu_st_ld Unit === 
Usage: 37.322%
2023-03-18 15:14:05,235: INFO - == alu_st_ld Unit === 
Usage: 25.304%
2023-03-18 15:14:05,235: INFO - == fp Unit ========== 
Usage: 14.369%
2023-03-18 15:14:05,235: INFO - == fp_st_ld Unit ==== 
Usage: 48.426%
2023-03-18 15:14:05,235: INFO - == br Unit ========== 
Usage: 2.974%
2023-03-18 15:14:05,235: INFO - == br Unit ========== 
Usage: 0.738%
2023-03-18 15:14:05,235: INFO - == br_st_ld Unit ==== 
Usage: 0.001%
2023-03-18 15:14:05,235: INFO - == misc Unit ======== 
Usage: 27.632%
2023-03-18 15:14:05,235: INFO - == misc_st_ld Unit == 
Usage: 34.37%
2023-03-18 15:14:05,236: INFO - total cpi:2.689642125825301
2023-03-18 15:14:05,236: INFO - fairness:0.9999796468969286
2023-03-18 15:14:05,236: INFO - [56.14797938772402, 56.077740265014974, 56.365537899172466, 56.19523277656496, 56.311519520739196, 56.10711021983043, 55.38969132355181, 56.48216733512718, 56.17543280702645, 56.365766360359444, 55.761816520282274, 55.85948367771742, 55.87102096766005, 56.071622582119105, 55.891620551353, 56.29522262273443, 56.046783774178806, 55.99008732294258, 56.322269888815555, 56.30716606589836, 56.36350713306595]
2023-03-18 15:48:19,818: INFO - thread summary:
2023-03-18 15:48:19,818: INFO - thread #0  - x264      , 78788 commands, cpi 55.406:
0: alu - 28273 cmds (35.88490633091334%)
1: alu_st_ld - 18948 cmds (24.049347616388282%)
2: fp_st_ld - 9232 cmds (11.717520434583946%)
3: misc_st_ld - 7724 cmds (9.803523379194802%)
4: misc - 7331 cmds (9.304716454282378%)
5: br - 3924 cmds (4.980453876224805%)
6: fp - 3070 cmds (3.896532466873128%)
7: st_ld - 285 cmds (0.36173021272274963%)
8: br_st_ld - 1 cmds (0.0012692288165710515%)

2023-03-18 15:48:19,837: INFO - 55.40553129918262
2023-03-18 15:48:19,837: INFO - thread #1  - x264      , 78788 commands, cpi 55.001:
0: alu - 28283 cmds (35.89759861907905%)
1: alu_st_ld - 18975 cmds (24.083616794435702%)
2: fp_st_ld - 9394 cmds (11.923135502868456%)
3: misc_st_ld - 7501 cmds (9.520485353099456%)
4: misc - 7287 cmds (9.248870386353252%)
5: br - 3941 cmds (5.002030766106514%)
6: fp - 3090 cmds (3.921917043204549%)
7: st_ld - 316 cmds (0.4010763060364523%)
8: br_st_ld - 1 cmds (0.0012692288165710515%)

2023-03-18 15:48:19,854: INFO - 55.000736152713614
2023-03-18 15:48:19,854: INFO - thread #2  - x264      , 78788 commands, cpi 55.346:
0: alu - 28301 cmds (35.92044473777732%)
1: alu_st_ld - 18971 cmds (24.078539879169416%)
2: fp_st_ld - 9458 cmds (12.004366147129005%)
3: misc_st_ld - 7513 cmds (9.535716098898309%)
4: misc - 7266 cmds (9.22221658120526%)
5: br - 3932 cmds (4.990607706757374%)
6: fp - 3103 cmds (3.9384170178199724%)
7: st_ld - 243 cmds (0.3084226024267655%)
8: br_st_ld - 1 cmds (0.0012692288165710515%)

2023-03-18 15:48:19,873: INFO - 55.34634715946591
2023-03-18 15:48:19,873: INFO - thread #3  - x264      , 78788 commands, cpi 55.217:
0: alu - 28236 cmds (35.837944864700205%)
1: alu_st_ld - 18926 cmds (24.02142458242372%)
2: fp_st_ld - 9338 cmds (11.852058689140478%)
3: misc_st_ld - 7491 cmds (9.507793064933747%)
4: misc - 7340 cmds (9.316139513631517%)
5: br - 3938 cmds (4.998223079656801%)
6: fp - 3086 cmds (3.9168401279382645%)
7: st_ld - 432 cmds (0.5483068487586942%)
8: br_st_ld - 1 cmds (0.0012692288165710515%)

2023-03-18 15:48:19,893: INFO - 55.217050819921816
2023-03-18 15:48:19,893: INFO - thread #4  - x264      , 78788 commands, cpi 54.904:
0: alu - 28222 cmds (35.820175661268216%)
1: alu_st_ld - 18969 cmds (24.076001421536276%)
2: fp_st_ld - 9323 cmds (11.833020256891912%)
3: misc_st_ld - 7475 cmds (9.48748540386861%)
4: misc - 7356 cmds (9.336447174696655%)
5: br - 3936 cmds (4.995684622023658%)
6: fp - 3089 cmds (3.9206478143879777%)
7: st_ld - 417 cmds (0.5292684165101285%)
8: br_st_ld - 1 cmds (0.0012692288165710515%)

2023-03-18 15:48:19,911: INFO - 54.9040209168909
2023-03-18 15:48:19,911: INFO - thread #5  - x264      , 78788 commands, cpi 54.678:
0: alu - 28263 cmds (35.87221404274763%)
1: alu_st_ld - 18891 cmds (23.977001573843733%)
2: fp_st_ld - 9232 cmds (11.717520434583946%)
3: misc_st_ld - 7873 cmds (9.992638472863888%)
4: misc - 7304 cmds (9.27044727623496%)
5: br - 3936 cmds (4.995684622023658%)
6: fp - 3099 cmds (3.9333401025536885%)
7: st_ld - 189 cmds (0.23988424633192873%)
8: br_st_ld - 1 cmds (0.0012692288165710515%)

2023-03-18 15:48:19,929: INFO - 54.678022033812255
2023-03-18 15:48:19,929: INFO - thread #6  - x264      , 78788 commands, cpi 55.443:
0: alu - 28174 cmds (35.759252678072805%)
1: alu_st_ld - 18976 cmds (24.08488602325227%)
2: fp_st_ld - 9373 cmds (11.896481697720466%)
3: misc_st_ld - 7490 cmds (9.506523836117175%)
4: misc - 7431 cmds (9.431639335939483%)
5: br - 3923 cmds (4.979184647408235%)
6: fp - 3077 cmds (3.9054170685891254%)
7: st_ld - 343 cmds (0.43534548408387064%)
8: br_st_ld - 1 cmds (0.0012692288165710515%)

2023-03-18 15:48:19,947: INFO - 55.44349393308626
2023-03-18 15:48:19,948: INFO - thread #7  - x264      , 78788 commands, cpi 55.063:
0: alu - 28255 cmds (35.862060212215056%)
1: alu_st_ld - 18948 cmds (24.049347616388282%)
2: fp_st_ld - 9339 cmds (11.85332791795705%)
3: misc_st_ld - 7547 cmds (9.578869878661726%)
4: misc - 7338 cmds (9.313601055998376%)
5: br - 3930 cmds (4.988069249124232%)
6: fp - 3075 cmds (3.902878610955983%)
7: st_ld - 355 cmds (0.4505762298827233%)
8: br_st_ld - 1 cmds (0.0012692288165710515%)

2023-03-18 15:48:19,965: INFO - 55.06276336497944
2023-03-18 15:48:19,965: INFO - thread #8  - x264      , 78788 commands, cpi 55.29:
0: alu - 28268 cmds (35.878560186830484%)
1: alu_st_ld - 18922 cmds (24.016347667157437%)
2: fp_st_ld - 9328 cmds (11.839366400974768%)
3: misc_st_ld - 7529 cmds (9.556023759963447%)
4: misc - 7353 cmds (9.332639488246942%)
5: br - 3934 cmds (4.993146164390517%)
6: fp - 3041 cmds (3.8597248311925676%)
7: st_ld - 412 cmds (0.5229222724272732%)
8: br_st_ld - 1 cmds (0.0012692288165710515%)

2023-03-18 15:48:19,983: INFO - 55.29047570696045
2023-03-18 15:48:19,983: INFO - thread #9  - x264      , 78788 commands, cpi 54.865:
0: alu - 28108 cmds (35.67548357617911%)
1: alu_st_ld - 18958 cmds (24.06203990455399%)
2: fp_st_ld - 9293 cmds (11.794943392394782%)
3: misc_st_ld - 7596 cmds (9.641062090673707%)
4: misc - 7466 cmds (9.47606234451947%)
5: br - 3943 cmds (5.004569223739656%)
6: fp - 3080 cmds (3.9092247550388386%)
7: st_ld - 343 cmds (0.43534548408387064%)
8: br_st_ld - 1 cmds (0.0012692288165710515%)

2023-03-18 15:48:20,000: INFO - 54.864941361628674
2023-03-18 15:48:20,000: INFO - thread #10 - x264      , 78788 commands, cpi 55.041:
0: alu - 28262 cmds (35.870944813931054%)
1: alu_st_ld - 19005 cmds (24.121693658932834%)
2: fp_st_ld - 9345 cmds (11.860943290856476%)
3: misc_st_ld - 7361 cmds (9.34279331877951%)
4: misc - 7310 cmds (9.278062649134386%)
5: br - 3929 cmds (4.986800020307661%)
6: fp - 3104 cmds (3.9396862466365437%)
7: st_ld - 471 cmds (0.5978067726049652%)
8: br_st_ld - 1 cmds (0.0012692288165710515%)

2023-03-18 15:48:20,020: INFO - 55.04061532213027
2023-03-18 15:48:20,020: INFO - thread #11 - x264      , 78788 commands, cpi 54.963:
0: alu - 28278 cmds (35.89125247499619%)
1: alu_st_ld - 18948 cmds (24.049347616388282%)
2: fp_st_ld - 9336 cmds (11.849520231507336%)
3: misc_st_ld - 7478 cmds (9.491293090318322%)
4: misc - 7311 cmds (9.279331877950957%)
5: br - 3933 cmds (4.991876935573945%)
6: fp - 3078 cmds (3.906686297405696%)
7: st_ld - 425 cmds (0.5394222470426968%)
8: br_st_ld - 1 cmds (0.0012692288165710515%)

2023-03-18 15:48:20,037: INFO - 54.962608519063814
2023-03-18 15:48:20,037: INFO - thread #12 - x264      , 78788 commands, cpi 55.178:
0: alu - 28248 cmds (35.85317561049906%)
1: alu_st_ld - 18933 cmds (24.030309184139718%)
2: fp_st_ld - 9336 cmds (11.849520231507336%)
3: misc_st_ld - 7555 cmds (9.589023709194294%)
4: misc - 7338 cmds (9.313601055998376%)
5: br - 3931 cmds (4.989338477940803%)
6: fp - 3083 cmds (3.9130324414885513%)
7: st_ld - 363 cmds (0.4607300604152917%)
8: br_st_ld - 1 cmds (0.0012692288165710515%)

2023-03-18 15:48:20,055: INFO - 55.17771741889628
2023-03-18 15:48:20,055: INFO - thread #13 - x264      , 78788 commands, cpi 55.031:
0: alu - 28354 cmds (35.98771386505559%)
1: alu_st_ld - 18992 cmds (24.10519368431741%)
2: fp_st_ld - 9277 cmds (11.774635731329644%)
3: misc_st_ld - 7497 cmds (9.515408437833173%)
4: misc - 7235 cmds (9.182870487891558%)
5: br - 3940 cmds (5.000761537289943%)
6: fp - 3075 cmds (3.902878610955983%)
7: st_ld - 417 cmds (0.5292684165101285%)
8: br_st_ld - 1 cmds (0.0012692288165710515%)

2023-03-18 15:48:20,072: INFO - 55.03107072142966
2023-03-18 15:48:20,072: INFO - thread #14 - x264      , 78788 commands, cpi 55.384:
0: alu - 28313 cmds (35.935675483576176%)
1: alu_st_ld - 18915 cmds (24.00746306544144%)
2: fp_st_ld - 9459 cmds (12.005635375945575%)
3: misc_st_ld - 7367 cmds (9.350408691678936%)
4: misc - 7288 cmds (9.250139615169823%)
5: br - 3938 cmds (4.998223079656801%)
6: fp - 3064 cmds (3.8889170939737014%)
7: st_ld - 443 cmds (0.5622683657409758%)
8: br_st_ld - 1 cmds (0.0012692288165710515%)

2023-03-18 15:48:20,090: INFO - 55.38404325531807
2023-03-18 15:48:20,090: INFO - thread #15 - x264      , 78788 commands, cpi 55.206:
0: alu - 28204 cmds (35.79732954256993%)
1: alu_st_ld - 18869 cmds (23.94907853987917%)
2: fp_st_ld - 9468 cmds (12.017058435294715%)
3: misc_st_ld - 7584 cmds (9.625831344874854%)
4: misc - 7388 cmds (9.377062496826928%)
5: br - 3935 cmds (4.994415393207087%)
6: fp - 3072 cmds (3.89907092450627%)
7: st_ld - 267 cmds (0.33888409402447073%)
8: br_st_ld - 1 cmds (0.0012692288165710515%)

2023-03-18 15:48:20,108: INFO - 55.20636391328629
2023-03-18 15:48:20,108: INFO - thread #16 - x264      , 78788 commands, cpi 54.921:
0: alu - 28282 cmds (35.89632939026248%)
1: alu_st_ld - 18912 cmds (24.003655378991724%)
2: fp_st_ld - 9263 cmds (11.75686652789765%)
3: misc_st_ld - 7607 cmds (9.655023607655988%)
4: misc - 7316 cmds (9.285678022033812%)
5: br - 3936 cmds (4.995684622023658%)
6: fp - 3069 cmds (3.895263238056557%)
7: st_ld - 402 cmds (0.5102299842615626%)
8: br_st_ld - 1 cmds (0.0012692288165710515%)

2023-03-18 15:48:20,125: INFO - 54.92134589023709
2023-03-18 15:48:20,125: INFO - thread #17 - x264      , 78788 commands, cpi 55.225:
0: alu - 28294 cmds (35.91156013606133%)
1: alu_st_ld - 18979 cmds (24.088693709701985%)
2: fp_st_ld - 9318 cmds (11.826674112809057%)
3: misc_st_ld - 7739 cmds (9.822561811443366%)
4: misc - 7294 cmds (9.25775498806925%)
5: br - 3935 cmds (4.994415393207087%)
6: fp - 3076 cmds (3.904147839772554%)
7: st_ld - 152 cmds (0.19292278011879982%)
8: br_st_ld - 1 cmds (0.0012692288165710515%)

2023-03-18 15:48:20,144: INFO - 55.2252754226532
2023-03-18 15:48:20,144: INFO - thread #18 - x264      , 78788 commands, cpi 55.248:
0: alu - 28268 cmds (35.878560186830484%)
1: alu_st_ld - 18907 cmds (23.99730923490887%)
2: fp_st_ld - 9423 cmds (11.959943138549018%)
3: misc_st_ld - 7440 cmds (9.443062395288623%)
4: misc - 7310 cmds (9.278062649134386%)
5: br - 3940 cmds (5.000761537289943%)
6: fp - 3084 cmds (3.9143016703051225%)
7: st_ld - 415 cmds (0.5267299588769864%)
8: br_st_ld - 1 cmds (0.0012692288165710515%)

2023-03-18 15:48:20,163: INFO - 55.24817231050414
2023-03-18 15:48:20,163: INFO - execution unit summary:
2023-03-18 15:48:20,163: INFO - == st_ld Unit ======= 
Usage: 1.361%
2023-03-18 15:48:20,163: INFO - == alu Unit ========= 
Usage: 16.905%
2023-03-18 15:48:20,163: INFO - == alu Unit ========= 
Usage: 7.676%
2023-03-18 15:48:20,163: INFO - == alu_st_ld Unit === 
Usage: 34.476%
2023-03-18 15:48:20,163: INFO - == alu_st_ld Unit === 
Usage: 23.411%
2023-03-18 15:48:20,163: INFO - == fp Unit ========== 
Usage: 13.395%
2023-03-18 15:48:20,163: INFO - == fp_st_ld Unit ==== 
Usage: 44.897%
2023-03-18 15:48:20,163: INFO - == br Unit ========== 
Usage: 2.729%
2023-03-18 15:48:20,163: INFO - == br Unit ========== 
Usage: 0.694%
2023-03-18 15:48:20,163: INFO - == br_st_ld Unit ==== 
Usage: 0.001%
2023-03-18 15:48:20,163: INFO - == misc Unit ======== 
Usage: 25.504%
2023-03-18 15:48:20,163: INFO - == misc_st_ld Unit == 
Usage: 31.23%
2023-03-18 15:48:20,163: INFO - total cpi:2.91809466042117
2023-03-18 15:48:20,163: INFO - fairness:0.9999863572562984
2023-03-18 15:48:20,163: INFO - [55.40553129918262, 55.000736152713614, 55.34634715946591, 55.217050819921816, 54.9040209168909, 54.678022033812255, 55.44349393308626, 55.06276336497944, 55.29047570696045, 54.864941361628674, 55.04061532213027, 54.962608519063814, 55.17771741889628, 55.03107072142966, 55.38404325531807, 55.20636391328629, 54.92134589023709, 55.2252754226532, 55.24817231050414]
