2023-03-15 10:17:11,183: INFO - thread summary:
2023-03-15 10:17:11,263: INFO - thread #0  - perl      , 381317 commands, cpi 15.537:
0: alu - 130559 cmds (34.23896652916078%)
1: alu_st_ld - 80904 cmds (21.216992685875532%)
2: br - 53158 cmds (13.940632072527581%)
3: st_ld - 40042 cmds (10.500974255016168%)
4: misc_st_ld - 39525 cmds (10.365391524636982%)
5: misc - 36781 cmds (9.645780282547067%)
6: br_st_ld - 249 cmds (0.06529999973775101%)
7: fp_st_ld - 99 cmds (0.025962650498141965%)

2023-03-15 10:17:11,359: INFO - 15.537387527962299
2023-03-15 10:17:11,359: INFO - thread #1  - perl      , 381317 commands, cpi 15.44:
0: alu - 130628 cmds (34.257061709811%)
1: alu_st_ld - 81020 cmds (21.247413569287495%)
2: br - 53160 cmds (13.941156570517444%)
3: st_ld - 40353 cmds (10.582533692439624%)
4: misc_st_ld - 39108 cmds (10.256033693750869%)
5: misc - 36701 cmds (9.624800362952609%)
6: br_st_ld - 247 cmds (0.06477550174788956%)
7: fp_st_ld - 100 cmds (0.026224899493072693%)

2023-03-15 10:17:11,463: INFO - 15.439990873734976
2023-03-15 10:17:11,463: INFO - thread #2  - perl      , 381317 commands, cpi 15.6:
0: alu - 130415 cmds (34.201202673890755%)
1: alu_st_ld - 80968 cmds (21.233776621551097%)
2: br - 53175 cmds (13.945090305441404%)
3: st_ld - 40291 cmds (10.56627425475392%)
4: misc_st_ld - 39285 cmds (10.302451765853608%)
5: misc - 36834 cmds (9.659679479278395%)
6: br_st_ld - 249 cmds (0.06529999973775101%)
7: fp_st_ld - 100 cmds (0.026224899493072693%)

2023-03-15 10:17:11,598: INFO - 15.59970051164779
2023-03-15 10:17:11,599: INFO - thread #3  - perl      , 381317 commands, cpi 15.484:
0: alu - 130735 cmds (34.28512235226859%)
1: alu_st_ld - 80913 cmds (21.21935292682991%)
2: br - 53185 cmds (13.947712795390713%)
3: st_ld - 40544 cmds (10.632623250471392%)
4: misc_st_ld - 39003 cmds (10.228497549283142%)
5: misc - 36589 cmds (9.595428475520368%)
6: br_st_ld - 249 cmds (0.06529999973775101%)
7: fp_st_ld - 99 cmds (0.025962650498141965%)

2023-03-15 10:17:11,698: INFO - 15.484064439823035
2023-03-15 10:17:11,698: INFO - thread #4  - perl      , 381317 commands, cpi 15.361:
0: alu - 130787 cmds (34.29875930000498%)
1: alu_st_ld - 81162 cmds (21.28465292656766%)
2: br - 53160 cmds (13.941156570517444%)
3: st_ld - 40431 cmds (10.60298911404422%)
4: misc_st_ld - 38799 cmds (10.174998754317274%)
5: misc - 36630 cmds (9.606180684312527%)
6: br_st_ld - 249 cmds (0.06529999973775101%)
7: fp_st_ld - 99 cmds (0.025962650498141965%)

2023-03-15 10:17:11,799: INFO - 15.36054778570061
2023-03-15 10:17:11,799: INFO - execution unit summary:
2023-03-15 10:17:11,799: INFO - == st_ld Unit ======= 
Usage: 22.046%
2023-03-15 10:17:11,799: INFO - == alu Unit ========= 
Usage: 11.137%
2023-03-15 10:17:11,799: INFO - == alu Unit ========= 
Usage: 10.823%
2023-03-15 10:17:11,799: INFO - == alu_st_ld Unit === 
Usage: 21.374%
2023-03-15 10:17:11,799: INFO - == alu_st_ld Unit === 
Usage: 20.61%
2023-03-15 10:17:11,799: INFO - == fp Unit ========== 
Usage: 0.0%
2023-03-15 10:17:11,799: INFO - == fp_st_ld Unit ==== 
Usage: 0.086%
2023-03-15 10:17:11,799: INFO - == br Unit ========== 
Usage: 6.62%
2023-03-15 10:17:11,799: INFO - == br Unit ========== 
Usage: 4.236%
2023-03-15 10:17:11,799: INFO - == br_st_ld Unit ==== 
Usage: 0.057%
2023-03-15 10:17:11,799: INFO - == misc Unit ======== 
Usage: 24.683%
2023-03-15 10:17:11,799: INFO - == misc_st_ld Unit == 
Usage: 26.871%
2023-03-15 10:17:11,799: INFO - total cpi:3.119941675823527
2023-03-15 10:17:11,799: INFO - fairness:0.999972094479419
2023-03-15 10:17:11,799: INFO - [15.537387527962299, 15.439990873734976, 15.59970051164779, 15.484064439823035, 15.36054778570061]
