2023-03-18 19:13:01,386: INFO - thread summary:
2023-03-18 19:13:01,387: INFO - thread #0  - deepsjeng , 79007 commands, cpi 32.572:
0: st_ld - 45807 cmds (57.97840697659701%)
1: misc_st_ld - 26129 cmds (33.0717531357981%)
2: br - 2943 cmds (3.724986393610693%)
3: alu - 2678 cmds (3.3895730758034097%)
4: misc - 850 cmds (1.0758540382497754%)
5: alu_st_ld - 600 cmds (0.7594263799410179%)

2023-03-18 19:13:01,399: INFO - 32.57191134962725
2023-03-18 19:13:01,399: INFO - thread #1  - deepsjeng , 79007 commands, cpi 33.011:
0: st_ld - 46487 cmds (58.83909020719683%)
1: misc_st_ld - 25441 cmds (32.20094422013239%)
2: br - 2947 cmds (3.730049236143633%)
3: alu - 2702 cmds (3.4199501310010505%)
4: misc - 823 cmds (1.0416798511524294%)
5: alu_st_ld - 607 cmds (0.7682863543736631%)

2023-03-18 19:13:01,409: INFO - 33.011036996721806
2023-03-18 19:13:01,409: INFO - thread #2  - deepsjeng , 79007 commands, cpi 33.686:
0: st_ld - 47356 cmds (59.938992747478075%)
1: misc_st_ld - 24572 cmds (31.101041679851154%)
2: br - 2964 cmds (3.751566316908628%)
3: alu - 2687 cmds (3.400964471502525%)
4: misc - 821 cmds (1.0391484298859595%)
5: alu_st_ld - 607 cmds (0.7682863543736631%)

2023-03-18 19:13:01,423: INFO - 33.6862936195527
2023-03-18 19:13:01,423: INFO - thread #3  - deepsjeng , 79007 commands, cpi 32.834:
0: st_ld - 46482 cmds (58.832761654030655%)
1: misc_st_ld - 25450 cmds (32.212335615831506%)
2: br - 2925 cmds (3.702203602212462%)
3: alu - 2686 cmds (3.39969876086929%)
4: misc - 864 cmds (1.0935739871150658%)
5: alu_st_ld - 600 cmds (0.7594263799410179%)

2023-03-18 19:13:01,438: INFO - 32.83440707785386
2023-03-18 19:13:01,438: INFO - execution unit summary:
2023-03-18 19:13:01,438: INFO - == st_ld Unit ======= 
Usage: 44.485%
2023-03-18 19:13:01,438: INFO - == alu Unit ========= 
Usage: 0.42%
2023-03-18 19:13:01,438: INFO - == alu Unit ========= 
Usage: 0.388%
2023-03-18 19:13:01,438: INFO - == alu_st_ld Unit === 
Usage: 0.28%
2023-03-18 19:13:01,438: INFO - == alu_st_ld Unit === 
Usage: 0.275%
2023-03-18 19:13:01,438: INFO - == fp Unit ========== 
Usage: 0.0%
2023-03-18 19:13:01,438: INFO - == fp_st_ld Unit ==== 
Usage: 0.0%
2023-03-18 19:13:01,438: INFO - == br Unit ========== 
Usage: 0.506%
2023-03-18 19:13:01,438: INFO - == br Unit ========== 
Usage: 0.454%
2023-03-18 19:13:01,438: INFO - == br_st_ld Unit ==== 
Usage: 0.0%
2023-03-18 19:13:01,438: INFO - == misc Unit ======== 
Usage: 1.009%
2023-03-18 19:13:01,438: INFO - == misc_st_ld Unit == 
Usage: 31.012%
2023-03-18 19:13:01,438: INFO - total cpi:8.421582897717924
2023-03-18 19:13:01,438: INFO - fairness:0.9998468917379629
2023-03-18 19:13:01,438: INFO - [32.57191134962725, 33.011036996721806, 33.6862936195527, 32.83440707785386]
