2023-03-18 19:08:42,958: INFO - thread summary:
2023-03-18 19:08:42,959: INFO - thread #0  - deepsjeng , 79007 commands, cpi 27.811:
0: st_ld - 54612 cmds (69.12298910223144%)
1: misc_st_ld - 17324 cmds (21.927171010163658%)
2: br - 2888 cmds (3.655372308782766%)
3: alu - 2673 cmds (3.3832445226372347%)
4: misc - 911 cmds (1.1530623868771122%)
5: alu_st_ld - 599 cmds (0.7581606693077828%)

2023-03-18 19:08:42,971: INFO - 27.81113065930867
2023-03-18 19:08:42,971: INFO - thread #1  - deepsjeng , 79007 commands, cpi 27.922:
0: st_ld - 54829 cmds (69.39764830964344%)
1: misc_st_ld - 17109 cmds (21.655043224018126%)
2: br - 2930 cmds (3.7085321553786375%)
3: alu - 2686 cmds (3.39969876086929%)
4: misc - 854 cmds (1.0809168807827154%)
5: alu_st_ld - 599 cmds (0.7581606693077828%)

2023-03-18 19:08:42,985: INFO - 27.921513283633097
2023-03-18 19:08:42,985: INFO - execution unit summary:
2023-03-18 19:08:42,985: INFO - == st_ld Unit ======= 
Usage: 31.269%
2023-03-18 19:08:42,985: INFO - == alu Unit ========= 
Usage: 0.252%
2023-03-18 19:08:42,985: INFO - == alu Unit ========= 
Usage: 0.233%
2023-03-18 19:08:42,985: INFO - == alu_st_ld Unit === 
Usage: 0.169%
2023-03-18 19:08:42,985: INFO - == alu_st_ld Unit === 
Usage: 0.164%
2023-03-18 19:08:42,985: INFO - == fp Unit ========== 
Usage: 0.0%
2023-03-18 19:08:42,985: INFO - == fp_st_ld Unit ==== 
Usage: 0.0%
2023-03-18 19:08:42,985: INFO - == br Unit ========== 
Usage: 0.303%
2023-03-18 19:08:42,985: INFO - == br Unit ========== 
Usage: 0.274%
2023-03-18 19:08:42,985: INFO - == br_st_ld Unit ==== 
Usage: 0.0%
2023-03-18 19:08:42,985: INFO - == misc Unit ======== 
Usage: 0.64%
2023-03-18 19:08:42,985: INFO - == misc_st_ld Unit == 
Usage: 12.643%
2023-03-18 19:08:42,985: INFO - total cpi:13.96076929892288
2023-03-18 19:08:42,985: INFO - fairness:0.9999960773421044
2023-03-18 19:08:42,985: INFO - [27.81113065930867, 27.921513283633097]
