2023-03-18 18:39:20,288: INFO - thread summary:
2023-03-18 18:39:20,288: INFO - thread #0  - mcf       , 90848 commands, cpi 44.107:
0: alu - 30732 cmds (33.827932370553015%)
1: alu_st_ld - 26456 cmds (29.121169425854173%)
2: br - 15569 cmds (17.137416343783023%)
3: misc - 7035 cmds (7.743703768932723%)
4: misc_st_ld - 6829 cmds (7.5169513913349775%)
5: st_ld - 4176 cmds (4.596688974991194%)
6: br_st_ld - 51 cmds (0.0561377245508982%)

2023-03-18 18:39:20,316: INFO - 44.107245068686154
2023-03-18 18:39:20,316: INFO - thread #1  - mcf       , 90848 commands, cpi 44.227:
0: alu - 30694 cmds (33.78610426206411%)
1: alu_st_ld - 26580 cmds (29.257661148291653%)
2: br - 15566 cmds (17.13411412469179%)
3: misc - 7085 cmds (7.798740753786545%)
4: misc_st_ld - 6705 cmds (7.380459668897499%)
5: st_ld - 4167 cmds (4.586782317717506%)
6: br_st_ld - 51 cmds (0.0561377245508982%)

2023-03-18 18:39:20,344: INFO - 44.22664230362804
2023-03-18 18:39:20,344: INFO - thread #2  - mcf       , 90848 commands, cpi 44.298:
0: alu - 30787 cmds (33.88847305389221%)
1: alu_st_ld - 26590 cmds (29.268668545262415%)
2: br - 15569 cmds (17.137416343783023%)
3: misc - 7012 cmds (7.718386755899965%)
4: misc_st_ld - 6696 cmds (7.370553011623811%)
5: st_ld - 4143 cmds (4.560364564987672%)
6: br_st_ld - 51 cmds (0.0561377245508982%)

2023-03-18 18:39:20,367: INFO - 44.29794822120465
2023-03-18 18:39:20,367: INFO - thread #3  - mcf       , 90848 commands, cpi 44.32:
0: alu - 30679 cmds (33.76959316660796%)
1: alu_st_ld - 26625 cmds (29.30719443466009%)
2: br - 15578 cmds (17.14732300105671%)
3: misc - 7083 cmds (7.796539274392392%)
4: misc_st_ld - 6660 cmds (7.33092638252906%)
5: st_ld - 4172 cmds (4.5922860162028885%)
6: br_st_ld - 51 cmds (0.0561377245508982%)

2023-03-18 18:39:20,390: INFO - 44.32038129623107
2023-03-18 18:39:20,390: INFO - thread #4  - mcf       , 90848 commands, cpi 44.356:
0: alu - 30539 cmds (33.61548960901726%)
1: alu_st_ld - 26588 cmds (29.266467065868262%)
2: br - 15588 cmds (17.158330398027474%)
3: misc - 7168 cmds (7.890102148643889%)
4: misc_st_ld - 6698 cmds (7.372754491017964%)
5: st_ld - 4216 cmds (4.640718562874252%)
6: br_st_ld - 51 cmds (0.0561377245508982%)

2023-03-18 18:39:20,415: INFO - 44.35644152870729
2023-03-18 18:39:20,415: INFO - thread #5  - mcf       , 90848 commands, cpi 44.402:
0: alu - 30726 cmds (33.82132793237055%)
1: alu_st_ld - 26651 cmds (29.33581366678408%)
2: br - 15590 cmds (17.160531877421626%)
3: misc - 7025 cmds (7.732696371961959%)
4: misc_st_ld - 6635 cmds (7.303407890102148%)
5: st_ld - 4170 cmds (4.590084536808735%)
6: br_st_ld - 51 cmds (0.0561377245508982%)

2023-03-18 18:39:20,439: INFO - 44.40168193025713
2023-03-18 18:39:20,440: INFO - thread #6  - mcf       , 90848 commands, cpi 44.317:
0: alu - 30596 cmds (33.67823177175062%)
1: alu_st_ld - 26638 cmds (29.321504050722087%)
2: br - 15563 cmds (17.130811905600563%)
3: misc - 7168 cmds (7.890102148643889%)
4: misc_st_ld - 6647 cmds (7.316616766467066%)
5: st_ld - 4185 cmds (4.606595632264882%)
6: br_st_ld - 51 cmds (0.0561377245508982%)

2023-03-18 18:39:20,465: INFO - 44.3167158330398
2023-03-18 18:39:20,465: INFO - thread #7  - mcf       , 90848 commands, cpi 44.411:
0: alu - 30648 cmds (33.73547023599859%)
1: alu_st_ld - 26601 cmds (29.280776681930256%)
2: br - 15552 cmds (17.118703768932722%)
3: misc - 7159 cmds (7.880195491370201%)
4: misc_st_ld - 6684 cmds (7.357344135258894%)
5: st_ld - 4153 cmds (4.571371961958436%)
6: br_st_ld - 51 cmds (0.0561377245508982%)

2023-03-18 18:39:20,491: INFO - 44.41061993659739
2023-03-18 18:39:20,491: INFO - thread #8  - mcf       , 90848 commands, cpi 44.342:
0: alu - 30828 cmds (33.93360338147235%)
1: alu_st_ld - 26577 cmds (29.25435892920042%)
2: br - 15543 cmds (17.108797111659033%)
3: misc - 6987 cmds (7.690868263473054%)
4: misc_st_ld - 6708 cmds (7.383761887988729%)
5: st_ld - 4154 cmds (4.572472701655513%)
6: br_st_ld - 51 cmds (0.0561377245508982%)

2023-03-18 18:39:20,518: INFO - 44.34169161676647
2023-03-18 18:39:20,518: INFO - thread #9  - mcf       , 90848 commands, cpi 44.049:
0: alu - 30645 cmds (33.73216801690736%)
1: alu_st_ld - 26599 cmds (29.278575202536103%)
2: br - 15567 cmds (17.13521486438887%)
3: misc - 7117 cmds (7.833964424092991%)
4: misc_st_ld - 6687 cmds (7.3606463543501235%)
5: st_ld - 4182 cmds (4.6032934131736525%)
6: br_st_ld - 51 cmds (0.0561377245508982%)

2023-03-18 18:39:20,545: INFO - 44.049115005283554
2023-03-18 18:39:20,545: INFO - thread #10 - mcf       , 90848 commands, cpi 44.148:
0: alu - 30689 cmds (33.78060056357872%)
1: alu_st_ld - 26489 cmds (29.157493835857696%)
2: br - 15587 cmds (17.157229658330397%)
3: misc - 7053 cmds (7.763517083480099%)
4: misc_st_ld - 6796 cmds (7.480626981331454%)
5: st_ld - 4183 cmds (4.6043941528707295%)
6: br_st_ld - 51 cmds (0.0561377245508982%)

2023-03-18 18:39:20,574: INFO - 44.14812654103557
2023-03-18 18:39:20,574: INFO - thread #11 - mcf       , 90848 commands, cpi 44.216:
0: alu - 30630 cmds (33.71565692145121%)
1: alu_st_ld - 26504 cmds (29.174004931313842%)
2: br - 15581 cmds (17.15062522014794%)
3: misc - 7142 cmds (7.861482916519901%)
4: misc_st_ld - 6781 cmds (7.464115885875308%)
5: st_ld - 4159 cmds (4.577976400140894%)
6: br_st_ld - 51 cmds (0.0561377245508982%)

2023-03-18 18:39:20,603: INFO - 44.21592109897851
2023-03-18 18:39:20,603: INFO - thread #12 - mcf       , 90848 commands, cpi 44.335:
0: alu - 30680 cmds (33.770693906305034%)
1: alu_st_ld - 26638 cmds (29.321504050722087%)
2: br - 15571 cmds (17.139617823177176%)
3: misc - 7106 cmds (7.82185628742515%)
4: misc_st_ld - 6647 cmds (7.316616766467066%)
5: st_ld - 4155 cmds (4.573573441352589%)
6: br_st_ld - 51 cmds (0.0561377245508982%)

2023-03-18 18:39:20,637: INFO - 44.33540639309616
2023-03-18 18:39:20,637: INFO - execution unit summary:
2023-03-18 18:39:20,637: INFO - == st_ld Unit ======= 
Usage: 11.29%
2023-03-18 18:39:20,637: INFO - == alu Unit ========= 
Usage: 12.436%
2023-03-18 18:39:20,637: INFO - == alu Unit ========= 
Usage: 7.336%
2023-03-18 18:39:20,637: INFO - == alu_st_ld Unit === 
Usage: 31.688%
2023-03-18 18:39:20,637: INFO - == alu_st_ld Unit === 
Usage: 23.961%
2023-03-18 18:39:20,637: INFO - == fp Unit ========== 
Usage: 0.0%
2023-03-18 18:39:20,637: INFO - == fp_st_ld Unit ==== 
Usage: 0.0%
2023-03-18 18:39:20,637: INFO - == br Unit ========== 
Usage: 7.476%
2023-03-18 18:39:20,637: INFO - == br Unit ========== 
Usage: 2.558%
2023-03-18 18:39:20,637: INFO - == br_st_ld Unit ==== 
Usage: 0.046%
2023-03-18 18:39:20,637: INFO - == misc Unit ======== 
Usage: 18.27%
2023-03-18 18:39:20,637: INFO - == misc_st_ld Unit == 
Usage: 21.632%
2023-03-18 18:39:20,637: INFO - total cpi:3.4162227016555127
2023-03-18 18:39:20,637: INFO - fairness:0.9999939196020542
2023-03-18 18:39:20,637: INFO - [44.107245068686154, 44.22664230362804, 44.29794822120465, 44.32038129623107, 44.35644152870729, 44.40168193025713, 44.3167158330398, 44.41061993659739, 44.34169161676647, 44.049115005283554, 44.14812654103557, 44.21592109897851, 44.33540639309616]
