2023-03-15 09:14:36,747: INFO - thread summary:
2023-03-15 09:14:36,821: INFO - thread #0  - bwave     , 21594 commands, cpi 11.601:
0: alu - 7800 cmds (36.12114476243401%)
1: alu_st_ld - 5163 cmds (23.909419283134206%)
2: br - 3057 cmds (14.156710197277022%)
3: misc_st_ld - 2271 cmds (10.516810225062518%)
4: misc - 2133 cmds (9.877743817727147%)
5: st_ld - 1164 cmds (5.390386218393998%)
6: br_st_ld - 3 cmds (0.013892747985551542%)
7: fp_st_ld - 2 cmds (0.009261831990367694%)
8: fp - 1 cmds (0.004630915995183847%)

2023-03-15 09:14:46,117: INFO - 11.601417060294526
2023-03-15 09:14:46,120: INFO - thread #1  - bwave     , 21594 commands, cpi 11.129:
0: alu - 7814 cmds (36.18597758636658%)
1: alu_st_ld - 5179 cmds (23.983513939057147%)
2: br - 3060 cmds (14.170602945262573%)
3: misc_st_ld - 2221 cmds (10.285264425303325%)
4: misc - 2106 cmds (9.752709085857182%)
5: st_ld - 1208 cmds (5.594146522182087%)
6: br_st_ld - 3 cmds (0.013892747985551542%)
7: fp_st_ld - 2 cmds (0.009261831990367694%)
8: fp - 1 cmds (0.004630915995183847%)

2023-03-15 09:14:48,375: INFO - 11.128832082986015
2023-03-15 09:14:48,375: INFO - thread #2  - bwave     , 21594 commands, cpi 11.489:
0: alu - 7749 cmds (35.88496804667963%)
1: alu_st_ld - 5164 cmds (23.914050199129388%)
2: br - 3055 cmds (14.147448365286653%)
3: misc_st_ld - 2269 cmds (10.507548393072149%)
4: misc - 2164 cmds (10.021302213577846%)
5: st_ld - 1187 cmds (5.496897286283227%)
6: br_st_ld - 3 cmds (0.013892747985551542%)
7: fp_st_ld - 2 cmds (0.009261831990367694%)
8: fp - 1 cmds (0.004630915995183847%)

2023-03-15 09:14:50,184: INFO - 11.489117347411318
2023-03-15 09:14:50,185: INFO - execution unit summary:
2023-03-15 09:14:50,185: INFO - == st_ld Unit ======= 
Usage: 9.048%
2023-03-15 09:14:50,187: INFO - == alu Unit ========= 
Usage: 9.629%
2023-03-15 09:14:50,187: INFO - == alu Unit ========= 
Usage: 9.022%
2023-03-15 09:14:50,187: INFO - == alu_st_ld Unit === 
Usage: 18.975%
2023-03-15 09:14:50,187: INFO - == alu_st_ld Unit === 
Usage: 18.91%
2023-03-15 09:14:50,187: INFO - == fp Unit ========== 
Usage: 0.012%
2023-03-15 09:14:50,187: INFO - == fp_st_ld Unit ==== 
Usage: 0.024%
2023-03-15 09:14:50,188: INFO - == br Unit ========== 
Usage: 5.503%
2023-03-15 09:14:50,188: INFO - == br Unit ========== 
Usage: 3.408%
2023-03-15 09:14:50,188: INFO - == br_st_ld Unit ==== 
Usage: 0.01%
2023-03-15 09:14:50,188: INFO - == misc Unit ======== 
Usage: 20.447%
2023-03-15 09:14:50,188: INFO - == misc_st_ld Unit == 
Usage: 21.933%
2023-03-15 09:14:50,188: INFO - total cpi:3.867154456484826
2023-03-15 09:14:50,188: INFO - fairness:0.999681571580181
2023-03-15 09:14:50,189: INFO - [11.601417060294526, 11.128832082986015, 11.489117347411318]
