2023-03-18 17:40:06,581: INFO - thread summary:
2023-03-18 17:40:06,614: INFO - thread #0  - mcf       , 90848 commands, cpi 48.838:
0: alu - 31897 cmds (35.11029411764706%)
1: alu_st_ld - 27458 cmds (30.224110602324764%)
2: br - 15519 cmds (17.0823793589292%)
3: misc - 5979 cmds (6.581322648820007%)
4: misc_st_ld - 5827 cmds (6.414010214864389%)
5: st_ld - 4117 cmds (4.531745332863684%)
6: br_st_ld - 51 cmds (0.0561377245508982%)

2023-03-18 17:40:06,637: INFO - 48.83792708700246
2023-03-18 17:40:06,637: INFO - thread #1  - mcf       , 90848 commands, cpi 48.94:
0: alu - 31862 cmds (35.07176822824938%)
1: alu_st_ld - 27445 cmds (30.209800986262767%)
2: br - 15512 cmds (17.074674181049666%)
3: misc - 6024 cmds (6.630855935188447%)
4: misc_st_ld - 5840 cmds (6.428319830926383%)
5: st_ld - 4114 cmds (4.528443113772455%)
6: br_st_ld - 51 cmds (0.0561377245508982%)

2023-03-18 17:40:06,661: INFO - 48.93965744980627
2023-03-18 17:40:06,661: INFO - thread #2  - mcf       , 90848 commands, cpi 49.127:
0: alu - 31748 cmds (34.94628390278267%)
1: alu_st_ld - 27515 cmds (30.286852765058118%)
2: br - 15535 cmds (17.099991194082424%)
3: misc - 6108 cmds (6.723318069742867%)
4: misc_st_ld - 5770 cmds (6.351268052131032%)
5: st_ld - 4121 cmds (4.53614829165199%)
6: br_st_ld - 51 cmds (0.0561377245508982%)

2023-03-18 17:40:06,691: INFO - 49.1271464424093
2023-03-18 17:40:06,691: INFO - thread #3  - mcf       , 90848 commands, cpi 49.397:
0: alu - 31846 cmds (35.05415639309616%)
1: alu_st_ld - 27555 cmds (30.330882352941178%)
2: br - 15499 cmds (17.060364564987673%)
3: misc - 6079 cmds (6.6913966185276506%)
4: misc_st_ld - 5730 cmds (6.307238464247975%)
5: st_ld - 4088 cmds (4.499823881648468%)
6: br_st_ld - 51 cmds (0.0561377245508982%)

2023-03-18 17:40:06,774: INFO - 49.39740005283551
2023-03-18 17:40:06,774: INFO - thread #4  - mcf       , 90848 commands, cpi 48.99:
0: alu - 31739 cmds (34.93637724550898%)
1: alu_st_ld - 27423 cmds (30.18558471292709%)
2: br - 15548 cmds (17.114300810144417%)
3: misc - 6158 cmds (6.778355054596689%)
4: misc_st_ld - 5862 cmds (6.452536104262064%)
5: st_ld - 4067 cmds (4.476708348009863%)
6: br_st_ld - 51 cmds (0.0561377245508982%)

2023-03-18 17:40:06,802: INFO - 48.990027298344486
2023-03-18 17:40:06,802: INFO - thread #5  - mcf       , 90848 commands, cpi 49.277:
0: alu - 31799 cmds (35.00242162733357%)
1: alu_st_ld - 27600 cmds (30.380415639309614%)
2: br - 15537 cmds (17.102192673476576%)
3: misc - 6071 cmds (6.682590700951039%)
4: misc_st_ld - 5686 cmds (6.258805917576612%)
5: st_ld - 4104 cmds (4.517435716801691%)
6: br_st_ld - 51 cmds (0.0561377245508982%)

2023-03-18 17:40:06,831: INFO - 49.27662689327228
2023-03-18 17:40:06,831: INFO - thread #6  - mcf       , 90848 commands, cpi 48.925:
0: alu - 31755 cmds (34.953989080662204%)
1: alu_st_ld - 27518 cmds (30.29015498414935%)
2: br - 15540 cmds (17.105494892567805%)
3: misc - 6086 cmds (6.699101796407185%)
4: misc_st_ld - 5767 cmds (6.347965833039803%)
5: st_ld - 4131 cmds (4.547155688622754%)
6: br_st_ld - 51 cmds (0.0561377245508982%)

2023-03-18 17:40:06,860: INFO - 48.924775449101794
2023-03-18 17:40:06,860: INFO - thread #7  - mcf       , 90848 commands, cpi 49.066:
0: alu - 31808 cmds (35.01232828460726%)
1: alu_st_ld - 27483 cmds (30.251629094751674%)
2: br - 15516 cmds (17.07907713983797%)
3: misc - 6106 cmds (6.721116590348714%)
4: misc_st_ld - 5802 cmds (6.386491722437478%)
5: st_ld - 4082 cmds (4.4932194434660095%)
6: br_st_ld - 51 cmds (0.0561377245508982%)

2023-03-18 17:40:06,889: INFO - 49.06563710813667
2023-03-18 17:40:06,889: INFO - thread #8  - mcf       , 90848 commands, cpi 48.685:
0: alu - 31685 cmds (34.87693730186685%)
1: alu_st_ld - 27291 cmds (30.040287072912996%)
2: br - 15520 cmds (17.08348009862628%)
3: misc - 6204 cmds (6.828989080662205%)
4: misc_st_ld - 5994 cmds (6.597833744276153%)
5: st_ld - 4103 cmds (4.516334977104615%)
6: br_st_ld - 51 cmds (0.0561377245508982%)

2023-03-18 17:40:06,919: INFO - 48.684968298696724
2023-03-18 17:40:06,919: INFO - thread #9  - mcf       , 90848 commands, cpi 49.317:
0: alu - 31838 cmds (35.04535047551955%)
1: alu_st_ld - 27588 cmds (30.367206762944697%)
2: br - 15521 cmds (17.084580838323355%)
3: misc - 6032 cmds (6.639661852765058%)
4: misc_st_ld - 5697 cmds (6.270914054244452%)
5: st_ld - 4121 cmds (4.53614829165199%)
6: br_st_ld - 51 cmds (0.0561377245508982%)

2023-03-18 17:40:07,004: INFO - 49.31715612891863
2023-03-18 17:40:07,004: INFO - thread #10 - mcf       , 90848 commands, cpi 49.107:
0: alu - 31762 cmds (34.96169425854174%)
1: alu_st_ld - 27554 cmds (30.3297816132441%)
2: br - 15541 cmds (17.10659563226488%)
3: misc - 6080 cmds (6.692497358224727%)
4: misc_st_ld - 5731 cmds (6.308339203945051%)
5: st_ld - 4129 cmds (4.544954209228601%)
6: br_st_ld - 51 cmds (0.0561377245508982%)

2023-03-18 17:40:07,036: INFO - 49.106727721028534
2023-03-18 17:40:07,036: INFO - thread #11 - mcf       , 90848 commands, cpi 48.809:
0: alu - 31771 cmds (34.97160091581543%)
1: alu_st_ld - 27469 cmds (30.2362187389926%)
2: br - 15518 cmds (17.081278619232123%)
3: misc - 6110 cmds (6.72551954913702%)
4: misc_st_ld - 5816 cmds (6.401902078196548%)
5: st_ld - 4113 cmds (4.527342374075379%)
6: br_st_ld - 51 cmds (0.0561377245508982%)

2023-03-18 17:40:07,072: INFO - 48.80936289186333
2023-03-18 17:40:07,072: INFO - thread #12 - mcf       , 90848 commands, cpi 49.256:
0: alu - 31854 cmds (35.06296231067277%)
1: alu_st_ld - 27600 cmds (30.380415639309614%)
2: br - 15526 cmds (17.090084536808735%)
3: misc - 6027 cmds (6.634158154279676%)
4: misc_st_ld - 5685 cmds (6.257705177879535%)
5: st_ld - 4105 cmds (4.518536456498767%)
6: br_st_ld - 51 cmds (0.0561377245508982%)

2023-03-18 17:40:07,119: INFO - 49.25614212750968
2023-03-18 17:40:07,119: INFO - thread #13 - mcf       , 90848 commands, cpi 49.091:
0: alu - 31853 cmds (35.061861570975694%)
1: alu_st_ld - 27455 cmds (30.220808383233532%)
2: br - 15517 cmds (17.080177879535047%)
3: misc - 6038 cmds (6.6462662909475165%)
4: misc_st_ld - 5831 cmds (6.418413173652695%)
5: st_ld - 4103 cmds (4.516334977104615%)
6: br_st_ld - 51 cmds (0.0561377245508982%)

2023-03-18 17:40:07,155: INFO - 49.090700951039096
2023-03-18 17:40:07,155: INFO - thread #14 - mcf       , 90848 commands, cpi 49.019:
0: alu - 31825 cmds (35.031040859457555%)
1: alu_st_ld - 27423 cmds (30.18558471292709%)
2: br - 15540 cmds (17.105494892567805%)
3: misc - 6043 cmds (6.651769989432899%)
4: misc_st_ld - 5863 cmds (6.45363684395914%)
5: st_ld - 4103 cmds (4.516334977104615%)
6: br_st_ld - 51 cmds (0.0561377245508982%)

2023-03-18 17:40:07,191: INFO - 49.018954737583655
2023-03-18 17:40:07,191: INFO - execution unit summary:
2023-03-18 17:40:07,191: INFO - == st_ld Unit ======= 
Usage: 12.038%
2023-03-18 17:40:07,194: INFO - == alu Unit ========= 
Usage: 13.749%
2023-03-18 17:40:07,194: INFO - == alu Unit ========= 
Usage: 7.511%
2023-03-18 17:40:07,194: INFO - == alu_st_ld Unit === 
Usage: 34.474%
2023-03-18 17:40:07,194: INFO - == alu_st_ld Unit === 
Usage: 25.615%
2023-03-18 17:40:07,194: INFO - == fp Unit ========== 
Usage: 0.0%
2023-03-18 17:40:07,194: INFO - == fp_st_ld Unit ==== 
Usage: 0.0%
2023-03-18 17:40:07,194: INFO - == br Unit ========== 
Usage: 7.983%
2023-03-18 17:40:07,194: INFO - == br Unit ========== 
Usage: 2.396%
2023-03-18 17:40:07,194: INFO - == br_st_ld Unit ==== 
Usage: 0.05%
2023-03-18 17:40:07,194: INFO - == misc Unit ======== 
Usage: 16.248%
2023-03-18 17:40:07,194: INFO - == misc_st_ld Unit == 
Usage: 20.967%
2023-03-18 17:40:07,194: INFO - total cpi:3.293162938828226
2023-03-18 17:40:07,194: INFO - fairness:0.9999843440783582
2023-03-18 17:40:07,194: INFO - [48.83792708700246, 48.93965744980627, 49.1271464424093, 49.39740005283551, 48.990027298344486, 49.27662689327228, 48.924775449101794, 49.06563710813667, 48.684968298696724, 49.31715612891863, 49.106727721028534, 48.80936289186333, 49.25614212750968, 49.090700951039096, 49.018954737583655]
