2023-03-15 00:49:55,176: INFO - thread summary:
2023-03-15 00:49:55,183: INFO - thread #0  - x264      , 315149 commands, cpi 11.296:
0: alu - 107236 cmds (34.02707925457482%)
1: alu_st_ld - 78952 cmds (25.052276859517246%)
2: misc - 34131 cmds (10.830115278804628%)
3: misc_st_ld - 34114 cmds (10.824721004984944%)
4: fp_st_ld - 29748 cmds (9.439344563999885%)
5: br - 15772 cmds (5.0046168637692015%)
6: fp - 13240 cmds (4.20118737486078%)
7: st_ld - 1949 cmds (0.6184376279156844%)
8: br_st_ld - 7 cmds (0.0022211715728115908%)

2023-03-15 00:49:55,792: INFO - 11.296066305144551
2023-03-15 00:49:55,792: INFO - execution unit summary:
2023-03-15 00:49:55,792: INFO - == st_ld Unit ======= 
Usage: 0.345%
2023-03-15 00:49:55,792: INFO - == alu Unit ========= 
Usage: 3.246%
2023-03-15 00:49:55,792: INFO - == alu Unit ========= 
Usage: 2.779%
2023-03-15 00:49:55,792: INFO - == alu_st_ld Unit === 
Usage: 6.796%
2023-03-15 00:49:55,792: INFO - == alu_st_ld Unit === 
Usage: 6.757%
2023-03-15 00:49:55,793: INFO - == fp Unit ========== 
Usage: 3.719%
2023-03-15 00:49:55,793: INFO - == fp_st_ld Unit ==== 
Usage: 8.549%
2023-03-15 00:49:55,793: INFO - == br Unit ========== 
Usage: 0.854%
2023-03-15 00:49:55,793: INFO - == br Unit ========== 
Usage: 0.223%
2023-03-15 00:49:55,793: INFO - == br_st_ld Unit ==== 
Usage: 0.0%
2023-03-15 00:49:55,793: INFO - == misc Unit ======== 
Usage: 7.67%
2023-03-15 00:49:55,793: INFO - == misc_st_ld Unit == 
Usage: 7.773%
2023-03-15 00:49:55,793: INFO - total cpi:11.296069478246798
2023-03-15 00:49:55,793: INFO - fairness:1.0
2023-03-15 00:49:55,793: INFO - [11.296066305144551]
