2023-03-15 00:59:02,173: INFO - thread summary:
2023-03-15 00:59:02,181: INFO - thread #0  - mcf       , 363392 commands, cpi 10.527:
0: alu - 117047 cmds (32.209569830926384%)
1: alu_st_ld - 93408 cmds (25.70447340612892%)
2: br - 59191 cmds (16.28847085241282%)
3: misc_st_ld - 40377 cmds (11.111141687213808%)
4: misc - 38159 cmds (10.500781525184925%)
5: st_ld - 15037 cmds (4.13795570623459%)
6: br_st_ld - 173 cmds (0.04760699189855583%)

2023-03-15 00:59:02,836: INFO - 10.527111218738993
2023-03-15 00:59:02,836: INFO - execution unit summary:
2023-03-15 00:59:02,836: INFO - == st_ld Unit ======= 
Usage: 2.488%
2023-03-15 00:59:02,836: INFO - == alu Unit ========= 
Usage: 3.312%
2023-03-15 00:59:02,836: INFO - == alu Unit ========= 
Usage: 2.807%
2023-03-15 00:59:02,837: INFO - == alu_st_ld Unit === 
Usage: 7.451%
2023-03-15 00:59:02,837: INFO - == alu_st_ld Unit === 
Usage: 7.47%
2023-03-15 00:59:02,837: INFO - == fp Unit ========== 
Usage: 0.0%
2023-03-15 00:59:02,837: INFO - == fp_st_ld Unit ==== 
Usage: 0.0%
2023-03-15 00:59:02,837: INFO - == br Unit ========== 
Usage: 2.297%
2023-03-15 00:59:02,837: INFO - == br Unit ========== 
Usage: 1.462%
2023-03-15 00:59:02,837: INFO - == br_st_ld Unit ==== 
Usage: 0.012%
2023-03-15 00:59:02,837: INFO - == misc Unit ======== 
Usage: 7.98%
2023-03-15 00:59:02,837: INFO - == misc_st_ld Unit == 
Usage: 8.561%
2023-03-15 00:59:02,838: INFO - total cpi:10.527113970588236
2023-03-15 00:59:02,838: INFO - fairness:1.0
2023-03-15 00:59:02,838: INFO - [10.527111218738993]
