2023-03-15 04:36:28,345: INFO - thread summary:
2023-03-15 04:36:28,346: INFO - thread #0  - bwave     , 323898 commands, cpi 21.584:
0: alu - 112057 cmds (34.59638528178624%)
1: alu_st_ld - 76483 cmds (23.613298013572173%)
2: br - 45725 cmds (14.117098592766858%)
3: misc - 36144 cmds (11.159068595669007%)
4: misc_st_ld - 35077 cmds (10.8296439002402%)
5: st_ld - 18348 cmds (5.664746309023211%)
6: fp_st_ld - 32 cmds (0.0098796534711545%)
7: br_st_ld - 18 cmds (0.0055573050775244055%)
8: fp - 14 cmds (0.004322348393630093%)

2023-03-15 04:36:28,456: INFO - 21.58423330801672
2023-03-15 04:36:28,457: INFO - thread #1  - deepsjeng , 316031 commands, cpi 63.403:
0: st_ld - 274486 cmds (86.85413772699513%)
1: misc_st_ld - 13283 cmds (4.203068686299762%)
2: alu - 10975 cmds (3.472760583613633%)
3: br - 10099 cmds (3.195572586233629%)
4: misc - 4788 cmds (1.5150412459537197%)
5: alu_st_ld - 2400 cmds (0.7594191709041201%)

2023-03-15 04:36:28,602: INFO - 63.403001604273
2023-03-15 04:36:28,602: INFO - thread #2  - fotonik3d , 331368 commands, cpi 20.675:
0: alu - 114057 cmds (34.42004055913667%)
1: alu_st_ld - 74821 cmds (22.5794283093117%)
2: br - 46925 cmds (14.160993216001545%)
3: misc - 36687 cmds (11.07137683783588%)
4: misc_st_ld - 33712 cmds (10.173583448009463%)
5: st_ld - 25112 cmds (7.57828154800705%)
6: fp - 31 cmds (0.009355158011636609%)
7: fp_st_ld - 20 cmds (0.006035585813959103%)
8: br_st_ld - 3 cmds (0.0009053378720938654%)

2023-03-15 04:36:28,732: INFO - 20.674506892639
2023-03-15 04:36:28,733: INFO - thread #3  - gcc       , 292366 commands, cpi 21.121:
0: alu - 106654 cmds (36.479618013038454%)
1: alu_st_ld - 55336 cmds (18.926961411381626%)
2: br - 39785 cmds (13.607943468118728%)
3: misc - 33254 cmds (11.374099587503334%)
4: st_ld - 31469 cmds (10.763563478653468%)
5: misc_st_ld - 25720 cmds (8.797192560010398%)
6: br_st_ld - 148 cmds (0.05062148129399451%)

2023-03-15 04:36:28,850: INFO - 21.121440249550222
2023-03-15 04:36:28,850: INFO - thread #4  - mcf       , 363392 commands, cpi 21.225:
0: alu - 114108 cmds (31.400801338499473%)
1: alu_st_ld - 92639 cmds (25.492856199365974%)
2: br - 59387 cmds (16.342407097569566%)
3: misc_st_ld - 41146 cmds (11.322758893976753%)
4: misc - 40426 cmds (11.124625748502995%)
5: st_ld - 15513 cmds (4.2689437301866855%)
6: br_st_ld - 173 cmds (0.04760699189855583%)

2023-03-15 04:36:28,989: INFO - 21.224768294293764
2023-03-15 04:36:28,990: INFO - thread #5  - perl      , 381317 commands, cpi 22.796:
0: alu - 124523 cmds (32.65603159575891%)
1: alu_st_ld - 79650 cmds (20.8881324462324%)
2: br - 53647 cmds (14.068871831048707%)
3: st_ld - 43434 cmds (11.390522845821193%)
4: misc - 41230 cmds (10.812526060993871%)
5: misc_st_ld - 38490 cmds (10.09396381488368%)
6: br_st_ld - 247 cmds (0.06477550174788956%)
7: fp_st_ld - 96 cmds (0.025175903513349786%)

2023-03-15 04:36:29,141: INFO - 22.795854892386124
2023-03-15 04:36:29,142: INFO - thread #6  - x264      , 315149 commands, cpi 21.839:
0: alu - 107542 cmds (34.124176183329155%)
1: alu_st_ld - 72942 cmds (23.14524240914615%)
2: fp_st_ld - 36924 cmds (11.716362736356453%)
3: misc - 33784 cmds (10.72000863083811%)
4: misc_st_ld - 33043 cmds (10.48488175434477%)
5: br - 15770 cmds (5.003982243319826%)
6: fp - 13261 cmds (4.207850889579215%)
7: st_ld - 1876 cmds (0.5952739815135063%)
8: br_st_ld - 7 cmds (0.0022211715728115908%)

2023-03-15 04:36:29,269: INFO - 21.839469584228414
2023-03-15 04:36:29,269: INFO - execution unit summary:
2023-03-15 04:36:29,269: INFO - == st_ld Unit ======= 
Usage: 13.959%
2023-03-15 04:36:29,270: INFO - == alu Unit ========= 
Usage: 3.484%
2023-03-15 04:36:29,270: INFO - == alu Unit ========= 
Usage: 3.402%
2023-03-15 04:36:29,270: INFO - == alu_st_ld Unit === 
Usage: 7.293%
2023-03-15 04:36:29,270: INFO - == alu_st_ld Unit === 
Usage: 6.93%
2023-03-15 04:36:29,270: INFO - == fp Unit ========== 
Usage: 0.664%
2023-03-15 04:36:29,270: INFO - == fp_st_ld Unit ==== 
Usage: 1.951%
2023-03-15 04:36:29,270: INFO - == br Unit ========== 
Usage: 1.993%
2023-03-15 04:36:29,270: INFO - == br Unit ========== 
Usage: 1.296%
2023-03-15 04:36:29,270: INFO - == br_st_ld Unit ==== 
Usage: 0.008%
2023-03-15 04:36:29,270: INFO - == misc Unit ======== 
Usage: 9.036%
2023-03-15 04:36:29,270: INFO - == misc_st_ld Unit == 
Usage: 9.104%
2023-03-15 04:36:29,270: INFO - total cpi:8.623686207269055
2023-03-15 04:36:29,270: INFO - fairness:0.9379791031248526
2023-03-15 04:36:29,270: INFO - [21.58423330801672, 63.403001604273, 20.674506892639, 21.121440249550222, 21.224768294293764, 22.795854892386124, 21.839469584228414]
