2023-03-15 01:00:30,191: INFO - thread summary:
2023-03-15 01:00:30,192: INFO - thread #0  - perl      , 381317 commands, cpi 10.97:
0: alu - 130615 cmds (34.2536524728769%)
1: alu_st_ld - 79731 cmds (20.90937461482179%)
2: br - 53204 cmds (13.952695526294395%)
3: st_ld - 45378 cmds (11.900334891966526%)
4: misc - 36378 cmds (9.540093937589985%)
5: misc_st_ld - 35664 cmds (9.352848155209445%)
6: br_st_ld - 248 cmds (0.06503775074282028%)
7: fp_st_ld - 99 cmds (0.025962650498141965%)

2023-03-15 01:00:30,422: INFO - 10.969670903736262
2023-03-15 01:00:30,422: INFO - execution unit summary:
2023-03-15 01:00:30,422: INFO - == st_ld Unit ======= 
Usage: 6.865%
2023-03-15 01:00:30,422: INFO - == alu Unit ========= 
Usage: 3.163%
2023-03-15 01:00:30,422: INFO - == alu Unit ========= 
Usage: 3.082%
2023-03-15 01:00:30,422: INFO - == alu_st_ld Unit === 
Usage: 5.928%
2023-03-15 01:00:30,422: INFO - == alu_st_ld Unit === 
Usage: 5.722%
2023-03-15 01:00:30,422: INFO - == fp Unit ========== 
Usage: 0.0%
2023-03-15 01:00:30,422: INFO - == fp_st_ld Unit ==== 
Usage: 0.024%
2023-03-15 01:00:30,422: INFO - == br Unit ========== 
Usage: 1.883%
2023-03-15 01:00:30,422: INFO - == br Unit ========== 
Usage: 1.212%
2023-03-15 01:00:30,422: INFO - == br_st_ld Unit ==== 
Usage: 0.015%
2023-03-15 01:00:30,422: INFO - == misc Unit ======== 
Usage: 6.957%
2023-03-15 01:00:30,422: INFO - == misc_st_ld Unit == 
Usage: 6.914%
2023-03-15 01:00:30,422: INFO - total cpi:10.969673526226211
2023-03-15 01:00:30,422: INFO - fairness:1.0
2023-03-15 01:00:30,422: INFO - [10.969670903736262]
