2023-03-15 00:52:32,011: INFO - thread summary:
2023-03-15 00:52:32,013: INFO - thread #0  - fotonik3d , 331368 commands, cpi 9.947:
0: alu - 119157 cmds (35.95911494169624%)
1: alu_st_ld - 74315 cmds (22.426727988218538%)
2: br - 46496 cmds (14.031529900292123%)
3: misc_st_ld - 33346 cmds (10.063132227614012%)
4: misc - 33153 cmds (10.004888824509306%)
5: st_ld - 24848 cmds (7.498611815262789%)
6: fp - 28 cmds (0.008449820139542744%)
7: fp_st_ld - 22 cmds (0.006639144395355013%)
8: br_st_ld - 3 cmds (0.0009053378720938654%)

2023-03-15 00:52:32,467: INFO - 9.946799328842857
2023-03-15 00:52:32,468: INFO - execution unit summary:
2023-03-15 00:52:32,468: INFO - == st_ld Unit ======= 
Usage: 4.771%
2023-03-15 00:52:32,468: INFO - == alu Unit ========= 
Usage: 3.659%
2023-03-15 00:52:32,468: INFO - == alu Unit ========= 
Usage: 3.571%
2023-03-15 00:52:32,468: INFO - == alu_st_ld Unit === 
Usage: 6.895%
2023-03-15 00:52:32,468: INFO - == alu_st_ld Unit === 
Usage: 6.878%
2023-03-15 00:52:32,468: INFO - == fp Unit ========== 
Usage: 0.008%
2023-03-15 00:52:32,468: INFO - == fp_st_ld Unit ==== 
Usage: 0.007%
2023-03-15 00:52:32,468: INFO - == br Unit ========== 
Usage: 2.114%
2023-03-15 00:52:32,468: INFO - == br Unit ========== 
Usage: 1.31%
2023-03-15 00:52:32,468: INFO - == br_st_ld Unit ==== 
Usage: 0.0%
2023-03-15 00:52:32,468: INFO - == misc Unit ======== 
Usage: 8.047%
2023-03-15 00:52:32,468: INFO - == misc_st_ld Unit == 
Usage: 8.207%
2023-03-15 00:52:32,469: INFO - total cpi:9.946802346635765
2023-03-15 00:52:32,469: INFO - fairness:1.0
2023-03-15 00:52:32,469: INFO - [9.946799328842857]
