2023-03-15 01:05:32,412: INFO - thread summary:
2023-03-15 01:05:32,414: INFO - thread #0  - deepsjeng , 316031 commands, cpi 29.579:
0: st_ld - 286730 cmds (90.72844119722433%)
1: alu - 11179 cmds (3.537311213140483%)
2: br - 10370 cmds (3.281323667614886%)
3: misc - 4317 cmds (1.3660052336637862%)
4: alu_st_ld - 2398 cmds (0.7587863215950335%)
5: misc_st_ld - 1037 cmds (0.3281323667614886%)

2023-03-15 01:05:32,564: INFO - 29.57897484740421
2023-03-15 01:05:32,564: INFO - execution unit summary:
2023-03-15 01:05:32,564: INFO - == st_ld Unit ======= 
Usage: 19.423%
2023-03-15 01:05:32,565: INFO - == alu Unit ========= 
Usage: 0.125%
2023-03-15 01:05:32,565: INFO - == alu Unit ========= 
Usage: 0.114%
2023-03-15 01:05:32,565: INFO - == alu_st_ld Unit === 
Usage: 0.081%
2023-03-15 01:05:32,565: INFO - == alu_st_ld Unit === 
Usage: 0.076%
2023-03-15 01:05:32,565: INFO - == fp Unit ========== 
Usage: 0.0%
2023-03-15 01:05:32,565: INFO - == fp_st_ld Unit ==== 
Usage: 0.0%
2023-03-15 01:05:32,565: INFO - == br Unit ========== 
Usage: 0.142%
2023-03-15 01:05:32,565: INFO - == br Unit ========== 
Usage: 0.127%
2023-03-15 01:05:32,565: INFO - == br_st_ld Unit ==== 
Usage: 0.0%
2023-03-15 01:05:32,565: INFO - == misc Unit ======== 
Usage: 0.369%
2023-03-15 01:05:32,565: INFO - == misc_st_ld Unit == 
Usage: 0.09%
2023-03-15 01:05:32,565: INFO - total cpi:29.578978011650754
2023-03-15 01:05:32,565: INFO - fairness:1.0
2023-03-15 01:05:32,565: INFO - [29.57897484740421]
