2023-03-15 00:52:23,339: INFO - thread summary:
2023-03-15 00:52:23,345: INFO - thread #0  - bwave     , 323898 commands, cpi 10.589:
0: alu - 115428 cmds (35.637145027138175%)
1: alu_st_ld - 76532 cmds (23.62842623294988%)
2: br - 45565 cmds (14.067700325411087%)
3: misc_st_ld - 33661 cmds (10.392469234141613%)
4: misc - 33355 cmds (10.297995047823697%)
5: st_ld - 19291 cmds (5.955887347251295%)
6: fp_st_ld - 34 cmds (0.010497131813101655%)
7: br_st_ld - 18 cmds (0.0055573050775244055%)
8: fp - 14 cmds (0.004322348393630093%)

2023-03-15 00:52:23,769: INFO - 10.588833521664228
2023-03-15 00:52:23,769: INFO - execution unit summary:
2023-03-15 00:52:23,769: INFO - == st_ld Unit ======= 
Usage: 3.566%
2023-03-15 00:52:23,769: INFO - == alu Unit ========= 
Usage: 3.489%
2023-03-15 00:52:23,769: INFO - == alu Unit ========= 
Usage: 3.242%
2023-03-15 00:52:23,769: INFO - == alu_st_ld Unit === 
Usage: 6.879%
2023-03-15 00:52:23,769: INFO - == alu_st_ld Unit === 
Usage: 6.759%
2023-03-15 00:52:23,769: INFO - == fp Unit ========== 
Usage: 0.004%
2023-03-15 00:52:23,769: INFO - == fp_st_ld Unit ==== 
Usage: 0.01%
2023-03-15 00:52:23,769: INFO - == br Unit ========== 
Usage: 2.013%
2023-03-15 00:52:23,769: INFO - == br Unit ========== 
Usage: 1.214%
2023-03-15 00:52:23,769: INFO - == br_st_ld Unit ==== 
Usage: 0.001%
2023-03-15 00:52:23,769: INFO - == misc Unit ======== 
Usage: 7.78%
2023-03-15 00:52:23,769: INFO - == misc_st_ld Unit == 
Usage: 7.961%
2023-03-15 00:52:23,769: INFO - total cpi:10.588836609055937
2023-03-15 00:52:23,769: INFO - fairness:1.0
2023-03-15 00:52:23,769: INFO - [10.588833521664228]
