2023-03-15 00:49:06,160: INFO - thread summary:
2023-03-15 00:49:06,166: INFO - thread #0  - gcc       , 292366 commands, cpi 10.095:
0: alu - 110565 cmds (37.81732485993584%)
1: alu_st_ld - 54937 cmds (18.790488634109302%)
2: br - 39937 cmds (13.659933097555804%)
3: st_ld - 32354 cmds (11.066266255310126%)
4: misc - 29890 cmds (10.22348699917227%)
5: misc_st_ld - 24536 cmds (8.392220709658442%)
6: br_st_ld - 147 cmds (0.05027944425822428%)

2023-03-15 00:49:06,800: INFO - 10.094586921871901
2023-03-15 00:49:06,801: INFO - execution unit summary:
2023-03-15 00:49:06,801: INFO - == st_ld Unit ======= 
Usage: 6.94%
2023-03-15 00:49:06,801: INFO - == alu Unit ========= 
Usage: 3.791%
2023-03-15 00:49:06,801: INFO - == alu Unit ========= 
Usage: 3.702%
2023-03-15 00:49:06,801: INFO - == alu_st_ld Unit === 
Usage: 6.001%
2023-03-15 00:49:06,801: INFO - == alu_st_ld Unit === 
Usage: 5.375%
2023-03-15 00:49:06,802: INFO - == fp Unit ========== 
Usage: 0.0%
2023-03-15 00:49:06,802: INFO - == fp_st_ld Unit ==== 
Usage: 0.0%
2023-03-15 00:49:06,802: INFO - == br Unit ========== 
Usage: 2.014%
2023-03-15 00:49:06,802: INFO - == br Unit ========== 
Usage: 1.274%
2023-03-15 00:49:06,802: INFO - == br_st_ld Unit ==== 
Usage: 0.013%
2023-03-15 00:49:06,802: INFO - == misc Unit ======== 
Usage: 8.102%
2023-03-15 00:49:06,802: INFO - == misc_st_ld Unit == 
Usage: 6.743%
2023-03-15 00:49:06,802: INFO - total cpi:10.094590342242258
2023-03-15 00:49:06,802: INFO - fairness:1.0
2023-03-15 00:49:06,802: INFO - [10.094586921871901]
